{"/Users/tihonove/workspace/vexx/src/main.ts": {"path":"/Users/tihonove/workspace/vexx/src/main.ts","statementMap":{"0":{"start":{"line":5,"column":16},"end":{"line":5,"column":null}},"1":{"start":{"line":6,"column":12},"end":{"line":6,"column":null}},"2":{"start":{"line":8,"column":13},"end":{"line":8,"column":null}},"3":{"start":{"line":9,"column":0},"end":{"line":11,"column":null}},"4":{"start":{"line":10,"column":4},"end":{"line":10,"column":null}},"5":{"start":{"line":13,"column":0},"end":{"line":13,"column":null}},"6":{"start":{"line":14,"column":0},"end":{"line":14,"column":null}}},"fnMap":{"0":{"name":"(anonymous_0)","decl":{"start":{"line":9,"column":34},"end":{"line":9,"column":35}},"loc":{"start":{"line":9,"column":45},"end":{"line":11,"column":1}},"line":9}},"branchMap":{},"s":{"0":0,"1":0,"2":0,"3":0,"4":0,"5":0,"6":0},"f":{"0":0},"b":{},"meta":{"lastBranch":0,"lastFunction":1,"lastStatement":7,"seen":{"s:5:16:5:Infinity":0,"s:6:12:6:Infinity":1,"s:8:13:8:Infinity":2,"s:9:0:11:Infinity":3,"f:9:34:9:35":0,"s:10:4:10:Infinity":4,"s:13:0:13:Infinity":5,"s:14:0:14:Infinity":6}}}
,"/Users/tihonove/workspace/vexx/src/Application/TerminalScreen.ts": {"path":"/Users/tihonove/workspace/vexx/src/Application/TerminalScreen.ts","statementMap":{"0":{"start":{"line":17,"column":35},"end":{"line":17,"column":null}},"1":{"start":{"line":20,"column":8},"end":{"line":20,"column":null}},"2":{"start":{"line":23,"column":8},"end":{"line":23,"column":null}},"3":{"start":{"line":27,"column":8},"end":{"line":27,"column":null}},"4":{"start":{"line":28,"column":8},"end":{"line":28,"column":null}},"5":{"start":{"line":32,"column":8},"end":{"line":32,"column":null}},"6":{"start":{"line":36,"column":23},"end":{"line":36,"column":null}},"7":{"start":{"line":37,"column":8},"end":{"line":37,"column":null}},"8":{"start":{"line":37,"column":37},"end":{"line":37,"column":null}},"9":{"start":{"line":38,"column":8},"end":{"line":38,"column":null}},"10":{"start":{"line":38,"column":35},"end":{"line":38,"column":null}},"11":{"start":{"line":39,"column":8},"end":{"line":39,"column":null}},"12":{"start":{"line":39,"column":35},"end":{"line":39,"column":null}},"13":{"start":{"line":40,"column":8},"end":{"line":40,"column":null}},"14":{"start":{"line":40,"column":38},"end":{"line":40,"column":null}},"15":{"start":{"line":44,"column":8},"end":{"line":44,"column":null}},"16":{"start":{"line":48,"column":8},"end":{"line":48,"column":null}}},"fnMap":{"0":{"name":"(anonymous_0)","decl":{"start":{"line":19,"column":15},"end":{"line":19,"column":31}},"loc":{"start":{"line":19,"column":31},"end":{"line":21,"column":null}},"line":19},"1":{"name":"(anonymous_1)","decl":{"start":{"line":22,"column":15},"end":{"line":22,"column":32}},"loc":{"start":{"line":22,"column":32},"end":{"line":24,"column":null}},"line":22},"2":{"name":"(anonymous_2)","decl":{"start":{"line":26,"column":11},"end":{"line":26,"column":23}},"loc":{"start":{"line":26,"column":54},"end":{"line":29,"column":null}},"line":26},"3":{"name":"(anonymous_3)","decl":{"start":{"line":31,"column":11},"end":{"line":31,"column":29}},"loc":{"start":{"line":31,"column":52},"end":{"line":33,"column":null}},"line":31},"4":{"name":"(anonymous_4)","decl":{"start":{"line":35,"column":11},"end":{"line":35,"column":19}},"loc":{"start":{"line":35,"column":58},"end":{"line":41,"column":null}},"line":35},"5":{"name":"(anonymous_5)","decl":{"start":{"line":43,"column":11},"end":{"line":43,"column":17}},"loc":{"start":{"line":43,"column":50},"end":{"line":45,"column":null}},"line":43},"6":{"name":"(anonymous_6)","decl":{"start":{"line":47,"column":11},"end":{"line":47,"column":25}},"loc":{"start":{"line":47,"column":25},"end":{"line":49,"column":null}},"line":47}},"branchMap":{"0":{"loc":{"start":{"line":26,"column":23},"end":{"line":26,"column":54}},"type":"default-arg","locations":[{"start":{"line":26,"column":36},"end":{"line":26,"column":54}}],"line":26},"1":{"loc":{"start":{"line":37,"column":8},"end":{"line":37,"column":null}},"type":"if","locations":[{"start":{"line":37,"column":8},"end":{"line":37,"column":null}},{"start":{},"end":{}}],"line":37},"2":{"loc":{"start":{"line":38,"column":8},"end":{"line":38,"column":null}},"type":"if","locations":[{"start":{"line":38,"column":8},"end":{"line":38,"column":null}},{"start":{},"end":{}}],"line":38},"3":{"loc":{"start":{"line":39,"column":8},"end":{"line":39,"column":null}},"type":"if","locations":[{"start":{"line":39,"column":8},"end":{"line":39,"column":null}},{"start":{},"end":{}}],"line":39},"4":{"loc":{"start":{"line":40,"column":8},"end":{"line":40,"column":null}},"type":"if","locations":[{"start":{"line":40,"column":8},"end":{"line":40,"column":null}},{"start":{},"end":{}}],"line":40}},"s":{"0":31,"1":3,"2":3,"3":31,"4":31,"5":0,"6":758,"7":758,"8":758,"9":758,"10":0,"11":758,"12":0,"13":758,"14":0,"15":47,"16":28},"f":{"0":3,"1":3,"2":31,"3":0,"4":758,"5":47,"6":28},"b":{"0":[31],"1":[758,0],"2":[0,758],"3":[0,758],"4":[0,758]},"meta":{"lastBranch":5,"lastFunction":7,"lastStatement":17,"seen":{"s:17:35:17:Infinity":0,"f:19:15:19:31":0,"s:20:8:20:Infinity":1,"f:22:15:22:32":1,"s:23:8:23:Infinity":2,"f:26:11:26:23":2,"b:26:36:26:54":0,"s:27:8:27:Infinity":3,"s:28:8:28:Infinity":4,"f:31:11:31:29":3,"s:32:8:32:Infinity":5,"f:35:11:35:19":4,"s:36:23:36:Infinity":6,"b:37:8:37:Infinity:undefined:undefined:undefined:undefined":1,"s:37:8:37:Infinity":7,"s:37:37:37:Infinity":8,"b:38:8:38:Infinity:undefined:undefined:undefined:undefined":2,"s:38:8:38:Infinity":9,"s:38:35:38:Infinity":10,"b:39:8:39:Infinity:undefined:undefined:undefined:undefined":3,"s:39:8:39:Infinity":11,"s:39:35:39:Infinity":12,"b:40:8:40:Infinity:undefined:undefined:undefined:undefined":4,"s:40:8:40:Infinity":13,"s:40:38:40:Infinity":14,"f:43:11:43:17":5,"s:44:8:44:Infinity":15,"f:47:11:47:25":6,"s:48:8:48:Infinity":16}}}
,"/Users/tihonove/workspace/vexx/src/Application/TuiApplication.ts": {"path":"/Users/tihonove/workspace/vexx/src/Application/TuiApplication.ts","statementMap":{"0":{"start":{"line":10,"column":37},"end":{"line":10,"column":null}},"1":{"start":{"line":14,"column":8},"end":{"line":14,"column":null}},"2":{"start":{"line":15,"column":8},"end":{"line":15,"column":null}},"3":{"start":{"line":19,"column":8},"end":{"line":25,"column":null}},"4":{"start":{"line":20,"column":12},"end":{"line":20,"column":null}},"5":{"start":{"line":21,"column":12},"end":{"line":21,"column":null}},"6":{"start":{"line":22,"column":12},"end":{"line":22,"column":null}},"7":{"start":{"line":23,"column":12},"end":{"line":23,"column":null}},"8":{"start":{"line":24,"column":12},"end":{"line":24,"column":null}},"9":{"start":{"line":29,"column":8},"end":{"line":32,"column":null}},"10":{"start":{"line":30,"column":12},"end":{"line":30,"column":null}},"11":{"start":{"line":31,"column":12},"end":{"line":31,"column":null}},"12":{"start":{"line":36,"column":8},"end":{"line":36,"column":null}},"13":{"start":{"line":37,"column":8},"end":{"line":37,"column":null}},"14":{"start":{"line":41,"column":8},"end":{"line":41,"column":null}},"15":{"start":{"line":43,"column":8},"end":{"line":50,"column":null}},"16":{"start":{"line":45,"column":12},"end":{"line":48,"column":null}},"17":{"start":{"line":46,"column":16},"end":{"line":46,"column":null}},"18":{"start":{"line":47,"column":16},"end":{"line":47,"column":null}},"19":{"start":{"line":49,"column":12},"end":{"line":49,"column":null}},"20":{"start":{"line":52,"column":8},"end":{"line":54,"column":null}},"21":{"start":{"line":53,"column":12},"end":{"line":53,"column":null}},"22":{"start":{"line":57,"column":8},"end":{"line":57,"column":null}}},"fnMap":{"0":{"name":"(anonymous_0)","decl":{"start":{"line":13,"column":11},"end":{"line":13,"column":23}},"loc":{"start":{"line":13,"column":50},"end":{"line":16,"column":null}},"line":13},"1":{"name":"(anonymous_1)","decl":{"start":{"line":18,"column":12},"end":{"line":18,"column":32}},"loc":{"start":{"line":18,"column":32},"end":{"line":26,"column":null}},"line":18},"2":{"name":"(anonymous_2)","decl":{"start":{"line":28,"column":12},"end":{"line":28,"column":24}},"loc":{"start":{"line":28,"column":52},"end":{"line":33,"column":null}},"line":28},"3":{"name":"(anonymous_3)","decl":{"start":{"line":35,"column":12},"end":{"line":35,"column":25}},"loc":{"start":{"line":35,"column":43},"end":{"line":38,"column":null}},"line":35},"4":{"name":"(anonymous_4)","decl":{"start":{"line":40,"column":11},"end":{"line":40,"column":23}},"loc":{"start":{"line":40,"column":23},"end":{"line":58,"column":null}},"line":40},"5":{"name":"(anonymous_5)","decl":{"start":{"line":43,"column":29},"end":{"line":43,"column":30}},"loc":{"start":{"line":43,"column":40},"end":{"line":50,"column":9}},"line":43},"6":{"name":"(anonymous_6)","decl":{"start":{"line":52,"column":30},"end":{"line":52,"column":31}},"loc":{"start":{"line":52,"column":40},"end":{"line":54,"column":9}},"line":52}},"branchMap":{"0":{"loc":{"start":{"line":19,"column":8},"end":{"line":25,"column":null}},"type":"if","locations":[{"start":{"line":19,"column":8},"end":{"line":25,"column":null}},{"start":{},"end":{}}],"line":19},"1":{"loc":{"start":{"line":29,"column":8},"end":{"line":32,"column":null}},"type":"if","locations":[{"start":{"line":29,"column":8},"end":{"line":32,"column":null}},{"start":{},"end":{}}],"line":29},"2":{"loc":{"start":{"line":45,"column":12},"end":{"line":48,"column":null}},"type":"if","locations":[{"start":{"line":45,"column":12},"end":{"line":48,"column":null}},{"start":{},"end":{}}],"line":45},"3":{"loc":{"start":{"line":45,"column":16},"end":{"line":45,"column":52}},"type":"binary-expr","locations":[{"start":{"line":45,"column":16},"end":{"line":45,"column":33}},{"start":{"line":45,"column":33},"end":{"line":45,"column":52}}],"line":45}},"s":{"0":10,"1":10,"2":10,"3":27,"4":27,"5":27,"6":27,"7":27,"8":27,"9":16,"10":16,"11":16,"12":2,"13":2,"14":9,"15":9,"16":16,"17":0,"18":0,"19":16,"20":9,"21":2,"22":9},"f":{"0":10,"1":27,"2":16,"3":2,"4":9,"5":16,"6":2},"b":{"0":[27,0],"1":[16,0],"2":[0,16],"3":[16,2]},"meta":{"lastBranch":4,"lastFunction":7,"lastStatement":23,"seen":{"s:10:37:10:Infinity":0,"f:13:11:13:23":0,"s:14:8:14:Infinity":1,"s:15:8:15:Infinity":2,"f:18:12:18:32":1,"b:19:8:25:Infinity:undefined:undefined:undefined:undefined":0,"s:19:8:25:Infinity":3,"s:20:12:20:Infinity":4,"s:21:12:21:Infinity":5,"s:22:12:22:Infinity":6,"s:23:12:23:Infinity":7,"s:24:12:24:Infinity":8,"f:28:12:28:24":2,"b:29:8:32:Infinity:undefined:undefined:undefined:undefined":1,"s:29:8:32:Infinity":9,"s:30:12:30:Infinity":10,"s:31:12:31:Infinity":11,"f:35:12:35:25":3,"s:36:8:36:Infinity":12,"s:37:8:37:Infinity":13,"f:40:11:40:23":4,"s:41:8:41:Infinity":14,"s:43:8:50:Infinity":15,"f:43:29:43:30":5,"b:45:12:48:Infinity:undefined:undefined:undefined:undefined":2,"s:45:12:48:Infinity":16,"b:45:16:45:33:45:33:45:52":3,"s:46:16:46:Infinity":17,"s:47:16:47:Infinity":18,"s:49:12:49:Infinity":19,"s:52:8:54:Infinity":20,"f:52:30:52:31":6,"s:53:12:53:Infinity":21,"s:57:8:57:Infinity":22}}}
,"/Users/tihonove/workspace/vexx/src/Common/GeometryPromitives.ts": {"path":"/Users/tihonove/workspace/vexx/src/Common/GeometryPromitives.ts","statementMap":{"0":{"start":{"line":6,"column":8},"end":{"line":6,"column":null}},"1":{"start":{"line":7,"column":8},"end":{"line":7,"column":null}},"2":{"start":{"line":16,"column":8},"end":{"line":16,"column":null}},"3":{"start":{"line":17,"column":8},"end":{"line":17,"column":null}},"4":{"start":{"line":26,"column":8},"end":{"line":26,"column":null}},"5":{"start":{"line":27,"column":8},"end":{"line":27,"column":null}},"6":{"start":{"line":36,"column":8},"end":{"line":36,"column":null}},"7":{"start":{"line":37,"column":8},"end":{"line":37,"column":null}},"8":{"start":{"line":41,"column":8},"end":{"line":41,"column":null}},"9":{"start":{"line":45,"column":8},"end":{"line":45,"column":null}},"10":{"start":{"line":49,"column":8},"end":{"line":49,"column":null}},"11":{"start":{"line":53,"column":8},"end":{"line":53,"column":null}}},"fnMap":{"0":{"name":"(anonymous_0)","decl":{"start":{"line":5,"column":11},"end":{"line":5,"column":23}},"loc":{"start":{"line":5,"column":45},"end":{"line":8,"column":null}},"line":5},"1":{"name":"(anonymous_1)","decl":{"start":{"line":15,"column":11},"end":{"line":15,"column":23}},"loc":{"start":{"line":15,"column":47},"end":{"line":18,"column":null}},"line":15},"2":{"name":"(anonymous_2)","decl":{"start":{"line":25,"column":11},"end":{"line":25,"column":23}},"loc":{"start":{"line":25,"column":54},"end":{"line":28,"column":null}},"line":25},"3":{"name":"(anonymous_3)","decl":{"start":{"line":35,"column":11},"end":{"line":35,"column":23}},"loc":{"start":{"line":35,"column":50},"end":{"line":38,"column":null}},"line":35},"4":{"name":"(anonymous_4)","decl":{"start":{"line":40,"column":15},"end":{"line":40,"column":27}},"loc":{"start":{"line":40,"column":27},"end":{"line":42,"column":null}},"line":40},"5":{"name":"(anonymous_5)","decl":{"start":{"line":44,"column":15},"end":{"line":44,"column":27}},"loc":{"start":{"line":44,"column":27},"end":{"line":46,"column":null}},"line":44},"6":{"name":"(anonymous_6)","decl":{"start":{"line":48,"column":15},"end":{"line":48,"column":31}},"loc":{"start":{"line":48,"column":31},"end":{"line":50,"column":null}},"line":48},"7":{"name":"(anonymous_7)","decl":{"start":{"line":52,"column":15},"end":{"line":52,"column":32}},"loc":{"start":{"line":52,"column":32},"end":{"line":54,"column":null}},"line":52}},"branchMap":{},"s":{"0":40268,"1":40268,"2":75,"3":75,"4":252,"5":252,"6":16,"7":16,"8":0,"9":0,"10":0,"11":0},"f":{"0":40268,"1":75,"2":252,"3":16,"4":0,"5":0,"6":0,"7":0},"b":{},"meta":{"lastBranch":0,"lastFunction":8,"lastStatement":12,"seen":{"f:5:11:5:23":0,"s:6:8:6:Infinity":0,"s:7:8:7:Infinity":1,"f:15:11:15:23":1,"s:16:8:16:Infinity":2,"s:17:8:17:Infinity":3,"f:25:11:25:23":2,"s:26:8:26:Infinity":4,"s:27:8:27:Infinity":5,"f:35:11:35:23":3,"s:36:8:36:Infinity":6,"s:37:8:37:Infinity":7,"f:40:15:40:27":4,"s:41:8:41:Infinity":8,"f:44:15:44:27":5,"s:45:8:45:Infinity":9,"f:48:15:48:31":6,"s:49:8:49:Infinity":10,"f:52:15:52:32":7,"s:53:8:53:Infinity":11}}}
,"/Users/tihonove/workspace/vexx/src/Common/TypingUtils.ts": {"path":"/Users/tihonove/workspace/vexx/src/Common/TypingUtils.ts","statementMap":{"0":{"start":{"line":2,"column":4},"end":{"line":2,"column":null}}},"fnMap":{"0":{"name":"reject","decl":{"start":{"line":1,"column":16},"end":{"line":1,"column":32}},"loc":{"start":{"line":1,"column":32},"end":{"line":3,"column":null}},"line":1}},"branchMap":{},"s":{"0":0},"f":{"0":0},"b":{},"meta":{"lastBranch":0,"lastFunction":1,"lastStatement":1,"seen":{"f:1:16:1:32":0,"s:2:4:2:Infinity":0}}}
,"/Users/tihonove/workspace/vexx/src/Editor/EditorViewState.ts": {"path":"/Users/tihonove/workspace/vexx/src/Editor/EditorViewState.ts","statementMap":{"0":{"start":{"line":19,"column":24},"end":{"line":19,"column":null}},"1":{"start":{"line":20,"column":23},"end":{"line":20,"column":null}},"2":{"start":{"line":23,"column":45},"end":{"line":23,"column":null}},"3":{"start":{"line":26,"column":8},"end":{"line":26,"column":null}},"4":{"start":{"line":27,"column":8},"end":{"line":27,"column":null}},"5":{"start":{"line":37,"column":8},"end":{"line":37,"column":null}},"6":{"start":{"line":45,"column":8},"end":{"line":50,"column":null}},"7":{"start":{"line":46,"column":12},"end":{"line":49,"column":null}},"8":{"start":{"line":47,"column":16},"end":{"line":47,"column":null}},"9":{"start":{"line":48,"column":16},"end":{"line":48,"column":null}},"10":{"start":{"line":57,"column":8},"end":{"line":59,"column":null}},"11":{"start":{"line":58,"column":12},"end":{"line":58,"column":null}},"12":{"start":{"line":66,"column":8},"end":{"line":68,"column":null}},"13":{"start":{"line":67,"column":12},"end":{"line":67,"column":null}},"14":{"start":{"line":77,"column":8},"end":{"line":77,"column":null}},"15":{"start":{"line":85,"column":28},"end":{"line":85,"column":null}},"16":{"start":{"line":86,"column":8},"end":{"line":88,"column":null}},"17":{"start":{"line":87,"column":12},"end":{"line":87,"column":null}},"18":{"start":{"line":89,"column":8},"end":{"line":89,"column":null}},"19":{"start":{"line":96,"column":28},"end":{"line":96,"column":null}},"20":{"start":{"line":97,"column":8},"end":{"line":99,"column":null}},"21":{"start":{"line":98,"column":12},"end":{"line":98,"column":null}},"22":{"start":{"line":100,"column":8},"end":{"line":100,"column":null}},"23":{"start":{"line":110,"column":24},"end":{"line":110,"column":null}},"24":{"start":{"line":111,"column":20},"end":{"line":111,"column":null}},"25":{"start":{"line":112,"column":8},"end":{"line":112,"column":null}},"26":{"start":{"line":120,"column":24},"end":{"line":120,"column":null}},"27":{"start":{"line":121,"column":8},"end":{"line":123,"column":null}},"28":{"start":{"line":122,"column":12},"end":{"line":122,"column":null}},"29":{"start":{"line":124,"column":8},"end":{"line":124,"column":null}},"30":{"start":{"line":132,"column":22},"end":{"line":132,"column":null}},"31":{"start":{"line":133,"column":8},"end":{"line":133,"column":null}},"32":{"start":{"line":134,"column":8},"end":{"line":134,"column":null}},"33":{"start":{"line":135,"column":8},"end":{"line":135,"column":null}},"34":{"start":{"line":142,"column":8},"end":{"line":142,"column":null}},"35":{"start":{"line":149,"column":35},"end":{"line":149,"column":null}},"36":{"start":{"line":151,"column":8},"end":{"line":165,"column":null}},"37":{"start":{"line":152,"column":18},"end":{"line":152,"column":null}},"38":{"start":{"line":153,"column":12},"end":{"line":164,"column":null}},"39":{"start":{"line":155,"column":28},"end":{"line":155,"column":null}},"40":{"start":{"line":156,"column":16},"end":{"line":161,"column":null}},"41":{"start":{"line":157,"column":20},"end":{"line":157,"column":null}},"42":{"start":{"line":158,"column":16},"end":{"line":161,"column":null}},"43":{"start":{"line":159,"column":40},"end":{"line":159,"column":null}},"44":{"start":{"line":160,"column":20},"end":{"line":160,"column":null}},"45":{"start":{"line":163,"column":16},"end":{"line":163,"column":null}},"46":{"start":{"line":167,"column":8},"end":{"line":171,"column":null}},"47":{"start":{"line":168,"column":12},"end":{"line":168,"column":null}},"48":{"start":{"line":169,"column":12},"end":{"line":169,"column":null}},"49":{"start":{"line":170,"column":12},"end":{"line":170,"column":null}},"50":{"start":{"line":182,"column":8},"end":{"line":202,"column":null}},"51":{"start":{"line":183,"column":24},"end":{"line":183,"column":null}},"52":{"start":{"line":184,"column":26},"end":{"line":184,"column":null}},"53":{"start":{"line":187,"column":12},"end":{"line":199,"column":null}},"54":{"start":{"line":188,"column":16},"end":{"line":188,"column":null}},"55":{"start":{"line":189,"column":12},"end":{"line":199,"column":null}},"56":{"start":{"line":190,"column":36},"end":{"line":190,"column":null}},"57":{"start":{"line":191,"column":16},"end":{"line":196,"column":null}},"58":{"start":{"line":192,"column":20},"end":{"line":192,"column":null}},"59":{"start":{"line":193,"column":20},"end":{"line":193,"column":null}},"60":{"start":{"line":195,"column":20},"end":{"line":195,"column":null}},"61":{"start":{"line":198,"column":16},"end":{"line":198,"column":null}},"62":{"start":{"line":201,"column":12},"end":{"line":201,"column":null}},"63":{"start":{"line":203,"column":8},"end":{"line":203,"column":null}},"64":{"start":{"line":212,"column":8},"end":{"line":231,"column":null}},"65":{"start":{"line":213,"column":24},"end":{"line":213,"column":null}},"66":{"start":{"line":214,"column":28},"end":{"line":214,"column":null}},"67":{"start":{"line":215,"column":26},"end":{"line":215,"column":null}},"68":{"start":{"line":218,"column":12},"end":{"line":228,"column":null}},"69":{"start":{"line":219,"column":16},"end":{"line":219,"column":null}},"70":{"start":{"line":221,"column":36},"end":{"line":221,"column":null}},"71":{"start":{"line":222,"column":16},"end":{"line":227,"column":null}},"72":{"start":{"line":223,"column":20},"end":{"line":223,"column":null}},"73":{"start":{"line":224,"column":20},"end":{"line":224,"column":null}},"74":{"start":{"line":226,"column":20},"end":{"line":226,"column":null}},"75":{"start":{"line":230,"column":12},"end":{"line":230,"column":null}},"76":{"start":{"line":232,"column":8},"end":{"line":232,"column":null}},"77":{"start":{"line":241,"column":8},"end":{"line":251,"column":null}},"78":{"start":{"line":242,"column":24},"end":{"line":242,"column":null}},"79":{"start":{"line":243,"column":32},"end":{"line":243,"column":null}},"80":{"start":{"line":244,"column":12},"end":{"line":249,"column":null}},"81":{"start":{"line":245,"column":22},"end":{"line":245,"column":null}},"82":{"start":{"line":246,"column":38},"end":{"line":246,"column":null}},"83":{"start":{"line":247,"column":32},"end":{"line":247,"column":null}},"84":{"start":{"line":248,"column":16},"end":{"line":248,"column":null}},"85":{"start":{"line":250,"column":12},"end":{"line":250,"column":null}},"86":{"start":{"line":252,"column":8},"end":{"line":252,"column":null}},"87":{"start":{"line":261,"column":8},"end":{"line":271,"column":null}},"88":{"start":{"line":262,"column":24},"end":{"line":262,"column":null}},"89":{"start":{"line":263,"column":32},"end":{"line":263,"column":null}},"90":{"start":{"line":264,"column":12},"end":{"line":269,"column":null}},"91":{"start":{"line":265,"column":22},"end":{"line":265,"column":null}},"92":{"start":{"line":266,"column":38},"end":{"line":266,"column":null}},"93":{"start":{"line":267,"column":32},"end":{"line":267,"column":null}},"94":{"start":{"line":268,"column":16},"end":{"line":268,"column":null}},"95":{"start":{"line":270,"column":12},"end":{"line":270,"column":null}},"96":{"start":{"line":272,"column":8},"end":{"line":272,"column":null}},"97":{"start":{"line":280,"column":8},"end":{"line":282,"column":null}},"98":{"start":{"line":281,"column":12},"end":{"line":281,"column":null}},"99":{"start":{"line":283,"column":8},"end":{"line":283,"column":null}},"100":{"start":{"line":291,"column":8},"end":{"line":294,"column":null}},"101":{"start":{"line":292,"column":28},"end":{"line":292,"column":null}},"102":{"start":{"line":293,"column":12},"end":{"line":293,"column":null}},"103":{"start":{"line":295,"column":8},"end":{"line":295,"column":null}},"104":{"start":{"line":302,"column":35},"end":{"line":302,"column":null}},"105":{"start":{"line":304,"column":8},"end":{"line":318,"column":null}},"106":{"start":{"line":305,"column":18},"end":{"line":305,"column":null}},"107":{"start":{"line":306,"column":12},"end":{"line":317,"column":null}},"108":{"start":{"line":308,"column":28},"end":{"line":308,"column":null}},"109":{"start":{"line":309,"column":32},"end":{"line":309,"column":null}},"110":{"start":{"line":310,"column":16},"end":{"line":314,"column":null}},"111":{"start":{"line":311,"column":20},"end":{"line":311,"column":null}},"112":{"start":{"line":312,"column":16},"end":{"line":314,"column":null}},"113":{"start":{"line":313,"column":20},"end":{"line":313,"column":null}},"114":{"start":{"line":316,"column":16},"end":{"line":316,"column":null}},"115":{"start":{"line":320,"column":8},"end":{"line":324,"column":null}},"116":{"start":{"line":321,"column":12},"end":{"line":321,"column":null}},"117":{"start":{"line":322,"column":12},"end":{"line":322,"column":null}},"118":{"start":{"line":323,"column":12},"end":{"line":323,"column":null}},"119":{"start":{"line":334,"column":8},"end":{"line":338,"column":null}},"120":{"start":{"line":335,"column":12},"end":{"line":337,"column":null}},"121":{"start":{"line":336,"column":16},"end":{"line":336,"column":null}},"122":{"start":{"line":349,"column":61},"end":{"line":349,"column":null}},"123":{"start":{"line":350,"column":8},"end":{"line":354,"column":null}},"124":{"start":{"line":351,"column":12},"end":{"line":353,"column":null}},"125":{"start":{"line":352,"column":16},"end":{"line":352,"column":null}},"126":{"start":{"line":357,"column":8},"end":{"line":357,"column":null}},"127":{"start":{"line":357,"column":36},"end":{"line":357,"column":51}},"128":{"start":{"line":359,"column":34},"end":{"line":359,"column":null}},"129":{"start":{"line":360,"column":26},"end":{"line":360,"column":null}},"130":{"start":{"line":362,"column":8},"end":{"line":378,"column":null}},"131":{"start":{"line":362,"column":24},"end":{"line":362,"column":27}},"132":{"start":{"line":363,"column":27},"end":{"line":363,"column":null}},"133":{"start":{"line":365,"column":12},"end":{"line":374,"column":null}},"134":{"start":{"line":365,"column":25},"end":{"line":365,"column":36}},"135":{"start":{"line":366,"column":30},"end":{"line":366,"column":null}},"136":{"start":{"line":367,"column":16},"end":{"line":369,"column":null}},"137":{"start":{"line":368,"column":20},"end":{"line":368,"column":null}},"138":{"start":{"line":370,"column":16},"end":{"line":373,"column":null}},"139":{"start":{"line":371,"column":20},"end":{"line":371,"column":null}},"140":{"start":{"line":372,"column":20},"end":{"line":372,"column":null}},"141":{"start":{"line":375,"column":12},"end":{"line":377,"column":null}},"142":{"start":{"line":376,"column":16},"end":{"line":376,"column":null}},"143":{"start":{"line":380,"column":8},"end":{"line":380,"column":null}},"144":{"start":{"line":387,"column":24},"end":{"line":387,"column":null}},"145":{"start":{"line":388,"column":27},"end":{"line":388,"column":null}},"146":{"start":{"line":389,"column":8},"end":{"line":391,"column":null}},"147":{"start":{"line":390,"column":12},"end":{"line":390,"column":null}},"148":{"start":{"line":393,"column":8},"end":{"line":399,"column":null}},"149":{"start":{"line":394,"column":12},"end":{"line":398,"column":null}},"150":{"start":{"line":394,"column":25},"end":{"line":394,"column":45}},"151":{"start":{"line":395,"column":16},"end":{"line":397,"column":null}},"152":{"start":{"line":396,"column":20},"end":{"line":396,"column":null}},"153":{"start":{"line":400,"column":8},"end":{"line":400,"column":null}},"154":{"start":{"line":407,"column":24},"end":{"line":407,"column":null}},"155":{"start":{"line":408,"column":27},"end":{"line":408,"column":null}},"156":{"start":{"line":409,"column":8},"end":{"line":411,"column":null}},"157":{"start":{"line":410,"column":12},"end":{"line":410,"column":null}},"158":{"start":{"line":413,"column":8},"end":{"line":419,"column":null}},"159":{"start":{"line":414,"column":12},"end":{"line":418,"column":null}},"160":{"start":{"line":415,"column":16},"end":{"line":417,"column":null}},"161":{"start":{"line":416,"column":20},"end":{"line":416,"column":null}},"162":{"start":{"line":420,"column":8},"end":{"line":420,"column":null}},"163":{"start":{"line":429,"column":23},"end":{"line":429,"column":null}},"164":{"start":{"line":429,"column":43},"end":{"line":429,"column":95}},"165":{"start":{"line":431,"column":8},"end":{"line":473,"column":null}},"166":{"start":{"line":432,"column":34},"end":{"line":432,"column":null}},"167":{"start":{"line":433,"column":32},"end":{"line":433,"column":null}},"168":{"start":{"line":434,"column":38},"end":{"line":434,"column":null}},"169":{"start":{"line":435,"column":37},"end":{"line":435,"column":null}},"170":{"start":{"line":436,"column":30},"end":{"line":436,"column":null}},"171":{"start":{"line":438,"column":12},"end":{"line":472,"column":null}},"172":{"start":{"line":440,"column":16},"end":{"line":442,"column":null}},"173":{"start":{"line":441,"column":20},"end":{"line":441,"column":null}},"174":{"start":{"line":445,"column":16},"end":{"line":449,"column":null}},"175":{"start":{"line":446,"column":20},"end":{"line":446,"column":null}},"176":{"start":{"line":447,"column":20},"end":{"line":447,"column":null}},"177":{"start":{"line":448,"column":20},"end":{"line":448,"column":null}},"178":{"start":{"line":452,"column":16},"end":{"line":454,"column":null}},"179":{"start":{"line":453,"column":20},"end":{"line":453,"column":null}},"180":{"start":{"line":457,"column":16},"end":{"line":460,"column":null}},"181":{"start":{"line":458,"column":20},"end":{"line":458,"column":null}},"182":{"start":{"line":459,"column":20},"end":{"line":459,"column":null}},"183":{"start":{"line":463,"column":16},"end":{"line":469,"column":null}},"184":{"start":{"line":468,"column":20},"end":{"line":468,"column":null}},"185":{"start":{"line":471,"column":16},"end":{"line":471,"column":null}},"186":{"start":{"line":480,"column":8},"end":{"line":484,"column":null}},"187":{"start":{"line":481,"column":18},"end":{"line":481,"column":null}},"188":{"start":{"line":482,"column":18},"end":{"line":482,"column":null}},"189":{"start":{"line":483,"column":12},"end":{"line":483,"column":null}},"190":{"start":{"line":491,"column":8},"end":{"line":494,"column":null}},"191":{"start":{"line":492,"column":18},"end":{"line":492,"column":null}},"192":{"start":{"line":493,"column":12},"end":{"line":493,"column":null}},"193":{"start":{"line":503,"column":23},"end":{"line":503,"column":null}},"194":{"start":{"line":503,"column":43},"end":{"line":503,"column":95}},"195":{"start":{"line":505,"column":44},"end":{"line":505,"column":null}},"196":{"start":{"line":506,"column":27},"end":{"line":506,"column":null}},"197":{"start":{"line":507,"column":27},"end":{"line":507,"column":null}},"198":{"start":{"line":508,"column":30},"end":{"line":508,"column":null}},"199":{"start":{"line":510,"column":8},"end":{"line":551,"column":null}},"200":{"start":{"line":511,"column":26},"end":{"line":511,"column":null}},"201":{"start":{"line":512,"column":34},"end":{"line":512,"column":null}},"202":{"start":{"line":513,"column":38},"end":{"line":513,"column":null}},"203":{"start":{"line":519,"column":12},"end":{"line":529,"column":null}},"204":{"start":{"line":521,"column":16},"end":{"line":521,"column":null}},"205":{"start":{"line":523,"column":20},"end":{"line":523,"column":null}},"206":{"start":{"line":524,"column":16},"end":{"line":524,"column":null}},"207":{"start":{"line":527,"column":16},"end":{"line":527,"column":null}},"208":{"start":{"line":528,"column":16},"end":{"line":528,"column":null}},"209":{"start":{"line":531,"column":12},"end":{"line":531,"column":null}},"210":{"start":{"line":534,"column":33},"end":{"line":534,"column":null}},"211":{"start":{"line":535,"column":30},"end":{"line":535,"column":null}},"212":{"start":{"line":536,"column":12},"end":{"line":536,"column":null}},"213":{"start":{"line":538,"column":12},"end":{"line":550,"column":null}},"214":{"start":{"line":540,"column":34},"end":{"line":540,"column":null}},"215":{"start":{"line":541,"column":16},"end":{"line":545,"column":null}},"216":{"start":{"line":542,"column":20},"end":{"line":542,"column":null}},"217":{"start":{"line":544,"column":20},"end":{"line":544,"column":null}},"218":{"start":{"line":546,"column":16},"end":{"line":546,"column":null}},"219":{"start":{"line":548,"column":16},"end":{"line":548,"column":null}},"220":{"start":{"line":549,"column":16},"end":{"line":549,"column":null}},"221":{"start":{"line":553,"column":8},"end":{"line":553,"column":null}},"222":{"start":{"line":568,"column":8},"end":{"line":570,"column":null}},"223":{"start":{"line":569,"column":12},"end":{"line":569,"column":null}},"224":{"start":{"line":571,"column":8},"end":{"line":571,"column":null}},"225":{"start":{"line":579,"column":8},"end":{"line":583,"column":null}},"226":{"start":{"line":580,"column":18},"end":{"line":580,"column":null}},"227":{"start":{"line":581,"column":18},"end":{"line":581,"column":null}},"228":{"start":{"line":582,"column":12},"end":{"line":582,"column":null}}},"fnMap":{"0":{"name":"(anonymous_0)","decl":{"start":{"line":25,"column":11},"end":{"line":25,"column":23}},"loc":{"start":{"line":25,"column":75},"end":{"line":28,"column":null}},"line":25},"1":{"name":"(anonymous_1)","decl":{"start":{"line":36,"column":11},"end":{"line":36,"column":29}},"loc":{"start":{"line":36,"column":62},"end":{"line":38,"column":null}},"line":36},"2":{"name":"(anonymous_2)","decl":{"start":{"line":44,"column":11},"end":{"line":44,"column":22}},"loc":{"start":{"line":44,"column":42},"end":{"line":51,"column":null}},"line":44},"3":{"name":"(anonymous_3)","decl":{"start":{"line":56,"column":11},"end":{"line":56,"column":27}},"loc":{"start":{"line":56,"column":27},"end":{"line":60,"column":null}},"line":56},"4":{"name":"(anonymous_4)","decl":{"start":{"line":65,"column":11},"end":{"line":65,"column":29}},"loc":{"start":{"line":65,"column":29},"end":{"line":69,"column":null}},"line":65},"5":{"name":"(anonymous_5)","decl":{"start":{"line":76,"column":11},"end":{"line":76,"column":38}},"loc":{"start":{"line":76,"column":38},"end":{"line":78,"column":null}},"line":76},"6":{"name":"(anonymous_6)","decl":{"start":{"line":84,"column":11},"end":{"line":84,"column":23}},"loc":{"start":{"line":84,"column":57},"end":{"line":90,"column":null}},"line":84},"7":{"name":"(anonymous_7)","decl":{"start":{"line":95,"column":11},"end":{"line":95,"column":29}},"loc":{"start":{"line":95,"column":80},"end":{"line":101,"column":null}},"line":95},"8":{"name":"(anonymous_8)","decl":{"start":{"line":109,"column":11},"end":{"line":109,"column":31}},"loc":{"start":{"line":109,"column":60},"end":{"line":113,"column":null}},"line":109},"9":{"name":"(anonymous_9)","decl":{"start":{"line":119,"column":11},"end":{"line":119,"column":31}},"loc":{"start":{"line":119,"column":59},"end":{"line":125,"column":null}},"line":119},"10":{"name":"(anonymous_10)","decl":{"start":{"line":131,"column":11},"end":{"line":131,"column":16}},"loc":{"start":{"line":131,"column":36},"end":{"line":136,"column":null}},"line":131},"11":{"name":"(anonymous_11)","decl":{"start":{"line":141,"column":11},"end":{"line":141,"column":33}},"loc":{"start":{"line":141,"column":33},"end":{"line":143,"column":null}},"line":141},"12":{"name":"(anonymous_12)","decl":{"start":{"line":148,"column":11},"end":{"line":148,"column":30}},"loc":{"start":{"line":148,"column":30},"end":{"line":172,"column":null}},"line":148},"13":{"name":"(anonymous_13)","decl":{"start":{"line":181,"column":11},"end":{"line":181,"column":22}},"loc":{"start":{"line":181,"column":53},"end":{"line":204,"column":null}},"line":181},"14":{"name":"(anonymous_14)","decl":{"start":{"line":182,"column":46},"end":{"line":182,"column":47}},"loc":{"start":{"line":182,"column":55},"end":{"line":202,"column":9}},"line":182},"15":{"name":"(anonymous_15)","decl":{"start":{"line":211,"column":11},"end":{"line":211,"column":23}},"loc":{"start":{"line":211,"column":54},"end":{"line":233,"column":null}},"line":211},"16":{"name":"(anonymous_16)","decl":{"start":{"line":212,"column":46},"end":{"line":212,"column":47}},"loc":{"start":{"line":212,"column":55},"end":{"line":231,"column":9}},"line":212},"17":{"name":"(anonymous_17)","decl":{"start":{"line":240,"column":11},"end":{"line":240,"column":20}},"loc":{"start":{"line":240,"column":51},"end":{"line":253,"column":null}},"line":240},"18":{"name":"(anonymous_18)","decl":{"start":{"line":241,"column":46},"end":{"line":241,"column":47}},"loc":{"start":{"line":241,"column":55},"end":{"line":251,"column":9}},"line":241},"19":{"name":"(anonymous_19)","decl":{"start":{"line":260,"column":11},"end":{"line":260,"column":22}},"loc":{"start":{"line":260,"column":53},"end":{"line":273,"column":null}},"line":260},"20":{"name":"(anonymous_20)","decl":{"start":{"line":261,"column":46},"end":{"line":261,"column":47}},"loc":{"start":{"line":261,"column":55},"end":{"line":271,"column":9}},"line":261},"21":{"name":"(anonymous_21)","decl":{"start":{"line":279,"column":11},"end":{"line":279,"column":22}},"loc":{"start":{"line":279,"column":53},"end":{"line":284,"column":null}},"line":279},"22":{"name":"(anonymous_22)","decl":{"start":{"line":280,"column":46},"end":{"line":280,"column":47}},"loc":{"start":{"line":280,"column":55},"end":{"line":282,"column":9}},"line":280},"23":{"name":"(anonymous_23)","decl":{"start":{"line":290,"column":11},"end":{"line":290,"column":21}},"loc":{"start":{"line":290,"column":52},"end":{"line":296,"column":null}},"line":290},"24":{"name":"(anonymous_24)","decl":{"start":{"line":291,"column":46},"end":{"line":291,"column":47}},"loc":{"start":{"line":291,"column":55},"end":{"line":294,"column":9}},"line":291},"25":{"name":"(anonymous_25)","decl":{"start":{"line":301,"column":11},"end":{"line":301,"column":31}},"loc":{"start":{"line":301,"column":31},"end":{"line":325,"column":null}},"line":301},"26":{"name":"(anonymous_26)","decl":{"start":{"line":333,"column":11},"end":{"line":333,"column":29}},"loc":{"start":{"line":333,"column":56},"end":{"line":339,"column":null}},"line":333},"27":{"name":"(anonymous_27)","decl":{"start":{"line":347,"column":12},"end":{"line":347,"column":42}},"loc":{"start":{"line":347,"column":42},"end":{"line":381,"column":null}},"line":347},"28":{"name":"(anonymous_28)","decl":{"start":{"line":357,"column":26},"end":{"line":357,"column":27}},"loc":{"start":{"line":357,"column":36},"end":{"line":357,"column":51}},"line":357},"29":{"name":"(anonymous_29)","decl":{"start":{"line":386,"column":12},"end":{"line":386,"column":32}},"loc":{"start":{"line":386,"column":61},"end":{"line":401,"column":null}},"line":386},"30":{"name":"(anonymous_30)","decl":{"start":{"line":406,"column":12},"end":{"line":406,"column":28}},"loc":{"start":{"line":406,"column":57},"end":{"line":421,"column":null}},"line":406},"31":{"name":"(anonymous_31)","decl":{"start":{"line":427,"column":12},"end":{"line":427,"column":41}},"loc":{"start":{"line":427,"column":76},"end":{"line":474,"column":null}},"line":427},"32":{"name":"(anonymous_32)","decl":{"start":{"line":429,"column":39},"end":{"line":429,"column":40}},"loc":{"start":{"line":429,"column":43},"end":{"line":429,"column":95}},"line":429},"33":{"name":"(anonymous_33)","decl":{"start":{"line":438,"column":59},"end":{"line":438,"column":60}},"loc":{"start":{"line":438,"column":71},"end":{"line":472,"column":13}},"line":438},"34":{"name":"(anonymous_34)","decl":{"start":{"line":479,"column":12},"end":{"line":479,"column":45}},"loc":{"start":{"line":479,"column":45},"end":{"line":485,"column":null}},"line":479},"35":{"name":"(anonymous_35)","decl":{"start":{"line":480,"column":41},"end":{"line":480,"column":42}},"loc":{"start":{"line":480,"column":51},"end":{"line":484,"column":9}},"line":480},"36":{"name":"(anonymous_36)","decl":{"start":{"line":490,"column":12},"end":{"line":490,"column":37}},"loc":{"start":{"line":490,"column":64},"end":{"line":495,"column":null}},"line":490},"37":{"name":"(anonymous_37)","decl":{"start":{"line":491,"column":43},"end":{"line":491,"column":44}},"loc":{"start":{"line":491,"column":52},"end":{"line":494,"column":9}},"line":491},"38":{"name":"(anonymous_38)","decl":{"start":{"line":501,"column":12},"end":{"line":501,"column":40}},"loc":{"start":{"line":501,"column":74},"end":{"line":554,"column":null}},"line":501},"39":{"name":"(anonymous_39)","decl":{"start":{"line":503,"column":39},"end":{"line":503,"column":40}},"loc":{"start":{"line":503,"column":43},"end":{"line":503,"column":95}},"line":503},"40":{"name":"(anonymous_40)","decl":{"start":{"line":561,"column":12},"end":{"line":561,"column":null}},"loc":{"start":{"line":567,"column":18},"end":{"line":572,"column":null}},"line":567},"41":{"name":"(anonymous_41)","decl":{"start":{"line":578,"column":12},"end":{"line":578,"column":40}},"loc":{"start":{"line":578,"column":40},"end":{"line":584,"column":null}},"line":578},"42":{"name":"(anonymous_42)","decl":{"start":{"line":579,"column":29},"end":{"line":579,"column":30}},"loc":{"start":{"line":579,"column":39},"end":{"line":583,"column":9}},"line":579}},"branchMap":{"0":{"loc":{"start":{"line":27,"column":26},"end":{"line":27,"column":null}},"type":"cond-expr","locations":[{"start":{"line":27,"column":64},"end":{"line":27,"column":77}},{"start":{"line":27,"column":77},"end":{"line":27,"column":null}}],"line":27},"1":{"loc":{"start":{"line":27,"column":26},"end":{"line":27,"column":64}},"type":"binary-expr","locations":[{"start":{"line":27,"column":26},"end":{"line":27,"column":40}},{"start":{"line":27,"column":40},"end":{"line":27,"column":64}}],"line":27},"2":{"loc":{"start":{"line":46,"column":12},"end":{"line":49,"column":null}},"type":"if","locations":[{"start":{"line":46,"column":12},"end":{"line":49,"column":null}},{"start":{},"end":{}}],"line":46},"3":{"loc":{"start":{"line":86,"column":8},"end":{"line":88,"column":null}},"type":"if","locations":[{"start":{"line":86,"column":8},"end":{"line":88,"column":null}},{"start":{},"end":{}}],"line":86},"4":{"loc":{"start":{"line":86,"column":12},"end":{"line":86,"column":71}},"type":"binary-expr","locations":[{"start":{"line":86,"column":12},"end":{"line":86,"column":31}},{"start":{"line":86,"column":31},"end":{"line":86,"column":71}}],"line":86},"5":{"loc":{"start":{"line":97,"column":8},"end":{"line":99,"column":null}},"type":"if","locations":[{"start":{"line":97,"column":8},"end":{"line":99,"column":null}},{"start":{},"end":{}}],"line":97},"6":{"loc":{"start":{"line":97,"column":12},"end":{"line":97,"column":71}},"type":"binary-expr","locations":[{"start":{"line":97,"column":12},"end":{"line":97,"column":31}},{"start":{"line":97,"column":31},"end":{"line":97,"column":71}}],"line":97},"7":{"loc":{"start":{"line":121,"column":8},"end":{"line":123,"column":null}},"type":"if","locations":[{"start":{"line":121,"column":8},"end":{"line":123,"column":null}},{"start":{},"end":{}}],"line":121},"8":{"loc":{"start":{"line":121,"column":12},"end":{"line":121,"column":60}},"type":"binary-expr","locations":[{"start":{"line":121,"column":12},"end":{"line":121,"column":30}},{"start":{"line":121,"column":30},"end":{"line":121,"column":60}}],"line":121},"9":{"loc":{"start":{"line":153,"column":12},"end":{"line":164,"column":null}},"type":"if","locations":[{"start":{"line":153,"column":12},"end":{"line":164,"column":null}},{"start":{"line":162,"column":19},"end":{"line":164,"column":null}}],"line":153},"10":{"loc":{"start":{"line":153,"column":16},"end":{"line":153,"column":102}},"type":"binary-expr","locations":[{"start":{"line":153,"column":16},"end":{"line":153,"column":55}},{"start":{"line":153,"column":55},"end":{"line":153,"column":102}}],"line":153},"11":{"loc":{"start":{"line":156,"column":16},"end":{"line":161,"column":null}},"type":"if","locations":[{"start":{"line":156,"column":16},"end":{"line":161,"column":null}},{"start":{"line":158,"column":16},"end":{"line":161,"column":null}}],"line":156},"12":{"loc":{"start":{"line":158,"column":16},"end":{"line":161,"column":null}},"type":"if","locations":[{"start":{"line":158,"column":16},"end":{"line":161,"column":null}},{"start":{},"end":{}}],"line":158},"13":{"loc":{"start":{"line":167,"column":8},"end":{"line":171,"column":null}},"type":"if","locations":[{"start":{"line":167,"column":8},"end":{"line":171,"column":null}},{"start":{},"end":{}}],"line":167},"14":{"loc":{"start":{"line":181,"column":22},"end":{"line":181,"column":53}},"type":"default-arg","locations":[{"start":{"line":181,"column":40},"end":{"line":181,"column":53}}],"line":181},"15":{"loc":{"start":{"line":187,"column":12},"end":{"line":199,"column":null}},"type":"if","locations":[{"start":{"line":187,"column":12},"end":{"line":199,"column":null}},{"start":{"line":189,"column":12},"end":{"line":199,"column":null}}],"line":187},"16":{"loc":{"start":{"line":189,"column":12},"end":{"line":199,"column":null}},"type":"if","locations":[{"start":{"line":189,"column":12},"end":{"line":199,"column":null}},{"start":{"line":197,"column":19},"end":{"line":199,"column":null}}],"line":189},"17":{"loc":{"start":{"line":191,"column":16},"end":{"line":196,"column":null}},"type":"if","locations":[{"start":{"line":191,"column":16},"end":{"line":196,"column":null}},{"start":{"line":194,"column":23},"end":{"line":196,"column":null}}],"line":191},"18":{"loc":{"start":{"line":211,"column":23},"end":{"line":211,"column":54}},"type":"default-arg","locations":[{"start":{"line":211,"column":41},"end":{"line":211,"column":54}}],"line":211},"19":{"loc":{"start":{"line":218,"column":12},"end":{"line":228,"column":null}},"type":"if","locations":[{"start":{"line":218,"column":12},"end":{"line":228,"column":null}},{"start":{"line":220,"column":19},"end":{"line":228,"column":null}}],"line":218},"20":{"loc":{"start":{"line":222,"column":16},"end":{"line":227,"column":null}},"type":"if","locations":[{"start":{"line":222,"column":16},"end":{"line":227,"column":null}},{"start":{"line":225,"column":23},"end":{"line":227,"column":null}}],"line":222},"21":{"loc":{"start":{"line":240,"column":20},"end":{"line":240,"column":51}},"type":"default-arg","locations":[{"start":{"line":240,"column":38},"end":{"line":240,"column":51}}],"line":240},"22":{"loc":{"start":{"line":244,"column":12},"end":{"line":249,"column":null}},"type":"if","locations":[{"start":{"line":244,"column":12},"end":{"line":249,"column":null}},{"start":{},"end":{}}],"line":244},"23":{"loc":{"start":{"line":260,"column":22},"end":{"line":260,"column":53}},"type":"default-arg","locations":[{"start":{"line":260,"column":40},"end":{"line":260,"column":53}}],"line":260},"24":{"loc":{"start":{"line":264,"column":12},"end":{"line":269,"column":null}},"type":"if","locations":[{"start":{"line":264,"column":12},"end":{"line":269,"column":null}},{"start":{},"end":{}}],"line":264},"25":{"loc":{"start":{"line":279,"column":22},"end":{"line":279,"column":53}},"type":"default-arg","locations":[{"start":{"line":279,"column":40},"end":{"line":279,"column":53}}],"line":279},"26":{"loc":{"start":{"line":290,"column":21},"end":{"line":290,"column":52}},"type":"default-arg","locations":[{"start":{"line":290,"column":39},"end":{"line":290,"column":52}}],"line":290},"27":{"loc":{"start":{"line":306,"column":12},"end":{"line":317,"column":null}},"type":"if","locations":[{"start":{"line":306,"column":12},"end":{"line":317,"column":null}},{"start":{"line":315,"column":19},"end":{"line":317,"column":null}}],"line":306},"28":{"loc":{"start":{"line":306,"column":16},"end":{"line":306,"column":102}},"type":"binary-expr","locations":[{"start":{"line":306,"column":16},"end":{"line":306,"column":55}},{"start":{"line":306,"column":55},"end":{"line":306,"column":102}}],"line":306},"29":{"loc":{"start":{"line":310,"column":16},"end":{"line":314,"column":null}},"type":"if","locations":[{"start":{"line":310,"column":16},"end":{"line":314,"column":null}},{"start":{"line":312,"column":16},"end":{"line":314,"column":null}}],"line":310},"30":{"loc":{"start":{"line":312,"column":16},"end":{"line":314,"column":null}},"type":"if","locations":[{"start":{"line":312,"column":16},"end":{"line":314,"column":null}},{"start":{},"end":{}}],"line":312},"31":{"loc":{"start":{"line":320,"column":8},"end":{"line":324,"column":null}},"type":"if","locations":[{"start":{"line":320,"column":8},"end":{"line":324,"column":null}},{"start":{},"end":{}}],"line":320},"32":{"loc":{"start":{"line":335,"column":12},"end":{"line":337,"column":null}},"type":"if","locations":[{"start":{"line":335,"column":12},"end":{"line":337,"column":null}},{"start":{},"end":{}}],"line":335},"33":{"loc":{"start":{"line":335,"column":16},"end":{"line":335,"column":103}},"type":"binary-expr","locations":[{"start":{"line":335,"column":16},"end":{"line":335,"column":38}},{"start":{"line":335,"column":38},"end":{"line":335,"column":72}},{"start":{"line":335,"column":72},"end":{"line":335,"column":103}}],"line":335},"34":{"loc":{"start":{"line":351,"column":12},"end":{"line":353,"column":null}},"type":"if","locations":[{"start":{"line":351,"column":12},"end":{"line":353,"column":null}},{"start":{},"end":{}}],"line":351},"35":{"loc":{"start":{"line":367,"column":16},"end":{"line":369,"column":null}},"type":"if","locations":[{"start":{"line":367,"column":16},"end":{"line":369,"column":null}},{"start":{},"end":{}}],"line":367},"36":{"loc":{"start":{"line":370,"column":16},"end":{"line":373,"column":null}},"type":"if","locations":[{"start":{"line":370,"column":16},"end":{"line":373,"column":null}},{"start":{},"end":{}}],"line":370},"37":{"loc":{"start":{"line":370,"column":20},"end":{"line":370,"column":60}},"type":"binary-expr","locations":[{"start":{"line":370,"column":20},"end":{"line":370,"column":42}},{"start":{"line":370,"column":42},"end":{"line":370,"column":60}}],"line":370},"38":{"loc":{"start":{"line":375,"column":12},"end":{"line":377,"column":null}},"type":"if","locations":[{"start":{"line":375,"column":12},"end":{"line":377,"column":null}},{"start":{},"end":{}}],"line":375},"39":{"loc":{"start":{"line":389,"column":8},"end":{"line":391,"column":null}},"type":"if","locations":[{"start":{"line":389,"column":8},"end":{"line":391,"column":null}},{"start":{},"end":{}}],"line":389},"40":{"loc":{"start":{"line":393,"column":8},"end":{"line":399,"column":null}},"type":"if","locations":[{"start":{"line":393,"column":8},"end":{"line":399,"column":null}},{"start":{},"end":{}}],"line":393},"41":{"loc":{"start":{"line":395,"column":16},"end":{"line":397,"column":null}},"type":"if","locations":[{"start":{"line":395,"column":16},"end":{"line":397,"column":null}},{"start":{},"end":{}}],"line":395},"42":{"loc":{"start":{"line":409,"column":8},"end":{"line":411,"column":null}},"type":"if","locations":[{"start":{"line":409,"column":8},"end":{"line":411,"column":null}},{"start":{},"end":{}}],"line":409},"43":{"loc":{"start":{"line":409,"column":12},"end":{"line":409,"column":64}},"type":"binary-expr","locations":[{"start":{"line":409,"column":12},"end":{"line":409,"column":31}},{"start":{"line":409,"column":31},"end":{"line":409,"column":64}}],"line":409},"44":{"loc":{"start":{"line":413,"column":8},"end":{"line":419,"column":null}},"type":"if","locations":[{"start":{"line":413,"column":8},"end":{"line":419,"column":null}},{"start":{},"end":{}}],"line":413},"45":{"loc":{"start":{"line":415,"column":16},"end":{"line":417,"column":null}},"type":"if","locations":[{"start":{"line":415,"column":16},"end":{"line":417,"column":null}},{"start":{},"end":{}}],"line":415},"46":{"loc":{"start":{"line":440,"column":16},"end":{"line":442,"column":null}},"type":"if","locations":[{"start":{"line":440,"column":16},"end":{"line":442,"column":null}},{"start":{},"end":{}}],"line":440},"47":{"loc":{"start":{"line":445,"column":16},"end":{"line":449,"column":null}},"type":"if","locations":[{"start":{"line":445,"column":16},"end":{"line":449,"column":null}},{"start":{},"end":{}}],"line":445},"48":{"loc":{"start":{"line":452,"column":16},"end":{"line":454,"column":null}},"type":"if","locations":[{"start":{"line":452,"column":16},"end":{"line":454,"column":null}},{"start":{},"end":{}}],"line":452},"49":{"loc":{"start":{"line":452,"column":20},"end":{"line":452,"column":90}},"type":"binary-expr","locations":[{"start":{"line":452,"column":20},"end":{"line":452,"column":57}},{"start":{"line":452,"column":57},"end":{"line":452,"column":90}}],"line":452},"50":{"loc":{"start":{"line":457,"column":16},"end":{"line":460,"column":null}},"type":"if","locations":[{"start":{"line":457,"column":16},"end":{"line":460,"column":null}},{"start":{},"end":{}}],"line":457},"51":{"loc":{"start":{"line":457,"column":20},"end":{"line":457,"column":87}},"type":"binary-expr","locations":[{"start":{"line":457,"column":20},"end":{"line":457,"column":56}},{"start":{"line":457,"column":56},"end":{"line":457,"column":87}}],"line":457},"52":{"loc":{"start":{"line":463,"column":16},"end":{"line":469,"column":null}},"type":"if","locations":[{"start":{"line":463,"column":16},"end":{"line":469,"column":null}},{"start":{},"end":{}}],"line":463},"53":{"loc":{"start":{"line":464,"column":20},"end":{"line":466,"column":null}},"type":"binary-expr","locations":[{"start":{"line":464,"column":20},"end":{"line":464,"column":null}},{"start":{"line":465,"column":20},"end":{"line":465,"column":null}},{"start":{"line":466,"column":20},"end":{"line":466,"column":null}}],"line":464},"54":{"loc":{"start":{"line":519,"column":12},"end":{"line":529,"column":null}},"type":"if","locations":[{"start":{"line":519,"column":12},"end":{"line":529,"column":null}},{"start":{"line":525,"column":19},"end":{"line":529,"column":null}}],"line":519},"55":{"loc":{"start":{"line":523,"column":20},"end":{"line":523,"column":null}},"type":"cond-expr","locations":[{"start":{"line":523,"column":59},"end":{"line":523,"column":98}},{"start":{"line":523,"column":98},"end":{"line":523,"column":null}}],"line":523},"56":{"loc":{"start":{"line":538,"column":12},"end":{"line":550,"column":null}},"type":"if","locations":[{"start":{"line":538,"column":12},"end":{"line":550,"column":null}},{"start":{"line":547,"column":19},"end":{"line":550,"column":null}}],"line":538},"57":{"loc":{"start":{"line":538,"column":16},"end":{"line":538,"column":63}},"type":"binary-expr","locations":[{"start":{"line":538,"column":16},"end":{"line":538,"column":43}},{"start":{"line":538,"column":43},"end":{"line":538,"column":63}}],"line":538},"58":{"loc":{"start":{"line":541,"column":16},"end":{"line":545,"column":null}},"type":"if","locations":[{"start":{"line":541,"column":16},"end":{"line":545,"column":null}},{"start":{"line":543,"column":23},"end":{"line":545,"column":null}}],"line":541},"59":{"loc":{"start":{"line":553,"column":15},"end":{"line":553,"column":null}},"type":"cond-expr","locations":[{"start":{"line":553,"column":42},"end":{"line":553,"column":58}},{"start":{"line":553,"column":58},"end":{"line":553,"column":null}}],"line":553},"60":{"loc":{"start":{"line":568,"column":8},"end":{"line":570,"column":null}},"type":"if","locations":[{"start":{"line":568,"column":8},"end":{"line":570,"column":null}},{"start":{},"end":{}}],"line":568}},"s":{"0":96,"1":96,"2":96,"3":96,"4":96,"5":31,"6":3,"7":3,"8":2,"9":2,"10":1,"11":2,"12":1,"13":2,"14":5,"15":8,"16":8,"17":0,"18":8,"19":0,"20":0,"21":0,"22":0,"23":4,"24":4,"25":4,"26":11,"27":11,"28":1,"29":10,"30":14,"31":14,"32":14,"33":14,"34":2,"35":8,"36":8,"37":9,"38":9,"39":8,"40":8,"41":4,"42":4,"43":3,"44":3,"45":1,"46":8,"47":7,"48":7,"49":7,"50":7,"51":8,"52":8,"53":8,"54":5,"55":3,"56":2,"57":2,"58":2,"59":2,"60":0,"61":1,"62":7,"63":7,"64":8,"65":9,"66":9,"67":9,"68":9,"69":5,"70":4,"71":4,"72":3,"73":3,"74":1,"75":8,"76":8,"77":8,"78":8,"79":8,"80":8,"81":6,"82":6,"83":6,"84":6,"85":2,"86":8,"87":16,"88":16,"89":16,"90":16,"91":13,"92":13,"93":13,"94":13,"95":3,"96":16,"97":2,"98":2,"99":2,"100":2,"101":2,"102":2,"103":2,"104":4,"105":4,"106":4,"107":4,"108":3,"109":3,"110":3,"111":1,"112":2,"113":1,"114":1,"115":4,"116":3,"117":3,"118":3,"119":4,"120":4,"121":1,"122":50,"123":50,"124":30,"125":26,"126":50,"127":4,"128":50,"129":50,"130":50,"131":50,"132":158,"133":158,"134":158,"135":99,"136":99,"137":26,"138":73,"139":40,"140":40,"141":158,"142":118,"143":50,"144":10,"145":10,"146":10,"147":8,"148":2,"149":0,"150":0,"151":0,"152":0,"153":2,"154":20,"155":20,"156":20,"157":16,"158":4,"159":0,"160":0,"161":0,"162":4,"163":24,"164":4,"165":24,"166":28,"167":28,"168":28,"169":28,"170":28,"171":28,"172":4,"173":0,"174":4,"175":2,"176":2,"177":2,"178":2,"179":1,"180":1,"181":1,"182":1,"183":0,"184":0,"185":0,"186":26,"187":4,"188":4,"189":4,"190":14,"191":17,"192":17,"193":24,"194":4,"195":24,"196":24,"197":24,"198":24,"199":24,"200":28,"201":28,"202":28,"203":28,"204":23,"205":23,"206":23,"207":5,"208":5,"209":28,"210":28,"211":28,"212":28,"213":28,"214":18,"215":18,"216":2,"217":16,"218":18,"219":10,"220":10,"221":24,"222":38,"223":6,"224":32,"225":43,"226":2,"227":2,"228":2},"f":{"0":96,"1":31,"2":3,"3":1,"4":1,"5":5,"6":8,"7":0,"8":4,"9":11,"10":14,"11":2,"12":8,"13":7,"14":8,"15":8,"16":9,"17":8,"18":8,"19":16,"20":16,"21":2,"22":2,"23":2,"24":2,"25":4,"26":4,"27":50,"28":4,"29":10,"30":20,"31":24,"32":4,"33":4,"34":26,"35":4,"36":14,"37":17,"38":24,"39":4,"40":38,"41":43,"42":2},"b":{"0":[89,7],"1":[96,89],"2":[2,1],"3":[0,8],"4":[8,8],"5":[0,0],"6":[0,0],"7":[1,10],"8":[11,11],"9":[8,1],"10":[9,9],"11":[4,4],"12":[3,1],"13":[7,1],"14":[7],"15":[5,3],"16":[2,1],"17":[2,0],"18":[8],"19":[5,4],"20":[3,1],"21":[8],"22":[6,2],"23":[16],"24":[13,3],"25":[2],"26":[2],"27":[3,1],"28":[4,4],"29":[1,2],"30":[1,1],"31":[3,1],"32":[1,3],"33":[4,4,2],"34":[26,4],"35":[26,73],"36":[40,33],"37":[73,73],"38":[118,40],"39":[8,2],"40":[0,2],"41":[0,0],"42":[16,4],"43":[20,20],"44":[0,4],"45":[0,0],"46":[0,4],"47":[2,2],"48":[1,1],"49":[2,1],"50":[1,0],"51":[1,1],"52":[0,0],"53":[0,0,0],"54":[23,5],"55":[2,21],"56":[18,10],"57":[28,23],"58":[2,16],"59":[24,0],"60":[6,32]},"meta":{"lastBranch":61,"lastFunction":43,"lastStatement":229,"seen":{"s:19:24:19:Infinity":0,"s:20:23:20:Infinity":1,"s:23:45:23:Infinity":2,"f:25:11:25:23":0,"s:26:8:26:Infinity":3,"s:27:8:27:Infinity":4,"b:27:64:27:77:27:77:27:Infinity":0,"b:27:26:27:40:27:40:27:64":1,"f:36:11:36:29":1,"s:37:8:37:Infinity":5,"f:44:11:44:22":2,"s:45:8:50:Infinity":6,"b:46:12:49:Infinity:undefined:undefined:undefined:undefined":2,"s:46:12:49:Infinity":7,"s:47:16:47:Infinity":8,"s:48:16:48:Infinity":9,"f:56:11:56:27":3,"s:57:8:59:Infinity":10,"s:58:12:58:Infinity":11,"f:65:11:65:29":4,"s:66:8:68:Infinity":12,"s:67:12:67:Infinity":13,"f:76:11:76:38":5,"s:77:8:77:Infinity":14,"f:84:11:84:23":6,"s:85:28:85:Infinity":15,"b:86:8:88:Infinity:undefined:undefined:undefined:undefined":3,"s:86:8:88:Infinity":16,"b:86:12:86:31:86:31:86:71":4,"s:87:12:87:Infinity":17,"s:89:8:89:Infinity":18,"f:95:11:95:29":7,"s:96:28:96:Infinity":19,"b:97:8:99:Infinity:undefined:undefined:undefined:undefined":5,"s:97:8:99:Infinity":20,"b:97:12:97:31:97:31:97:71":6,"s:98:12:98:Infinity":21,"s:100:8:100:Infinity":22,"f:109:11:109:31":8,"s:110:24:110:Infinity":23,"s:111:20:111:Infinity":24,"s:112:8:112:Infinity":25,"f:119:11:119:31":9,"s:120:24:120:Infinity":26,"b:121:8:123:Infinity:undefined:undefined:undefined:undefined":7,"s:121:8:123:Infinity":27,"b:121:12:121:30:121:30:121:60":8,"s:122:12:122:Infinity":28,"s:124:8:124:Infinity":29,"f:131:11:131:16":10,"s:132:22:132:Infinity":30,"s:133:8:133:Infinity":31,"s:134:8:134:Infinity":32,"s:135:8:135:Infinity":33,"f:141:11:141:33":11,"s:142:8:142:Infinity":34,"f:148:11:148:30":12,"s:149:35:149:Infinity":35,"s:151:8:165:Infinity":36,"s:152:18:152:Infinity":37,"b:153:12:164:Infinity:162:19:164:Infinity":9,"s:153:12:164:Infinity":38,"b:153:16:153:55:153:55:153:102":10,"s:155:28:155:Infinity":39,"b:156:16:161:Infinity:158:16:161:Infinity":11,"s:156:16:161:Infinity":40,"s:157:20:157:Infinity":41,"b:158:16:161:Infinity:undefined:undefined:undefined:undefined":12,"s:158:16:161:Infinity":42,"s:159:40:159:Infinity":43,"s:160:20:160:Infinity":44,"s:163:16:163:Infinity":45,"b:167:8:171:Infinity:undefined:undefined:undefined:undefined":13,"s:167:8:171:Infinity":46,"s:168:12:168:Infinity":47,"s:169:12:169:Infinity":48,"s:170:12:170:Infinity":49,"f:181:11:181:22":13,"b:181:40:181:53":14,"s:182:8:202:Infinity":50,"f:182:46:182:47":14,"s:183:24:183:Infinity":51,"s:184:26:184:Infinity":52,"b:187:12:199:Infinity:189:12:199:Infinity":15,"s:187:12:199:Infinity":53,"s:188:16:188:Infinity":54,"b:189:12:199:Infinity:197:19:199:Infinity":16,"s:189:12:199:Infinity":55,"s:190:36:190:Infinity":56,"b:191:16:196:Infinity:194:23:196:Infinity":17,"s:191:16:196:Infinity":57,"s:192:20:192:Infinity":58,"s:193:20:193:Infinity":59,"s:195:20:195:Infinity":60,"s:198:16:198:Infinity":61,"s:201:12:201:Infinity":62,"s:203:8:203:Infinity":63,"f:211:11:211:23":15,"b:211:41:211:54":18,"s:212:8:231:Infinity":64,"f:212:46:212:47":16,"s:213:24:213:Infinity":65,"s:214:28:214:Infinity":66,"s:215:26:215:Infinity":67,"b:218:12:228:Infinity:220:19:228:Infinity":19,"s:218:12:228:Infinity":68,"s:219:16:219:Infinity":69,"s:221:36:221:Infinity":70,"b:222:16:227:Infinity:225:23:227:Infinity":20,"s:222:16:227:Infinity":71,"s:223:20:223:Infinity":72,"s:224:20:224:Infinity":73,"s:226:20:226:Infinity":74,"s:230:12:230:Infinity":75,"s:232:8:232:Infinity":76,"f:240:11:240:20":17,"b:240:38:240:51":21,"s:241:8:251:Infinity":77,"f:241:46:241:47":18,"s:242:24:242:Infinity":78,"s:243:32:243:Infinity":79,"b:244:12:249:Infinity:undefined:undefined:undefined:undefined":22,"s:244:12:249:Infinity":80,"s:245:22:245:Infinity":81,"s:246:38:246:Infinity":82,"s:247:32:247:Infinity":83,"s:248:16:248:Infinity":84,"s:250:12:250:Infinity":85,"s:252:8:252:Infinity":86,"f:260:11:260:22":19,"b:260:40:260:53":23,"s:261:8:271:Infinity":87,"f:261:46:261:47":20,"s:262:24:262:Infinity":88,"s:263:32:263:Infinity":89,"b:264:12:269:Infinity:undefined:undefined:undefined:undefined":24,"s:264:12:269:Infinity":90,"s:265:22:265:Infinity":91,"s:266:38:266:Infinity":92,"s:267:32:267:Infinity":93,"s:268:16:268:Infinity":94,"s:270:12:270:Infinity":95,"s:272:8:272:Infinity":96,"f:279:11:279:22":21,"b:279:40:279:53":25,"s:280:8:282:Infinity":97,"f:280:46:280:47":22,"s:281:12:281:Infinity":98,"s:283:8:283:Infinity":99,"f:290:11:290:21":23,"b:290:39:290:52":26,"s:291:8:294:Infinity":100,"f:291:46:291:47":24,"s:292:28:292:Infinity":101,"s:293:12:293:Infinity":102,"s:295:8:295:Infinity":103,"f:301:11:301:31":25,"s:302:35:302:Infinity":104,"s:304:8:318:Infinity":105,"s:305:18:305:Infinity":106,"b:306:12:317:Infinity:315:19:317:Infinity":27,"s:306:12:317:Infinity":107,"b:306:16:306:55:306:55:306:102":28,"s:308:28:308:Infinity":108,"s:309:32:309:Infinity":109,"b:310:16:314:Infinity:312:16:314:Infinity":29,"s:310:16:314:Infinity":110,"s:311:20:311:Infinity":111,"b:312:16:314:Infinity:undefined:undefined:undefined:undefined":30,"s:312:16:314:Infinity":112,"s:313:20:313:Infinity":113,"s:316:16:316:Infinity":114,"b:320:8:324:Infinity:undefined:undefined:undefined:undefined":31,"s:320:8:324:Infinity":115,"s:321:12:321:Infinity":116,"s:322:12:322:Infinity":117,"s:323:12:323:Infinity":118,"f:333:11:333:29":26,"s:334:8:338:Infinity":119,"b:335:12:337:Infinity:undefined:undefined:undefined:undefined":32,"s:335:12:337:Infinity":120,"b:335:16:335:38:335:38:335:72:335:72:335:103":33,"s:336:16:336:Infinity":121,"f:347:12:347:42":27,"s:349:61:349:Infinity":122,"s:350:8:354:Infinity":123,"b:351:12:353:Infinity:undefined:undefined:undefined:undefined":34,"s:351:12:353:Infinity":124,"s:352:16:352:Infinity":125,"s:357:8:357:Infinity":126,"f:357:26:357:27":28,"s:357:36:357:51":127,"s:359:34:359:Infinity":128,"s:360:26:360:Infinity":129,"s:362:8:378:Infinity":130,"s:362:24:362:27":131,"s:363:27:363:Infinity":132,"s:365:12:374:Infinity":133,"s:365:25:365:36":134,"s:366:30:366:Infinity":135,"b:367:16:369:Infinity:undefined:undefined:undefined:undefined":35,"s:367:16:369:Infinity":136,"s:368:20:368:Infinity":137,"b:370:16:373:Infinity:undefined:undefined:undefined:undefined":36,"s:370:16:373:Infinity":138,"b:370:20:370:42:370:42:370:60":37,"s:371:20:371:Infinity":139,"s:372:20:372:Infinity":140,"b:375:12:377:Infinity:undefined:undefined:undefined:undefined":38,"s:375:12:377:Infinity":141,"s:376:16:376:Infinity":142,"s:380:8:380:Infinity":143,"f:386:12:386:32":29,"s:387:24:387:Infinity":144,"s:388:27:388:Infinity":145,"b:389:8:391:Infinity:undefined:undefined:undefined:undefined":39,"s:389:8:391:Infinity":146,"s:390:12:390:Infinity":147,"b:393:8:399:Infinity:undefined:undefined:undefined:undefined":40,"s:393:8:399:Infinity":148,"s:394:12:398:Infinity":149,"s:394:25:394:45":150,"b:395:16:397:Infinity:undefined:undefined:undefined:undefined":41,"s:395:16:397:Infinity":151,"s:396:20:396:Infinity":152,"s:400:8:400:Infinity":153,"f:406:12:406:28":30,"s:407:24:407:Infinity":154,"s:408:27:408:Infinity":155,"b:409:8:411:Infinity:undefined:undefined:undefined:undefined":42,"s:409:8:411:Infinity":156,"b:409:12:409:31:409:31:409:64":43,"s:410:12:410:Infinity":157,"b:413:8:419:Infinity:undefined:undefined:undefined:undefined":44,"s:413:8:419:Infinity":158,"s:414:12:418:Infinity":159,"b:415:16:417:Infinity:undefined:undefined:undefined:undefined":45,"s:415:16:417:Infinity":160,"s:416:20:416:Infinity":161,"s:420:8:420:Infinity":162,"f:427:12:427:41":31,"s:429:23:429:Infinity":163,"f:429:39:429:40":32,"s:429:43:429:95":164,"s:431:8:473:Infinity":165,"s:432:34:432:Infinity":166,"s:433:32:433:Infinity":167,"s:434:38:434:Infinity":168,"s:435:37:435:Infinity":169,"s:436:30:436:Infinity":170,"s:438:12:472:Infinity":171,"f:438:59:438:60":33,"b:440:16:442:Infinity:undefined:undefined:undefined:undefined":46,"s:440:16:442:Infinity":172,"s:441:20:441:Infinity":173,"b:445:16:449:Infinity:undefined:undefined:undefined:undefined":47,"s:445:16:449:Infinity":174,"s:446:20:446:Infinity":175,"s:447:20:447:Infinity":176,"s:448:20:448:Infinity":177,"b:452:16:454:Infinity:undefined:undefined:undefined:undefined":48,"s:452:16:454:Infinity":178,"b:452:20:452:57:452:57:452:90":49,"s:453:20:453:Infinity":179,"b:457:16:460:Infinity:undefined:undefined:undefined:undefined":50,"s:457:16:460:Infinity":180,"b:457:20:457:56:457:56:457:87":51,"s:458:20:458:Infinity":181,"s:459:20:459:Infinity":182,"b:463:16:469:Infinity:undefined:undefined:undefined:undefined":52,"s:463:16:469:Infinity":183,"b:464:20:464:Infinity:465:20:465:Infinity:466:20:466:Infinity":53,"s:468:20:468:Infinity":184,"s:471:16:471:Infinity":185,"f:479:12:479:45":34,"s:480:8:484:Infinity":186,"f:480:41:480:42":35,"s:481:18:481:Infinity":187,"s:482:18:482:Infinity":188,"s:483:12:483:Infinity":189,"f:490:12:490:37":36,"s:491:8:494:Infinity":190,"f:491:43:491:44":37,"s:492:18:492:Infinity":191,"s:493:12:493:Infinity":192,"f:501:12:501:40":38,"s:503:23:503:Infinity":193,"f:503:39:503:40":39,"s:503:43:503:95":194,"s:505:44:505:Infinity":195,"s:506:27:506:Infinity":196,"s:507:27:507:Infinity":197,"s:508:30:508:Infinity":198,"s:510:8:551:Infinity":199,"s:511:26:511:Infinity":200,"s:512:34:512:Infinity":201,"s:513:38:513:Infinity":202,"b:519:12:529:Infinity:525:19:529:Infinity":54,"s:519:12:529:Infinity":203,"s:521:16:521:Infinity":204,"s:523:20:523:Infinity":205,"b:523:59:523:98:523:98:523:Infinity":55,"s:524:16:524:Infinity":206,"s:527:16:527:Infinity":207,"s:528:16:528:Infinity":208,"s:531:12:531:Infinity":209,"s:534:33:534:Infinity":210,"s:535:30:535:Infinity":211,"s:536:12:536:Infinity":212,"b:538:12:550:Infinity:547:19:550:Infinity":56,"s:538:12:550:Infinity":213,"b:538:16:538:43:538:43:538:63":57,"s:540:34:540:Infinity":214,"b:541:16:545:Infinity:543:23:545:Infinity":58,"s:541:16:545:Infinity":215,"s:542:20:542:Infinity":216,"s:544:20:544:Infinity":217,"s:546:16:546:Infinity":218,"s:548:16:548:Infinity":219,"s:549:16:549:Infinity":220,"s:553:8:553:Infinity":221,"b:553:42:553:58:553:58:553:Infinity":59,"f:561:12:561:Infinity":40,"b:568:8:570:Infinity:undefined:undefined:undefined:undefined":60,"s:568:8:570:Infinity":222,"s:569:12:569:Infinity":223,"s:571:8:571:Infinity":224,"f:578:12:578:40":41,"s:579:8:583:Infinity":225,"f:579:29:579:30":42,"s:580:18:580:Infinity":226,"s:581:18:581:Infinity":227,"s:582:12:582:Infinity":228}}}
,"/Users/tihonove/workspace/vexx/src/Editor/IFoldingRegion.ts": {"path":"/Users/tihonove/workspace/vexx/src/Editor/IFoldingRegion.ts","statementMap":{"0":{"start":{"line":14,"column":4},"end":{"line":14,"column":null}}},"fnMap":{"0":{"name":"createFoldingRegion","decl":{"start":{"line":13,"column":16},"end":{"line":13,"column":36}},"loc":{"start":{"line":13,"column":109},"end":{"line":15,"column":null}},"line":13}},"branchMap":{"0":{"loc":{"start":{"line":13,"column":72},"end":{"line":13,"column":109}},"type":"default-arg","locations":[{"start":{"line":13,"column":86},"end":{"line":13,"column":109}}],"line":13}},"s":{"0":36},"f":{"0":36},"b":{"0":[36]},"meta":{"lastBranch":1,"lastFunction":1,"lastStatement":1,"seen":{"f:13:16:13:36":0,"b:13:86:13:109":0,"s:14:4:14:Infinity":0}}}
,"/Users/tihonove/workspace/vexx/src/Editor/ILineTokens.ts": {"path":"/Users/tihonove/workspace/vexx/src/Editor/ILineTokens.ts","statementMap":{"0":{"start":{"line":17,"column":4},"end":{"line":17,"column":null}},"1":{"start":{"line":21,"column":4},"end":{"line":21,"column":null}}},"fnMap":{"0":{"name":"createToken","decl":{"start":{"line":16,"column":16},"end":{"line":16,"column":28}},"loc":{"start":{"line":16,"column":70},"end":{"line":18,"column":null}},"line":16},"1":{"name":"createLineTokens","decl":{"start":{"line":20,"column":16},"end":{"line":20,"column":33}},"loc":{"start":{"line":20,"column":73},"end":{"line":22,"column":null}},"line":20}},"branchMap":{},"s":{"0":17,"1":10},"f":{"0":17,"1":10},"b":{},"meta":{"lastBranch":0,"lastFunction":2,"lastStatement":2,"seen":{"f:16:16:16:28":0,"s:17:4:17:Infinity":0,"f:20:16:20:33":1,"s:21:4:21:Infinity":1}}}
,"/Users/tihonove/workspace/vexx/src/Editor/IPosition.ts": {"path":"/Users/tihonove/workspace/vexx/src/Editor/IPosition.ts","statementMap":{"0":{"start":{"line":10,"column":4},"end":{"line":10,"column":null}},"1":{"start":{"line":17,"column":4},"end":{"line":19,"column":null}},"2":{"start":{"line":18,"column":8},"end":{"line":18,"column":null}},"3":{"start":{"line":20,"column":4},"end":{"line":20,"column":null}},"4":{"start":{"line":24,"column":4},"end":{"line":24,"column":null}}},"fnMap":{"0":{"name":"createPosition","decl":{"start":{"line":9,"column":16},"end":{"line":9,"column":31}},"loc":{"start":{"line":9,"column":75},"end":{"line":11,"column":null}},"line":9},"1":{"name":"comparePositions","decl":{"start":{"line":16,"column":16},"end":{"line":16,"column":33}},"loc":{"start":{"line":16,"column":69},"end":{"line":21,"column":null}},"line":16},"2":{"name":"positionsEqual","decl":{"start":{"line":23,"column":16},"end":{"line":23,"column":31}},"loc":{"start":{"line":23,"column":68},"end":{"line":25,"column":null}},"line":23}},"branchMap":{"0":{"loc":{"start":{"line":17,"column":4},"end":{"line":19,"column":null}},"type":"if","locations":[{"start":{"line":17,"column":4},"end":{"line":19,"column":null}},{"start":{},"end":{}}],"line":17},"1":{"loc":{"start":{"line":24,"column":11},"end":{"line":24,"column":null}},"type":"binary-expr","locations":[{"start":{"line":24,"column":11},"end":{"line":24,"column":32}},{"start":{"line":24,"column":32},"end":{"line":24,"column":null}}],"line":24}},"s":{"0":242,"1":65,"2":14,"3":51,"4":35},"f":{"0":242,"1":65,"2":35},"b":{"0":[14,51],"1":[35,35]},"meta":{"lastBranch":2,"lastFunction":3,"lastStatement":5,"seen":{"f:9:16:9:31":0,"s:10:4:10:Infinity":0,"f:16:16:16:33":1,"b:17:4:19:Infinity:undefined:undefined:undefined:undefined":0,"s:17:4:19:Infinity":1,"s:18:8:18:Infinity":2,"s:20:4:20:Infinity":3,"f:23:16:23:31":2,"s:24:4:24:Infinity":4,"b:24:11:24:32:24:32:24:Infinity":1}}}
,"/Users/tihonove/workspace/vexx/src/Editor/IRange.ts": {"path":"/Users/tihonove/workspace/vexx/src/Editor/IRange.ts","statementMap":{"0":{"start":{"line":13,"column":4},"end":{"line":16,"column":null}},"1":{"start":{"line":20,"column":4},"end":{"line":20,"column":null}},"2":{"start":{"line":24,"column":4},"end":{"line":26,"column":null}},"3":{"start":{"line":25,"column":8},"end":{"line":25,"column":null}},"4":{"start":{"line":27,"column":4},"end":{"line":29,"column":null}},"5":{"start":{"line":28,"column":8},"end":{"line":28,"column":null}},"6":{"start":{"line":30,"column":4},"end":{"line":30,"column":null}}},"fnMap":{"0":{"name":"createRange","decl":{"start":{"line":12,"column":16},"end":{"line":12,"column":28}},"loc":{"start":{"line":12,"column":118},"end":{"line":17,"column":null}},"line":12},"1":{"name":"isRangeEmpty","decl":{"start":{"line":19,"column":16},"end":{"line":19,"column":29}},"loc":{"start":{"line":19,"column":53},"end":{"line":21,"column":null}},"line":19},"2":{"name":"rangeContainsPosition","decl":{"start":{"line":23,"column":16},"end":{"line":23,"column":38}},"loc":{"start":{"line":23,"column":83},"end":{"line":31,"column":null}},"line":23}},"branchMap":{"0":{"loc":{"start":{"line":20,"column":11},"end":{"line":20,"column":null}},"type":"binary-expr","locations":[{"start":{"line":20,"column":11},"end":{"line":20,"column":50}},{"start":{"line":20,"column":50},"end":{"line":20,"column":null}}],"line":20},"1":{"loc":{"start":{"line":24,"column":4},"end":{"line":26,"column":null}},"type":"if","locations":[{"start":{"line":24,"column":4},"end":{"line":26,"column":null}},{"start":{},"end":{}}],"line":24},"2":{"loc":{"start":{"line":27,"column":4},"end":{"line":29,"column":null}},"type":"if","locations":[{"start":{"line":27,"column":4},"end":{"line":29,"column":null}},{"start":{},"end":{}}],"line":27}},"s":{"0":30,"1":0,"2":0,"3":0,"4":0,"5":0,"6":0},"f":{"0":30,"1":0,"2":0},"b":{"0":[0,0],"1":[0,0],"2":[0,0]},"meta":{"lastBranch":3,"lastFunction":3,"lastStatement":7,"seen":{"f:12:16:12:28":0,"s:13:4:16:Infinity":0,"f:19:16:19:29":1,"s:20:4:20:Infinity":1,"b:20:11:20:50:20:50:20:Infinity":0,"f:23:16:23:38":2,"b:24:4:26:Infinity:undefined:undefined:undefined:undefined":1,"s:24:4:26:Infinity":2,"s:25:8:25:Infinity":3,"b:27:4:29:Infinity:undefined:undefined:undefined:undefined":2,"s:27:4:29:Infinity":4,"s:28:8:28:Infinity":5,"s:30:4:30:Infinity":6}}}
,"/Users/tihonove/workspace/vexx/src/Editor/ISelection.ts": {"path":"/Users/tihonove/workspace/vexx/src/Editor/ISelection.ts","statementMap":{"0":{"start":{"line":26,"column":4},"end":{"line":30,"column":null}},"1":{"start":{"line":37,"column":10},"end":{"line":37,"column":null}},"2":{"start":{"line":38,"column":4},"end":{"line":38,"column":null}},"3":{"start":{"line":46,"column":4},"end":{"line":46,"column":null}},"4":{"start":{"line":53,"column":4},"end":{"line":53,"column":null}},"5":{"start":{"line":57,"column":4},"end":{"line":57,"column":null}},"6":{"start":{"line":64,"column":4},"end":{"line":66,"column":null}},"7":{"start":{"line":65,"column":8},"end":{"line":65,"column":null}},"8":{"start":{"line":67,"column":4},"end":{"line":67,"column":null}}},"fnMap":{"0":{"name":"createSelection","decl":{"start":{"line":19,"column":16},"end":{"line":19,"column":null}},"loc":{"start":{"line":25,"column":14},"end":{"line":31,"column":null}},"line":25},"1":{"name":"createCursorSelection","decl":{"start":{"line":36,"column":16},"end":{"line":36,"column":38}},"loc":{"start":{"line":36,"column":105},"end":{"line":39,"column":null}},"line":36},"2":{"name":"getIdealColumn","decl":{"start":{"line":45,"column":16},"end":{"line":45,"column":31}},"loc":{"start":{"line":45,"column":62},"end":{"line":47,"column":null}},"line":45},"3":{"name":"withIdealColumn","decl":{"start":{"line":52,"column":16},"end":{"line":52,"column":32}},"loc":{"start":{"line":52,"column":88},"end":{"line":54,"column":null}},"line":52},"4":{"name":"isSelectionCollapsed","decl":{"start":{"line":56,"column":16},"end":{"line":56,"column":37}},"loc":{"start":{"line":56,"column":69},"end":{"line":58,"column":null}},"line":56},"5":{"name":"selectionToRange","decl":{"start":{"line":63,"column":16},"end":{"line":63,"column":33}},"loc":{"start":{"line":63,"column":64},"end":{"line":68,"column":null}},"line":63}},"branchMap":{"0":{"loc":{"start":{"line":46,"column":11},"end":{"line":46,"column":null}},"type":"binary-expr","locations":[{"start":{"line":46,"column":11},"end":{"line":46,"column":36}},{"start":{"line":46,"column":36},"end":{"line":46,"column":null}}],"line":46},"1":{"loc":{"start":{"line":64,"column":4},"end":{"line":66,"column":null}},"type":"if","locations":[{"start":{"line":64,"column":4},"end":{"line":66,"column":null}},{"start":{},"end":{}}],"line":64}},"s":{"0":13,"1":156,"2":156,"3":19,"4":0,"5":35,"6":42,"7":42,"8":0},"f":{"0":13,"1":156,"2":19,"3":0,"4":35,"5":42},"b":{"0":[19,13],"1":[42,0]},"meta":{"lastBranch":2,"lastFunction":6,"lastStatement":9,"seen":{"f:19:16:19:Infinity":0,"s:26:4:30:Infinity":0,"f:36:16:36:38":1,"s:37:10:37:Infinity":1,"s:38:4:38:Infinity":2,"f:45:16:45:31":2,"s:46:4:46:Infinity":3,"b:46:11:46:36:46:36:46:Infinity":0,"f:52:16:52:32":3,"s:53:4:53:Infinity":4,"f:56:16:56:37":4,"s:57:4:57:Infinity":5,"f:63:16:63:33":5,"b:64:4:66:Infinity:undefined:undefined:undefined:undefined":1,"s:64:4:66:Infinity":6,"s:65:8:65:Infinity":7,"s:67:4:67:Infinity":8}}}
,"/Users/tihonove/workspace/vexx/src/Editor/ITextDocument.ts": {"path":"/Users/tihonove/workspace/vexx/src/Editor/ITextDocument.ts","statementMap":{},"fnMap":{},"branchMap":{},"s":{},"f":{},"b":{},"meta":{"lastBranch":0,"lastFunction":0,"lastStatement":0,"seen":{}}}
,"/Users/tihonove/workspace/vexx/src/Editor/ITextEdit.ts": {"path":"/Users/tihonove/workspace/vexx/src/Editor/ITextEdit.ts","statementMap":{"0":{"start":{"line":14,"column":4},"end":{"line":14,"column":null}},"1":{"start":{"line":18,"column":4},"end":{"line":21,"column":null}},"2":{"start":{"line":30,"column":4},"end":{"line":33,"column":null}}},"fnMap":{"0":{"name":"createTextEdit","decl":{"start":{"line":13,"column":16},"end":{"line":13,"column":31}},"loc":{"start":{"line":13,"column":71},"end":{"line":15,"column":null}},"line":13},"1":{"name":"createInsertEdit","decl":{"start":{"line":17,"column":16},"end":{"line":17,"column":33}},"loc":{"start":{"line":17,"column":91},"end":{"line":22,"column":null}},"line":17},"2":{"name":"createDeleteEdit","decl":{"start":{"line":24,"column":16},"end":{"line":24,"column":null}},"loc":{"start":{"line":29,"column":13},"end":{"line":34,"column":null}},"line":29}},"branchMap":{},"s":{"0":33,"1":11,"2":5},"f":{"0":33,"1":11,"2":5},"b":{},"meta":{"lastBranch":0,"lastFunction":3,"lastStatement":3,"seen":{"f:13:16:13:31":0,"s:14:4:14:Infinity":0,"f:17:16:17:33":1,"s:18:4:21:Infinity":1,"f:24:16:24:Infinity":2,"s:30:4:33:Infinity":2}}}
,"/Users/tihonove/workspace/vexx/src/Editor/TextDocument.ts": {"path":"/Users/tihonove/workspace/vexx/src/Editor/TextDocument.ts","statementMap":{"0":{"start":{"line":12,"column":27},"end":{"line":12,"column":null}},"1":{"start":{"line":15,"column":8},"end":{"line":15,"column":null}},"2":{"start":{"line":19,"column":8},"end":{"line":19,"column":null}},"3":{"start":{"line":23,"column":8},"end":{"line":23,"column":null}},"4":{"start":{"line":24,"column":8},"end":{"line":24,"column":null}},"5":{"start":{"line":28,"column":8},"end":{"line":28,"column":null}},"6":{"start":{"line":29,"column":8},"end":{"line":29,"column":null}},"7":{"start":{"line":33,"column":8},"end":{"line":33,"column":null}},"8":{"start":{"line":37,"column":8},"end":{"line":37,"column":null}},"9":{"start":{"line":41,"column":8},"end":{"line":41,"column":null}},"10":{"start":{"line":45,"column":8},"end":{"line":47,"column":null}},"11":{"start":{"line":46,"column":12},"end":{"line":46,"column":null}},"12":{"start":{"line":50,"column":23},"end":{"line":54,"column":null}},"13":{"start":{"line":51,"column":18},"end":{"line":51,"column":null}},"14":{"start":{"line":52,"column":12},"end":{"line":52,"column":null}},"15":{"start":{"line":52,"column":27},"end":{"line":52,"column":null}},"16":{"start":{"line":53,"column":12},"end":{"line":53,"column":null}},"17":{"start":{"line":56,"column":8},"end":{"line":58,"column":null}},"18":{"start":{"line":57,"column":12},"end":{"line":57,"column":null}},"19":{"start":{"line":64,"column":32},"end":{"line":64,"column":null}},"20":{"start":{"line":65,"column":31},"end":{"line":65,"column":null}},"21":{"start":{"line":67,"column":26},"end":{"line":67,"column":null}},"22":{"start":{"line":68,"column":24},"end":{"line":68,"column":null}},"23":{"start":{"line":69,"column":26},"end":{"line":69,"column":null}},"24":{"start":{"line":70,"column":24},"end":{"line":70,"column":null}},"25":{"start":{"line":73,"column":23},"end":{"line":73,"column":null}},"26":{"start":{"line":74,"column":23},"end":{"line":74,"column":null}},"27":{"start":{"line":75,"column":29},"end":{"line":75,"column":null}},"28":{"start":{"line":76,"column":25},"end":{"line":76,"column":null}},"29":{"start":{"line":79,"column":33},"end":{"line":79,"column":null}},"30":{"start":{"line":80,"column":34},"end":{"line":80,"column":null}},"31":{"start":{"line":81,"column":26},"end":{"line":81,"column":null}},"32":{"start":{"line":84,"column":8},"end":{"line":84,"column":null}},"33":{"start":{"line":87,"column":8},"end":{"line":87,"column":null}},"34":{"start":{"line":99,"column":8},"end":{"line":101,"column":null}},"35":{"start":{"line":99,"column":21},"end":{"line":99,"column":32}},"36":{"start":{"line":100,"column":12},"end":{"line":100,"column":null}},"37":{"start":{"line":103,"column":8},"end":{"line":111,"column":null}},"38":{"start":{"line":105,"column":12},"end":{"line":105,"column":null}},"39"
[...]
,"/Users/tihonove/workspace/vexx/src/TerminalBackend/serializeKey.ts": {"path":"/Users/tihonove/workspace/vexx/src/TerminalBackend/serializeKey.ts","statementMap":{"0":{"start":{"line":16,"column":50},"end":{"line":22,"column":null}},"1":{"start":{"line":25,"column":46},"end":{"line":36,"column":null}},"2":{"start":{"line":39,"column":40},"end":{"line":44,"column":null}},"3":{"start":{"line":47,"column":45},"end":{"line":60,"column":null}},"4":{"start":{"line":63,"column":14},"end":{"line":63,"column":null}},"5":{"start":{"line":64,"column":4},"end":{"line":64,"column":null}},"6":{"start":{"line":64,"column":15},"end":{"line":64,"column":null}},"7":{"start":{"line":65,"column":4},"end":{"line":65,"column":null}},"8":{"start":{"line":65,"column":13},"end":{"line":65,"column":null}},"9":{"start":{"line":66,"column":4},"end":{"line":66,"column":null}},"10":{"start":{"line":66,"column":14},"end":{"line":66,"column":null}},"11":{"start":{"line":67,"column":4},"end":{"line":67,"column":null}},"12":{"start":{"line":67,"column":14},"end":{"line":67,"column":null}},"13":{"start":{"line":68,"column":4},"end":{"line":68,"column":null}},"14":{"start":{"line":73,"column":15},"end":{"line":73,"column":null}},"15":{"start":{"line":74,"column":16},"end":{"line":74,"column":null}},"16":{"start":{"line":75,"column":14},"end":{"line":75,"column":null}},"17":{"start":{"line":76,"column":15},"end":{"line":76,"column":null}},"18":{"start":{"line":77,"column":20},"end":{"line":77,"column":null}},"19":{"start":{"line":79,"column":23},"end":{"line":79,"column":null}},"20":{"start":{"line":80,"column":16},"end":{"line":80,"column":null}},"21":{"start":{"line":81,"column":4},"end":{"line":89,"column":null}},"22":{"start":{"line":82,"column":20},"end":{"line":82,"column":null}},"23":{"start":{"line":83,"column":8},"end":{"line":86,"column":null}},"24":{"start":{"line":83,"column":28},"end":{"line":83,"column":null}},"25":{"start":{"line":83,"column":35},"end":{"line":86,"column":null}},"26":{"start":{"line":84,"column":34},"end":{"line":84,"column":null}},"27":{"start":{"line":84,"column":42},"end":{"line":86,"column":null}},"28":{"start":{"line":85,"column":32},"end":{"line":85,"column":null}},"29":{"start":{"line":85,"column":38},"end":{"line":86,"column":null}},"30":{"start":{"line":86,"column":33},"end":{"line":86,"column":null}},"31":{"start":{"line":87,"column":8},"end":{"line":87,"column":null}},"32":{"start":{"line":88,"column":8},"end":{"line":88,"column":null}},"33":{"start":{"line":91,"column":25},"end":{"line":91,"column":null}},"34":{"start":{"line":94,"column":4},"end":{"line":96,"column":null}},"35":{"start":{"line":95,"column":8},"end":{"line":95,"column":null}},"36":{"start":{"line":99,"column":4},"end":{"line":102,"column":null}},"37":{"start":{"line":100,"column":21},"end":{"line":100,"column":null}},"38":{"start":{"line":101,"column":8},"end":{"line":101,"column":null}},"39":{"start":{"line":105,"column":4},"end":{"line":107,"column":null}},"40":{"start":{"line":106,"column":8},"end":{"line":106,"column":null}},"41":{"start":{"line":110,"column":4},"end":{"line":121,"column":null}},"42":{"start":{"line":111,"column":23},"end":{"line":111,"column":null}},"43":{"start":{"line":112,"column":8},"end":{"line":118,"column":null}},"44":{"start":{"line":114,"column":12},"end":{"line":116,"column":null}},"45":{"start":{"line":115,"column":16},"end":{"line":115,"column":null}},"46":{"start":{"line":117,"column":12},"end":{"line":117,"column":null}},"47":{"start":{"line":119,"column":20},"end":{"line":119,"column":null}},"48":{"start":{"line":120,"column":8},"end":{"line":120,"column":null}},"49":{"start":{"line":124,"column":4},"end":{"line":131,"column":null}},"50":{"start":{"line":125,"column":20},"end":{"line":125,"column":null}},"51":{"start":{"line":126,"column":8},"end":{"line":128,"column":null}},"52":{"start":{"line":127,"column":12},"end":{"line":127,"column":null}},"53":{"start":{"line":129,"column":20},"end":{"line":129,"column":null}},"54":{"start":{"line":130,"column":8},"end":{"line":130,"column":null}},"55":{"start":{"line":134,"column":4},"end":{"line":136,"column":null}},"56":{"start":{"line":135,"column":8},"end":{"line":135,"column":null}},"57":{"start":{"line":138,"column":4},"end":{"line":138,"column":null}}},"fnMap":{"0":{"name":"encodeModifier","decl":{"start":{"line":62,"column":9},"end":{"line":62,"column":24}},"loc":{"start":{"line":62,"column":92},"end":{"line":69,"column":null}},"line":62},"1":{"name":"serializeKey","decl":{"start":{"line":71,"column":16},"end":{"line":71,"column":29}},"loc":{"start":{"line":71,"column":51},"end":{"line":139,"column":null}},"line":71}},"branchMap":{"0":{"loc":{"start":{"line":64,"column":4},"end":{"line":64,"column":null}},"type":"if","locations":[{"start":{"line":64,"column":4},"end":{"line":64,"column":null}},{"start":{},"end":{}}],"line":64},"1":{"loc":{"start":{"line":65,"column":4},"end":{"line":65,"column":null}},"type":"if","locations":[{"start":{"line":65,"column":4},"end":{"line":65,"column":null}},{"start":{},"end":{}}],"line":65},"2":{"loc":{"start":{"line":66,"column":4},"end":{"line":66,"column":null}},"type":"if","locations":[{"start":{"line":66,"column":4},"end":{"line":66,"column":null}},{"start":{},"end":{}}],"line":66},"3":{"loc":{"start":{"line":67,"column":4},"end":{"line":67,"column":null}},"type":"if","locations":[{"start":{"line":67,"column":4},"end":{"line":67,"column":null}},{"start":{},"end":{}}],"line":67},"4":{"loc":{"start":{"line":83,"column":8},"end":{"line":86,"column":null}},"type":"if","locations":[{"start":{"line":83,"column":8},"end":{"line":86,"column":null}},{"start":{"line":83,"column":35},"end":{"line":86,"column":null}}],"line":83},"5":{"loc":{"start":{"line":83,"column":35},"end":{"line":86,"column":null}},"type":"if","locations":[{"start":{"line":83,"column":35},"end":{"line":86,"column":null}},{"start":{"line":84,"column":42},"end":{"line":86,"column":null}}],"line":83},"6":{"loc":{"start":{"line":84,"column":42},"end":{"line":86,"column":null}},"type":"if","locations":[{"start":{"line":84,"column":42},"end":{"line":86,"column":null}},{"start":{"line":85,"column":38},"end":{"line":86,"column":null}}],"line":84},"7":{"loc":{"start":{"line":85,"column":38},"end":{"line":86,"column":null}},"type":"if","locations":[{"start":{"line":85,"column":38},"end":{"line":86,"column":null}},{"start":{},"end":{}}],"line":85},"8":{"loc":{"start":{"line":91,"column":25},"end":{"line":91,"column":null}},"type":"binary-expr","locations":[{"start":{"line":91,"column":25},"end":{"line":91,"column":33}},{"start":{"line":91,"column":33},"end":{"line":91,"column":42}},{"start":{"line":91,"column":42},"end":{"line":91,"column":49}},{"start":{"line":91,"column":49},"end":{"line":91,"column":null}}],"line":91},"9":{"loc":{"start":{"line":94,"column":4},"end":{"line":96,"column":null}},"type":"if","locations":[{"start":{"line":94,"column":4},"end":{"line":96,"column":null}},{"start":{},"end":{}}],"line":94},"10":{"loc":{"start":{"line":94,"column":8},"end":{"line":94,"column":57}},"type":"binary-expr","locations":[{"start":{"line":94,"column":8},"end":{"line":94,"column":25}},{"start":{"line":94,"column":25},"end":{"line":94,"column":57}}],"line":94},"11":{"loc":{"start":{"line":99,"column":4},"end":{"line":102,"column":null}},"type":"if","locations":[{"start":{"line":99,"column":4},"end":{"line":102,"column":null}},{"start":{},"end":{}}],"line":99},"12":{"loc":{"start":{"line":99,"column":8},"end":{"line":99,"column":97}},"type":"binary-expr","locations":[{"start":{"line":99,"column":8},"end":{"line":99,"column":16}},{"start":{"line":99,"column":16},"end":{"line":99,"column":26}},{"start":{"line":99,"column":26},"end":{"line":99,"column":34}},{"start":{"line":99,"column":34},"end":{"line":99,"column":43}},{"start":{"line":99,"column":43},"end":{"line":99,"column":69}},{"start":{"line":99,"column":69},"end":{"line":99,"column":97}}],"line":99},"13":{"loc":{"start":{"line":105,"column":4},"end":{"line":107,"column":null}},"type":"if","locations":[{"start":{"line":105,"column":4},"end":{"line":107,"column":null}},{"start":{},"end":{}}],"line":105},"14":{"loc":{"start":{"line":105,"column":8},"end":{"line":105,"column":67}},"type":"binary-expr","locations":[{"start":{"line":105,"column":8},"end":{"line":105,"column":15}},{"start":{"line":105,"column":15},"end":{"line":105,"column":24}},{"start":{"line":105,"column":24},"end":{"line":105,"column":34}},{"start":{"line":105,"column":34},"end":{"line":105,"column":43}},{"start":{"line":105,"column":43},"end":{"line":105,"column":67}}],"line":105},"15":{"loc":{"start":{"line":110,"column":4},"end":{"line":121,"column":null}},"type":"if","locations":[{"start":{"line":110,"column":4},"end":{"line":121,"column":null}},{"start":{},"end":{}}],"line":110},"16":{"loc":{"start":{"line":112,"column":8},"end":{"line":118,"column":null}},"type":"if","locations":[{"start":{"line":112,"column":8},"end":{"line":118,"column":null}},{"start":{},"end":{}}],"line":112},"17":{"loc":{"start":{"line":114,"column":12},"end":{"line":116,"column":null}},"type":"if","locations":[{"start":{"line":114,"column":12},"end":{"line":116,"column":null}},{"start":{},"end":{}}],"line":114},"18":{"loc":{"start":{"line":124,"column":4},"end":{"line":131,"column":null}},"type":"if","locations":[{"start":{"line":124,"column":4},"end":{"line":131,"column":null}},{"start":{},"end":{}}],"line":124},"19":{"loc":{"start":{"line":126,"column":8},"end":{"line":128,"column":null}},"type":"if","locations":[{"start":{"line":126,"column":8},"end":{"line":128,"column":null}},{"start":{},"end":{}}],"line":126},"20":{"loc":{"start":{"line":134,"column":4},"end":{"line":136,"column":null}},"type":"if","locations":[{"start":{"line":134,"column":4},"end":{"line":136,"column":null}},{"start":{},"end":{}}],"line":134},"21":{"loc":{"start":{"line":134,"column":8},"end":{"line":134,"column":49}},"type":"binary-expr","locations":[{"start":{"line":134,"column":8},"end":{"line":134,"column":25}},{"start":{"line":134,"column":25},"end":{"line":134,"column":49}}],"line":134}},"s":{"0":7,"1":7,"2":7,"3":7,"4":7,"5":7,"6":3,"7":7,"8":0,"9":7,"10":5,"11":7,"12":0,"13":7,"14":67,"15":67,"16":67,"17":67,"18":67,"19":67,"20":67,"21":67,"22":18,"23":18,"24":13,"25":5,"26":4,"27":1,"28":1,"29":0,"30":0,"31":18,"32":18,"33":67,"34":67,"35":10,"36":57,"37":7,"38":7,"39":50,"40":1,"41":49,"42":24,"43":24,"44":19,"45":4,"46":15,"47":5,"48":5,"49":25,"50":14,"51":14,"52":12,"53":2,"54":2,"55":11,"56":10,"57":1},"f":{"0":7,"1":67},"b":{"0":[3,4],"1":[0,7],"2":[5,2],"3":[0,7],"4":[13,5],"5":[4,1],"6":[1,0],"7":[0,0],"8":[67,54,52,51],"9":[10,57],"10":[67,51],"11":[7,50],"12":[57,13,11,11,11,7],"13":[1,49],"14":[50,1,1,1,1],"15":[24,25],"16":[19,5],"17":[4,15],"18":[14,11],"19":[12,2],"20":[10,1],"21":[11,10]},"meta":{"lastBranch":22,"lastFunction":2,"lastStatement":58,"seen":{"s:16:50:22:Infinity":0,"s:25:46:36:Infinity":1,"s:39:40:44:Infinity":2,"s:47:45:60:Infinity":3,"f:62:9:62:24":0,"s:63:14:63:Infinity":4,"b:64:4:64:Infinity:undefined:undefined:undefined:undefined":0,"s:64:4:64:Infinity":5,"s:64:15:64:Infinity":6,"b:65:4:65:Infinity:undefined:undefined:undefined:undefined":1,"s:65:4:65:Infinity":7,"s:65:13:65:Infinity":8,"b:66:4:66:Infinity:undefined:undefined:undefined:undefined":2,"s:66:4:66:Infinity":9,"s:66:14:66:Infinity":10,"b:67:4:67:Infinity:undefined:undefined:undefined:undefined":3,"s:67:4:67:Infinity":11,"s:67:14:67:Infinity":12,"s:68:4:68:Infinity":13,"f:71:16:71:29":1,"s:73:15:73:Infinity":14,"s:74:16:74:Infinity":15,"s:75:14:75:Infinity":16,"s:76:15:76:Infinity":17,"s:77:20:77:Infinity":18,"s:79:23:79:Infinity":19,"s:80:16:80:Infinity":20,"s:81:4:89:Infinity":21,"s:82:20:82:Infinity":22,"b:83:8:86:Infinity:83:35:86:Infinity":4,"s:83:8:86:Infinity":23,"s:83:28:83:Infinity":24,"b:83:35:86:Infinity:84:42:86:Infinity":5,"s:83:35:86:Infinity":25,"s:84:34:84:Infinity":26,"b:84:42:86:Infinity:85:38:86:Infinity":6,"s:84:42:86:Infinity":27,"s:85:32:85:Infinity":28,"b:85:38:86:Infinity:undefined:undefined:undefined:undefined":7,"s:85:38:86:Infinity":29,"s:86:33:86:Infinity":30,"s:87:8:87:Infinity":31,"s:88:8:88:Infinity":32,"s:91:25:91:Infinity":33,"b:91:25:91:33:91:33:91:42:91:42:91:49:91:49:91:Infinity":8,"b:94:4:96:Infinity:undefined:undefined:undefined:undefined":9,"s:94:4:96:Infinity":34,"b:94:8:94:25:94:25:94:57":10,"s:95:8:95:Infinity":35,"b:99:4:102:Infinity:undefined:undefined:undefined:undefined":11,"s:99:4:102:Infinity":36,"b:99:8:99:16:99:16:99:26:99:26:99:34:99:34:99:43:99:43:99:69:99:69:99:97":12,"s:100:21:100:Infinity":37,"s:101:8:101:Infinity":38,"b:105:4:107:Infinity:undefined:undefined:undefined:undefined":13,"s:105:4:107:Infinity":39,"b:105:8:105:15:105:15:105:24:105:24:105:34:105:34:105:43:105:43:105:67":14,"s:106:8:106:Infinity":40,"b:110:4:121:Infinity:undefined:undefined:undefined:undefined":15,"s:110:4:121:Infinity":41,"s:111:23:111:Infinity":42,"b:112:8:118:Infinity:undefined:undefined:undefined:undefined":16,"s:112:8:118:Infinity":43,"b:114:12:116:Infinity:undefined:undefined:undefined:undefined":17,"s:114:12:116:Infinity":44,"s:115:16:115:Infinity":45,"s:117:12:117:Infinity":46,"s:119:20:119:Infinity":47,"s:120:8:120:Infinity":48,"b:124:4:131:Infinity:undefined:undefined:undefined:undefined":18,"s:124:4:131:Infinity":49,"s:125:20:125:Infinity":50,"b:126:8:128:Infinity:undefined:undefined:undefined:undefined":19,"s:126:8:128:Infinity":51,"s:127:12:127:Infinity":52,"s:129:20:129:Infinity":53,"s:130:8:130:Infinity":54,"b:134:4:136:Infinity:undefined:undefined:undefined:undefined":20,"s:134:4:136:Infinity":55,"b:134:8:134:25:134:25:134:49":21,"s:135:8:135:Infinity":56,"s:138:4:138:Infinity":57}}}
,"/Users/tihonove/workspace/vexx/src/TestUtils/expectScreen.ts": {"path":"/Users/tihonove/workspace/vexx/src/TestUtils/expectScreen.ts","statementMap":{"0":{"start":{"line":18,"column":14},"end":{"line":18,"column":null}},"1":{"start":{"line":19,"column":4},"end":{"line":21,"column":null}},"2":{"start":{"line":19,"column":17},"end":{"line":19,"column":20}},"3":{"start":{"line":20,"column":8},"end":{"line":20,"column":null}},"4":{"start":{"line":24,"column":16},"end":{"line":24,"column":null}},"5":{"start":{"line":25,"column":4},"end":{"line":27,"column":null}},"6":{"start":{"line":26,"column":8},"end":{"line":26,"column":null}},"7":{"start":{"line":28,"column":4},"end":{"line":30,"column":null}},"8":{"start":{"line":29,"column":8},"end":{"line":29,"column":null}},"9":{"start":{"line":33,"column":26},"end":{"line":33,"column":null}},"10":{"start":{"line":33,"column":46},"end":{"line":33,"column":65}},"11":{"start":{"line":35,"column":8},"end":{"line":35,"column":null}},"12":{"start":{"line":35,"column":72},"end":{"line":35,"column":105}},"13":{"start":{"line":38,"column":4},"end":{"line":38,"column":null}},"14":{"start":{"line":38,"column":29},"end":{"line":38,"column":57}},"15":{"start":{"line":40,"column":4},"end":{"line":40,"column":null}},"16":{"start":{"line":49,"column":18},"end":{"line":49,"column":null}},"17":{"start":{"line":49,"column":45},"end":{"line":49,"column":56}},"18":{"start":{"line":51,"column":4},"end":{"line":53,"column":null}},"19":{"start":{"line":52,"column":8},"end":{"line":52,"column":null}},"20":{"start":{"line":54,"column":4},"end":{"line":54,"column":null}},"21":{"start":{"line":68,"column":19},"end":{"line":68,"column":null}},"22":{"start":{"line":69,"column":4},"end":{"line":69,"column":null}}},"fnMap":{"0":{"name":"screen","decl":{"start":{"line":16,"column":16},"end":{"line":16,"column":23}},"loc":{"start":{"line":16,"column":84},"end":{"line":41,"column":null}},"line":16},"1":{"name":"(anonymous_1)","decl":{"start":{"line":33,"column":39},"end":{"line":33,"column":40}},"loc":{"start":{"line":33,"column":46},"end":{"line":33,"column":65}},"line":33},"2":{"name":"(anonymous_2)","decl":{"start":{"line":35,"column":65},"end":{"line":35,"column":66}},"loc":{"start":{"line":35,"column":72},"end":{"line":35,"column":105}},"line":35},"3":{"name":"(anonymous_3)","decl":{"start":{"line":38,"column":22},"end":{"line":38,"column":23}},"loc":{"start":{"line":38,"column":29},"end":{"line":38,"column":57}},"line":38},"4":{"name":"normalizeScreen","decl":{"start":{"line":48,"column":9},"end":{"line":48,"column":25}},"loc":{"start":{"line":48,"column":46},"end":{"line":55,"column":null}},"line":48},"5":{"name":"(anonymous_5)","decl":{"start":{"line":49,"column":38},"end":{"line":49,"column":39}},"loc":{"start":{"line":49,"column":45},"end":{"line":49,"column":56}},"line":49},"6":{"name":"expectScreen","decl":{"start":{"line":67,"column":16},"end":{"line":67,"column":29}},"loc":{"start":{"line":67,"column":83},"end":{"line":70,"column":null}},"line":67}},"branchMap":{"0":{"loc":{"start":{"line":25,"column":4},"end":{"line":27,"column":null}},"type":"if","locations":[{"start":{"line":25,"column":4},"end":{"line":27,"column":null}},{"start":{},"end":{}}],"line":25},"1":{"loc":{"start":{"line":25,"column":8},"end":{"line":25,"column":52}},"type":"binary-expr","locations":[{"start":{"line":25,"column":8},"end":{"line":25,"column":28}},{"start":{"line":25,"column":28},"end":{"line":25,"column":52}}],"line":25},"2":{"loc":{"start":{"line":28,"column":4},"end":{"line":30,"column":null}},"type":"if","locations":[{"start":{"line":28,"column":4},"end":{"line":30,"column":null}},{"start":{},"end":{}}],"line":28},"3":{"loc":{"start":{"line":28,"column":8},"end":{"line":28,"column":67}},"type":"binary-expr","locations":[{"start":{"line":28,"column":8},"end":{"line":28,"column":28}},{"start":{"line":28,"column":28},"end":{"line":28,"column":67}}],"line":28},"4":{"loc":{"start":{"line":35,"column":8},"end":{"line":35,"column":null}},"type":"cond-expr","locations":[{"start":{"line":35,"column":35},"end":{"line":35,"column":110}},{"start":{"line":35,"column":110},"end":{"line":35,"column":null}}],"line":35},"5":{"loc":{"start":{"line":35,"column":72},"end":{"line":35,"column":105}},"type":"binary-expr","locations":[{"start":{"line":35,"column":72},"end":{"line":35,"column":104}},{"start":{"line":35,"column":104},"end":{"line":35,"column":105}}],"line":35},"6":{"loc":{"start":{"line":51,"column":11},"end":{"line":51,"column":63}},"type":"binary-expr","locations":[{"start":{"line":51,"column":11},"end":{"line":51,"column":31}},{"start":{"line":51,"column":31},"end":{"line":51,"column":63}}],"line":51}},"s":{"0":19,"1":19,"2":19,"3":0,"4":19,"5":19,"6":19,"7":19,"8":19,"9":19,"10":66,"11":19,"12":66,"13":19,"14":66,"15":19,"16":19,"17":69,"18":19,"19":3,"20":19,"21":19,"22":19},"f":{"0":19,"1":66,"2":66,"3":66,"4":19,"5":69,"6":19},"b":{"0":[19,0],"1":[19,19],"2":[19,0],"3":[19,19],"4":[19,0],"5":[66,0],"6":[19,22]},"meta":{"lastBranch":7,"lastFunction":7,"lastStatement":23,"seen":{"f:16:16:16:23":0,"s:18:14:18:Infinity":0,"s:19:4:21:Infinity":1,"s:19:17:19:20":2,"s:20:8:20:Infinity":3,"s:24:16:24:Infinity":4,"b:25:4:27:Infinity:undefined:undefined:undefined:undefined":0,"s:25:4:27:Infinity":5,"b:25:8:25:28:25:28:25:52":1,"s:26:8:26:Infinity":6,"b:28:4:30:Infinity:undefined:undefined:undefined:undefined":2,"s:28:4:30:Infinity":7,"b:28:8:28:28:28:28:28:67":3,"s:29:8:29:Infinity":8,"s:33:26:33:Infinity":9,"f:33:39:33:40":1,"s:33:46:33:65":10,"s:35:8:35:Infinity":11,"b:35:35:35:110:35:110:35:Infinity":4,"f:35:65:35:66":2,"s:35:72:35:105":12,"b:35:72:35:104:35:104:35:105":5,"s:38:4:38:Infinity":13,"f:38:22:38:23":3,"s:38:29:38:57":14,"s:40:4:40:Infinity":15,"f:48:9:48:25":4,"s:49:18:49:Infinity":16,"f:49:38:49:39":5,"s:49:45:49:56":17,"s:51:4:53:Infinity":18,"b:51:11:51:31:51:31:51:63":6,"s:52:8:52:Infinity":19,"s:54:4:54:Infinity":20,"f:67:16:67:29":6,"s:68:19:68:Infinity":21,"s:69:4:69:Infinity":22}}}
}
