{"/home/tihonove/workspace/vexx/src/main.ts": {"path":"/home/tihonove/workspace/vexx/src/main.ts","statementMap":{"0":{"start":{"line":9,"column":17},"end":{"line":9,"column":null}},"1":{"start":{"line":10,"column":0},"end":{"line":13,"column":null}},"2":{"start":{"line":11,"column":4},"end":{"line":11,"column":null}},"3":{"start":{"line":12,"column":4},"end":{"line":12,"column":null}},"4":{"start":{"line":15,"column":21},"end":{"line":15,"column":null}},"5":{"start":{"line":19,"column":16},"end":{"line":19,"column":null}},"6":{"start":{"line":20,"column":12},"end":{"line":20,"column":null}},"7":{"start":{"line":22,"column":22},"end":{"line":22,"column":null}},"8":{"start":{"line":23,"column":0},"end":{"line":23,"column":null}},"9":{"start":{"line":24,"column":0},"end":{"line":24,"column":null}},"10":{"start":{"line":26,"column":0},"end":{"line":26,"column":null}},"11":{"start":{"line":28,"column":0},"end":{"line":28,"column":null}},"12":{"start":{"line":29,"column":0},"end":{"line":29,"column":null}},"13":{"start":{"line":30,"column":0},"end":{"line":30,"column":null}}},"fnMap":{},"branchMap":{"0":{"loc":{"start":{"line":10,"column":0},"end":{"line":13,"column":null}},"type":"if","locations":[{"start":{"line":10,"column":0},"end":{"line":13,"column":null}},{"start":{},"end":{}}],"line":10}},"s":{"0":0,"1":0,"2":0,"3":0,"4":0,"5":0,"6":0,"7":0,"8":0,"9":0,"10":0,"11":0,"12":0,"13":0},"f":{},"b":{"0":[0,0]},"meta":{"lastBranch":1,"lastFunction":0,"lastStatement":14,"seen":{"s:9:17:9:Infinity":0,"b:10:0:13:Infinity:undefined:undefined:undefined:undefined":0,"s:10:0:13:Infinity":1,"s:11:4:11:Infinity":2,"s:12:4:12:Infinity":3,"s:15:21:15:Infinity":4,"s:19:16:19:Infinity":5,"s:20:12:20:Infinity":6,"s:22:22:22:Infinity":7,"s:23:0:23:Infinity":8,"s:24:0:24:Infinity":9,"s:26:0:26:Infinity":10,"s:28:0:28:Infinity":11,"s:29:0:29:Infinity":12,"s:30:0:30:Infinity":13}}}
,"/home/tihonove/workspace/vexx/src/Backend/ITerminalBackend.ts": {"path":"/home/tihonove/workspace/vexx/src/Backend/ITerminalBackend.ts","statementMap":{},"fnMap":{},"branchMap":{},"s":{},"f":{},"b":{},"meta":{"lastBranch":0,"lastFunction":0,"lastStatement":0,"seen":{}}}
,"/home/tihonove/workspace/vexx/src/Backend/MockTerminalBackend.ts": {"path":"/home/tihonove/workspace/vexx/src/Backend/MockTerminalBackend.ts","statementMap":{"0":{"start":{"line":20,"column":65},"end":{"line":20,"column":null}},"1":{"start":{"line":21,"column":56},"end":{"line":21,"column":null}},"2":{"start":{"line":26,"column":35},"end":{"line":26,"column":null}},"3":{"start":{"line":55,"column":35},"end":{"line":55,"column":null}},"4":{"start":{"line":29,"column":8},"end":{"line":29,"column":null}},"5":{"start":{"line":30,"column":8},"end":{"line":30,"column":null}},"6":{"start":{"line":31,"column":8},"end":{"line":31,"column":null}},"7":{"start":{"line":35,"column":37},"end":{"line":35,"column":null}},"8":{"start":{"line":36,"column":8},"end":{"line":38,"column":null}},"9":{"start":{"line":38,"column":23},"end":{"line":38,"column":76}},"10":{"start":{"line":42,"column":8},"end":{"line":44,"column":null}},"11":{"start":{"line":44,"column":23},"end":{"line":44,"column":77}},"12":{"start":{"line":48,"column":8},"end":{"line":48,"column":null}},"13":{"start":{"line":52,"column":8},"end":{"line":52,"column":null}},"14":{"start":{"line":58,"column":8},"end":{"line":64,"column":null}},"15":{"start":{"line":58,"column":21},"end":{"line":58,"column":24}},"16":{"start":{"line":59,"column":12},"end":{"line":63,"column":null}},"17":{"start":{"line":59,"column":25},"end":{"line":59,"column":28}},"18":{"start":{"line":60,"column":29},"end":{"line":60,"column":null}},"19":{"start":{"line":61,"column":16},"end":{"line":61,"column":null}},"20":{"start":{"line":62,"column":16},"end":{"line":62,"column":null}},"21":{"start":{"line":65,"column":8},"end":{"line":65,"column":null}},"22":{"start":{"line":69,"column":8},"end":{"line":69,"column":null}},"23":{"start":{"line":84,"column":8},"end":{"line":86,"column":null}},"24":{"start":{"line":85,"column":12},"end":{"line":85,"column":null}},"25":{"start":{"line":94,"column":14},"end":{"line":94,"column":null}},"26":{"start":{"line":95,"column":23},"end":{"line":95,"column":null}},"27":{"start":{"line":96,"column":8},"end":{"line":100,"column":null}},"28":{"start":{"line":97,"column":12},"end":{"line":99,"column":null}},"29":{"start":{"line":98,"column":16},"end":{"line":98,"column":null}},"30":{"start":{"line":108,"column":23},"end":{"line":108,"column":null}},"31":{"start":{"line":109,"column":8},"end":{"line":113,"column":null}},"32":{"start":{"line":110,"column":12},"end":{"line":112,"column":null}},"33":{"start":{"line":111,"column":16},"end":{"line":111,"column":null}},"34":{"start":{"line":122,"column":21},"end":{"line":122,"column":null}},"35":{"start":{"line":123,"column":8},"end":{"line":132,"column":null}},"36":{"start":{"line":123,"column":21},"end":{"line":123,"column":24}},"37":{"start":{"line":125,"column":16},"end":{"line":130,"column":null}},"38":{"start":{"line":131,"column":12},"end":{"line":131,"column":null}},"39":{"start":{"line":133,"column":8},"end":{"line":133,"column":null}},"40":{"start":{"line":141,"column":32},"end":{"line":141,"column":null}},"41":{"start":{"line":142,"column":8},"end":{"line":148,"column":null}},"42":{"start":{"line":142,"column":21},"end":{"line":142,"column":24}},"43":{"start":{"line":143,"column":23},"end":{"line":143,"column":null}},"44":{"start":{"line":144,"column":12},"end":{"line":146,"column":null}},"45":{"start":{"line":144,"column":25},"end":{"line":144,"column":28}},"46":{"start":{"line":145,"column":16},"end":{"line":145,"column":null}},"47":{"start":{"line":147,"column":12},"end":{"line":147,"column":null}},"48":{"start":{"line":149,"column":8},"end":{"line":149,"column":null}},"49":{"start":{"line":154,"column":8},"end":{"line":154,"column":null}},"50":{"start":{"line":155,"column":8},"end":{"line":155,"column":null}},"51":{"start":{"line":163,"column":8},"end":{"line":165,"column":null}},"52":{"start":{"line":164,"column":12},"end":{"line":164,"column":null}},"53":{"start":{"line":166,"column":8},"end":{"line":166,"column":null}},"54":{"start":{"line":170,"column":8},"end":{"line":170,"column":null}},"55":{"start":{"line":171,"column":8},"end":{"line":171,"column":null}},"56":{"start":{"line":172,"column":8},"end":{"line":172,"column":null}},"57":{"start":{"line":173,"column":8},"end":{"line":175,"column":null}},"58":{"start":{"line":174,"column":12},"end":{"line":174,"column":null}}},"fnMap":{"0":{"name":"(anonymous_0)","decl":{"start":{"line":28,"column":11},"end":{"line":28,"column":23}},"loc":{"start":{"line":28,"column":54},"end":{"line":32,"column":null}},"line":28},"1":{"name":"(anonymous_1)","decl":{"start":{"line":34,"column":12},"end":{"line":34,"column":51}},"loc":{"start":{"line":34,"column":51},"end":{"line":39,"column":null}},"line":34},"2":{"name":"(anonymous_2)","decl":{"start":{"line":38,"column":17},"end":{"line":38,"column":23}},"loc":{"start":{"line":38,"column":23},"end":{"line":38,"column":76}},"line":38},"3":{"name":"(anonymous_3)","decl":{"start":{"line":41,"column":12},"end":{"line":41,"column":39}},"loc":{"start":{"line":41,"column":39},"end":{"line":45,"column":null}},"line":41},"4":{"name":"(anonymous_4)","decl":{"start":{"line":44,"column":17},"end":{"line":44,"column":23}},"loc":{"start":{"line":44,"column":23},"end":{"line":44,"column":77}},"line":44},"5":{"name":"(anonymous_5)","decl":{"start":{"line":47,"column":11},"end":{"line":47,"column":19}},"loc":{"start":{"line":47,"column":67},"end":{"line":49,"column":null}},"line":47},"6":{"name":"(anonymous_6)","decl":{"start":{"line":51,"column":11},"end":{"line":51,"column":20}},"loc":{"start":{"line":51,"column":58},"end":{"line":53,"column":null}},"line":51},"7":{"name":"(anonymous_7)","decl":{"start":{"line":57,"column":11},"end":{"line":57,"column":23}},"loc":{"start":{"line":57,"column":64},"end":{"line":66,"column":null}},"line":57},"8":{"name":"(anonymous_8)","decl":{"start":{"line":68,"column":11},"end":{"line":68,"column":27}},"loc":{"start":{"line":68,"column":27},"end":{"line":70,"column":null}},"line":68},"9":{"name":"(anonymous_9)","decl":{"start":{"line":72,"column":11},"end":{"line":72,"column":25}},"loc":{"start":{"line":72,"column":25},"end":{"line":74,"column":null}},"line":72},"10":{"name":"(anonymous_10)","decl":{"start":{"line":76,"column":11},"end":{"line":76,"column":28}},"loc":{"start":{"line":76,"column":28},"end":{"line":78,"column":null}},"line":76},"11":{"name":"(anonymous_11)","decl":{"start":{"line":83,"column":11},"end":{"line":83,"column":21}},"loc":{"start":{"line":83,"column":58},"end":{"line":87,"column":null}},"line":83},"12":{"name":"(anonymous_12)","decl":{"start":{"line":93,"column":11},"end":{"line":93,"column":19}},"loc":{"start":{"line":93,"column":39},"end":{"line":101,"column":null}},"line":93},"13":{"name":"(anonymous_13)","decl":{"start":{"line":107,"column":11},"end":{"line":107,"column":19}},"loc":{"start":{"line":107,"column":39},"end":{"line":114,"column":null}},"line":107},"14":{"name":"(anonymous_14)","decl":{"start":{"line":121,"column":11},"end":{"line":121,"column":21}},"loc":{"start":{"line":121,"column":62},"end":{"line":134,"column":null}},"line":121},"15":{"name":"(anonymous_15)","decl":{"start":{"line":140,"column":11},"end":{"line":140,"column":36}},"loc":{"start":{"line":140,"column":36},"end":{"line":150,"column":null}},"line":140},"16":{"name":"(anonymous_16)","decl":{"start":{"line":153,"column":11},"end":{"line":153,"column":31}},"loc":{"start":{"line":153,"column":31},"end":{"line":156,"column":null}},"line":153},"17":{"name":"(anonymous_17)","decl":{"start":{"line":162,"column":11},"end":{"line":162,"column":19}},"loc":{"start":{"line":162,"column":44},"end":{"line":167,"column":null}},"line":162},"18":{"name":"(anonymous_18)","decl":{"start":{"line":169,"column":11},"end":{"line":169,"column":18}},"loc":{"start":{"line":169,"column":36},"end":{"line":176,"column":null}},"line":169}},"branchMap":{"0":{"loc":{"start":{"line":28,"column":23},"end":{"line":28,"column":54}},"type":"default-arg","locations":[{"start":{"line":28,"column":36},"end":{"line":28,"column":54}}],"line":28},"1":{"loc":{"start":{"line":58,"column":24},"end":{"line":58,"column":65}},"type":"binary-expr","locations":[{"start":{"line":58,"column":24},"end":{"line":58,"column":43}},{"start":{"line":58,"column":43},"end":{"line":58,"column":65}}],"line":58},"2":{"loc":{"start":{"line":59,"column":28},"end":{"line":59,"column":67}},"type":"binary-expr","locations":[{"start":{"line":59,"column":28},"end":{"line":59,"column":46}},{"start":{"line":59,"column":46},"end":{"line":59,"column":67}}],"line":59},"3":{"loc":{"start":{"line":84,"column":8},"end":{"line":86,"column":null}},"type":"if","locations":[{"start":{"line":84,"column":8},"end":{"line":86,"column":null}},{"start":{},"end":{}}],"line":84},"4":{"loc":{"start":{"line":84,"column":12},"end":{"line":84,"column":113}},"type":"binary-expr","locations":[{"start":{"line":84,"column":12},"end":{"line":84,"column":31}},{"start":{"line":84,"column":31},"end":{"line":84,"column":64}},{"start":{"line":84,"column":64},"end":{"line":84,"column":83}},{"start":{"line":84,"column":83},"end":{"line":84,"column":113}}],"line":84},"5":{"loc":{"start":{"line":125,"column":16},"end":{"line":130,"column":null}},"type":"cond-expr","locations":[{"start":{"line":129,"column":22},"end":{"line":129,"column":null}},{"start":{"line":130,"column":22},"end":{"line":130,"column":null}}],"line":125},"6":{"loc":{"start":{"line":125,"column":16},"end":{"line":128,"column":null}},"type":"binary-expr","locations":[{"start":{"line":125,"column":16},"end":{"line":125,"column":null}},{"start":{"line":126,"column":16},"end":{"line":126,"column":null}},{"start":{"line":127,"column":16},"end":{"line":127,"column":null}},{"start":{"line":128,"column":16},"end":{"line":128,"column":null}}],"line":125},"7":{"loc":{"start":{"line":131,"column":22},"end":{"line":131,"column":null}},"type":"binary-expr","locations":[{"start":{"line":131,"column":22},"end":{"line":131,"column":30}},{"start":{"line":131,"column":30},"end":{"line":131,"column":null}}],"line":131},"8":{"loc":{"start":{"line":145,"column":24},"end":{"line":145,"column":null}},"type":"binary-expr","locations":[{"start":{"line":145,"column":24},"end":{"line":145,"column":44}},{"start":{"line":145,"column":44},"end":{"line":145,"column":null}}],"line":145},"9":{"loc":{"start":{"line":163,"column":8},"end":{"line":165,"column":null}},"type":"if","locations":[{"start":{"line":163,"column":8},"end":{"line":165,"column":null}},{"start":{},"end":{}}],"line":163},"10":{"loc":{"start":{"line":163,"column":12},"end":{"line":163,"column":113}},"type":"binary-expr","locations":[{"start":{"line":163,"column":12},"end":{"line":163,"column":31}},{"start":{"line":163,"column":31},"end":{"line":163,"column":64}},{"start":{"line":163,"column":64},"end":{"line":163,"column":83}},{"start":{"line":163,"column":83},"end":{"line":163,"column":113}}],"line":163}},"s":{"0":0,"1":0,"2":0,"3":0,"4":0,"5":0,"6":0,"7":0,"8":0,"9":0,"10":0,"11":0,"12":0,"13":0,"14":0,"15":0,"16":0,"17":0,"18":0,"19":0,"20":0,"21":0,"22":0,"23":0,"24":0,"25":0,"26":0,"27":0,"28":0,"29":0,"30":0,"31":0,"32":0,"33":0,"34":0,"35":0,"36":0,"37":0,"38":0,"39":0,"40":0,"41":0,"42":0,"43":0,"44":0,"45":0,"46":0,"47":0,"48":0,"49":0,"50":0,"51":0,"52":0,"53":0,"54":0,"55":0,"56":0,"57":0,"58":0},"f":{"0":0,"1":0,"2":0,"3":0,"4":0,"5":0,"6":0,"7":0,"8":0,"9":0,"10":0,"11":0,"12":0,"13":0,"14":0,"15":0,"16":0,"17":0,"18":0},"b":{"0":[0],"1":[0,0],"2":[0,0],"3":[0,0],"4":[0,0,0,0],"5":[0,0],"6":[0,0,0,0],"7":[0,0],"8":[0,0],"9":[0,0],"10":[0,0,0,0]},"meta":{"lastBranch":11,"lastFunction":19,"lastStatement":59,"seen":{"s:20:65:20:Infinity":0,"s:21:56:21:Infinity":1,"s:26:35:26:Infinity":2,"s:55:35:55:Infinity":3,"f:28:11:28:23":0,"b:28:36:28:54":0,"s:29:8:29:Infinity":4,"s:30:8:30:Infinity":5,"s:31:8:31:Infinity":6,"f:34:12:34:51":1,"s:35:37:35:Infinity":7,"s:36:8:38:Infinity":8,"f:38:17:38:23":2,"s:38:23:38:76":9,"f:41:12:41:39":3,"s:42:8:44:Infinity":10,"f:44:17:44:23":4,"s:44:23:44:77":11,"f:47:11:47:19":5,"s:48:8:48:Infinity":12,"f:51:11:51:20":6,"s:52:8:52:Infinity":13,"f:57:11:57:23":7,"s:58:8:64:Infinity":14,"s:58:21:58:24":15,"b:58:24:58:43:58:43:58:65":1,"s:59:12:63:Infinity":16,"s:59:25:59:28":17,"b:59:28:59:46:59:46:59:67":2,"s:60:29:60:Infinity":18,"s:61:16:61:Infinity":19,"s:62:16:62:Infinity":20,"s:65:8:65:Infinity":21,"f:68:11:68:27":8,"s:69:8:69:Infinity":22,"f:72:11:72:25":9,"f:76:11:76:28":10,"f:83:11:83:21":11,"b:84:8:86:Infinity:undefined:undefined:undefined:undefined":3,"s:84:8:86:Infinity":23,"b:84:12:84:31:84:31:84:64:84:64:84:83:84:83:84:113":4,"s:85:12:85:Infinity":24,"f:93:11:93:19":12,"s:94:14:94:Infinity":25,"s:95:23:95:Infinity":26,"s:96:8:100:Infinity":27,"s:97:12:99:Infinity":28,"s:98:16:98:Infinity":29,"f:107:11:107:19":13,"s:108:23:108:Infinity":30,"s:109:8:113:Infinity":31,"s:110:12:112:Infinity":32,"s:111:16:111:Infinity":33,"f:121:11:121:21":14,"s:122:21:122:Infinity":34,"s:123:8:132:Infinity":35,"s:123:21:123:24":36,"s:125:16:130:Infinity":37,"b:129:22:129:Infinity:130:22:130:Infinity":5,"b:125:16:125:Infinity:126:16:126:Infinity:127:16:127:Infinity:128:16:128:Infinity":6,"s:131:12:131:Infinity":38,"b:131:22:131:30:131:30:131:Infinity":7,"s:133:8:133:Infinity":39,"f:140:11:140:36":15,"s:141:32:141:Infinity":40,"s:142:8:148:Infinity":41,"s:142:21:142:24":42,"s:143:23:143:Infinity":43,"s:144:12:146:Infinity":44,"s:144:25:144:28":45,"s:145:16:145:Infinity":46,"b:145:24:145:44:145:44:145:Infinity":8,"s:147:12:147:Infinity":47,"s:149:8:149:Infinity":48,"f:153:11:153:31":16,"s:154:8:154:Infinity":49,"s:155:8:155:Infinity":50,"f:162:11:162:19":17,"b:163:8:165:Infinity:undefined:undefined:undefined:undefined":9,"s:163:8:165:Infinity":51,"b:163:12:163:31:163:31:163:64:163:64:163:83:163:83:163:113":10,"s:164:12:164:Infinity":52,"s:166:8:166:Infinity":53,"f:169:11:169:18":18,"s:170:8:170:Infinity":54,"s:171:8:171:Infinity":55,"s:172:8:172:Infinity":56,"s:173:8:175:Infinity":57,"s:174:12:174:Infinity":58}}}
,"/home/tihonove/workspace/vexx/src/Backend/NodeTerminalBackend.ts": {"path":"/home/tihonove/workspace/vexx/src/Backend/NodeTerminalBackend.ts","statementMap":{"0":{"start":{"line":15,"column":21},"end":{"line":15,"column":null}},"1":{"start":{"line":16,"column":22},"end":{"line":16,"column":null}},"2":{"start":{"line":32,"column":20},"end":{"line":32,"column":null}},"3":{"start":{"line":33,"column":4},"end":{"line":33,"column":null}},"4":{"start":{"line":40,"column":4},"end":{"line":40,"column":null}},"5":{"start":{"line":49,"column":65},"end":{"line":49,"column":null}},"6":{"start":{"line":50,"column":56},"end":{"line":50,"column":null}},"7":{"start":{"line":53,"column":62},"end":{"line":53,"column":null}},"8":{"start":{"line":54,"column":51},"end":{"line":54,"column":null}},"9":{"start":{"line":55,"column":72},"end":{"line":55,"column":null}},"10":{"start":{"line":57,"column":43},"end":{"line":57,"column":null}},"11":{"start":{"line":58,"column":28},"end":{"line":58,"column":null}},"12":{"start":{"line":59,"column":46},"end":{"line":59,"column":null}},"13":{"start":{"line":61,"column":35},"end":{"line":61,"column":null}},"14":{"start":{"line":63,"column":36},"end":{"line":63,"column":null}},"15":{"start":{"line":70,"column":8},"end":{"line":70,"column":null}},"16":{"start":{"line":71,"column":8},"end":{"line":71,"column":null}},"17":{"start":{"line":72,"column":8},"end":{"line":72,"column":null}},"18":{"start":{"line":73,"column":8},"end":{"line":73,"column":null}},"19":{"start":{"line":74,"column":8},"end":{"line":74,"column":null}},"20":{"start":{"line":81,"column":8},"end":{"line":81,"column":null}},"21":{"start":{"line":85,"column":8},"end":{"line":85,"column":null}},"22":{"start":{"line":89,"column":8},"end":{"line":89,"column":null}},"23":{"start":{"line":94,"column":21},"end":{"line":94,"column":null}},"24":{"start":{"line":95,"column":8},"end":{"line":101,"column":null}},"25":{"start":{"line":100,"column":12},"end":{"line":100,"column":null}},"26":{"start":{"line":102,"column":8},"end":{"line":102,"column":null}},"27":{"start":{"line":103,"column":8},"end":{"line":105,"column":null}},"28":{"start":{"line":104,"column":12},"end":{"line":104,"column":null}},"29":{"start":{"line":109,"column":8},"end":{"line":109,"column":null}},"30":{"start":{"line":110,"column":28},"end":{"line":110,"column":null}},"31":{"start":{"line":111,"column":8},"end":{"line":113,"column":null}},"32":{"start":{"line":112,"column":12},"end":{"line":112,"column":null}},"33":{"start":{"line":114,"column":8},"end":{"line":114,"column":null}},"34":{"start":{"line":115,"column":8},"end":{"line":115,"column":null}},"35":{"start":{"line":116,"column":8},"end":{"line":118,"column":null}},"36":{"start":{"line":117,"column":12},"end":{"line":117,"column":null}},"37":{"start":{"line":119,"column":8},"end":{"line":119,"column":null}},"38":{"start":{"line":120,"column":8},"end":{"line":120,"column":null}},"39":{"start":{"line":121,"column":8},"end":{"line":121,"column":null}},"40":{"start":{"line":122,"column":8},"end":{"line":122,"column":null}},"41":{"start":{"line":126,"column":8},"end":{"line":126,"column":null}},"42":{"start":{"line":131,"column":8},"end":{"line":131,"column":null}},"43":{"start":{"line":133,"column":8},"end":{"line":133,"column":null}},"44":{"start":{"line":135,"column":8},"end":{"line":135,"column":null}},"45":{"start":{"line":138,"column":8},"end":{"line":138,"column":null}},"46":{"start":{"line":139,"column":8},"end":{"line":139,"column":null}},"47":{"start":{"line":140,"column":8},"end":{"line":140,"column":null}},"48":{"start":{"line":143,"column":8},"end":{"line":150,"column":null}},"49":{"start":{"line":144,"column":27},"end":{"line":144,"column":null}},"50":{"start":{"line":145,"column":12},"end":{"line":149,"column":null}},"51":{"start":{"line":146,"column":16},"end":{"line":148,"column":null}},"52":{"start":{"line":147,"column":20},"end":{"line":147,"column":null}},"53":{"start":{"line":151,"column":8},"end":{"line":151,"column":null}},"54":{"start":{"line":154,"column":8},"end":{"line":168,"column":null}},"55":{"start":{"line":155,"column":12},"end":{"line":159,"column":null}},"56":{"start":{"line":157,"column":16},"end":{"line":157,"column":null}},"57":{"start":{"line":158,"column":16},"end":{"line":158,"column":null}},"58":{"start":{"line":160,"column":12},"end":{"line":160,"column":null}},"59":{"start":{"line":161,"column":12},"end":{"line":167,"column":null}},"60":{"start":{"line":162,"column":16},"end":{"line":162,"column":null}},"61":{"start":{"line":163,"column":16},"end":{"line":166,"column":null}},"62":{"start":{"line":164,"column":20},"end":{"line":164,"column":null}},"63":{"start":{"line":165,"column":20},"end":{"line":165,"column":null}},"64":{"start":{"line":169,"column":8},"end":{"line":169,"column":null}},"65":{"start":{"line":172,"column":23},"end":{"line":174,"column":null}},"66":{"start":{"line":173,"column":12},"end":{"line":173,"column":null}},"67":{"start":{"line":175,"column":25},"end":{"line":178,"column":null}},"68":{"start":{"line":176,"column":12},"end":{"line":176,"column":null}},"69":{"start":{"line":177,"column":12},"end":{"line":177,"column":null}},"70":{"start":{"line":180,"column":8},"end":{"line":180,"column":null}},"71":{"start":{"line":181,"column":8},"end":{"line":181,"column":null}},"72":{"start":{"line":183,"column":8},"end":{"line":186,"column":null}},"73":{"start":{"line":184,"column":12},"end":{"line":184,"column":null}},"74":{"start":{"line":185,"column":12},"end":{"line":185,"column":null}},"75":{"start":{"line":191,"column":8},"end":{"line":191,"column":null}},"76":{"start":{"line":193,"column":8},"end":{"line":193,"column":null}},"77":{"start":{"line":195,"column":8},"end":{"line":195,"column":null}},"78":{"start":{"line":198,"column":8},"end":{"line":201,"column":null}},"79":{"start":{"line":199,"column":12},"end":{"line":199,"column":null}},"80":{"start":{"line":200,"column":12},"end":{"line":200,"column":null}},"81":{"start":{"line":204,"column":8},"end":{"line":207,"column":null}},"82":{"start":{"line":205,"column":12},"end":{"line":205,"column":null}},"83":{"start":{"line":206,"column":12},"end":{"line":206,"column":null}},"84":{"start":{"line":208,"column":8},"end":{"line":208,"column":null}},"85":{"start":{"line":209,"column":8},"end":{"line":212,"column":null}},"86":{"start":{"line":210,"column":12},"end":{"line":210,"column":null}},"87":{"start":{"line":211,"column":12},"end":{"line":211,"column":null}},"88":{"start":{"line":215,"column":8},"end":{"line":217,"column":null}},"89":{"start":{"line":216,"column":12},"end":{"line":216,"column":null}},"90":{"start":{"line":218,"column":8},"end":{"line":218,"column":null}}},"fnMap":{"0":{"name":"wrapForTmux","decl":{"start":{"line":30,"column":9},"end":{"line":30,"column":21}},"loc":{"start":{"line":30,"column":47},"end":{"line":34,"column":null}},"line":30},"1":{"name":"isInsideTmux","decl":{"start":{"line":39,"column":9},"end":{"line":39,"column":33}},"loc":{"start":{"line":39,"column":33},"end":{"line":41,"column":null}},"line":39},"2":{"name":"(anonymous_2)","decl":{"start":{"line":65,"column":11},"end":{"line":65,"column":null}},"loc":{"start":{"line":69,"column":6},"end":{"line":75,"column":null}},"line":69},"3":{"name":"(anonymous_3)","decl":{"start":{"line":80,"column":12},"end":{"line":80,"column":29}},"loc":{"start":{"line":80,"column":53},"end":{"line":82,"column":null}},"line":80},"4":{"name":"(anonymous_4)","decl":{"start":{"line":84,"column":11},"end":{"line":84,"column":19}},"loc":{"start":{"line":84,"column":67},"end":{"line":86,"column":null}},"line":84},"5":{"name":"(anonymous_5)","decl":{"start":{"line":88,"column":11},"end":{"line":88,"column":20}},"loc":{"start":{"line":88,"column":58},"end":{"line":90,"column":null}},"line":88},"6":{"name":"(anonymous_6)","decl":{"start":{"line":93,"column":12},"end":{"line":93,"column":31}},"loc":{"start":{"line":93,"column":31},"end":{"line":106,"column":null}},"line":93},"7":{"name":"(anonymous_7)","decl":{"start":{"line":108,"column":11},"end":{"line":108,"column":23}},"loc":{"start":{"line":108,"column":64},"end":{"line":123,"column":null}},"line":108},"8":{"name":"(anonymous_8)","decl":{"start":{"line":125,"column":11},"end":{"line":125,"column":27}},"loc":{"start":{"line":125,"column":27},"end":{"line":127,"column":null}},"line":125},"9":{"name":"(anonymous_9)","decl":{"start":{"line":129,"column":11},"end":{"line":129,"column":25}},"loc":{"start":{"line":129,"column":25},"end":{"line":187,"column":null}},"line":129},"10":{"name":"(anonymous_10)","decl":{"start":{"line":143,"column":29},"end":{"line":143,"column":30}},"loc":{"start":{"line":143,"column":48},"end":{"line":150,"column":null}},"line":143},"11":{"name":"(anonymous_11)","decl":{"start":{"line":154,"column":31},"end":{"line":154,"column":37}},"loc":{"start":{"line":154,"column":37},"end":{"line":168,"column":null}},"line":154},"12":{"name":"(anonymous_12)","decl":{"start":{"line":161,"column":50},"end":{"line":161,"column":56}},"loc":{"start":{"line":161,"column":56},"end":{"line":167,"column":15}},"line":161},"13":{"name":"(anonymous_13)","decl":{"start":{"line":172,"column":23},"end":{"line":172,"column":29}},"loc":{"start":{"line":172,"column":29},"end":{"line":174,"column":null}},"line":172},"14":{"name":"(anonymous_14)","decl":{"start":{"line":175,"column":25},"end":{"line":175,"column":31}},"loc":{"start":{"line":175,"column":31},"end":{"line":178,"column":null}},"line":175},"15":{"name":"(anonymous_15)","decl":{"start":{"line":183,"column":34},"end":{"line":183,"column":40}},"loc":{"start":{"line":183,"column":40},"end":{"line":186,"column":9}},"line":183},"16":{"name":"(anonymous_16)","decl":{"start":{"line":189,"column":11},"end":{"line":189,"column":28}},"loc":{"start":{"line":189,"column":28},"end":{"line":219,"column":null}},"line":189}},"branchMap":{"0":{"loc":{"start":{"line":40,"column":11},"end":{"line":40,"column":null}},"type":"binary-expr","locations":[{"start":{"line":40,"column":11},"end":{"line":40,"column":39}},{"start":{"line":40,"column":39},"end":{"line":40,"column":null}}],"line":40},"1":{"loc":{"start":{"line":66,"column":8},"end":{"line":66,"column":null}},"type":"default-arg","locations":[{"start":{"line":66,"column":35},"end":{"line":66,"column":null}}],"line":66},"2":{"loc":{"start":{"line":67,"column":8},"end":{"line":67,"column":null}},"type":"default-arg","locations":[{"start":{"line":67,"column":37},"end":{"line":67,"column":null}}],"line":67},"3":{"loc":{"start":{"line":72,"column":32},"end":{"line":72,"column":null}},"type":"binary-expr","locations":[{"start":{"line":72,"column":32},"end":{"line":72,"column":61}},{"start":{"line":72,"column":61},"end":{"line":72,"column":null}}],"line":72},"4":{"loc":{"start":{"line":81,"column":26},"end":{"line":81,"column":72}},"type":"cond-expr","locations":[{"start":{"line":81,"column":40},"end":{"line":81,"column":64}},{"start":{"line":81,"column":64},"end":{"line":81,"column":72}}],"line":81},"5":{"loc":{"start":{"line":95,"column":8},"end":{"line":101,"column":null}},"type":"if","locations":[{"start":{"line":95,"column":8},"end":{"line":101,"column":null}},{"start":{},"end":{}}],"line":95},"6":{"loc":{"start":{"line":96,"column":12},"end":{"line":98,"column":null}},"type":"binary-expr","locations":[{"start":{"line":96,"column":12},"end":{"line":96,"column":null}},{"start":{"line":97,"column":12},"end":{"line":97,"column":null}},{"start":{"line":98,"column":12},"end":{"line":98,"column":null}}],"line":96},"7":{"loc":{"start":{"line":110,"column":28},"end":{"line":110,"column":null}},"type":"binary-expr","locations":[{"start":{"line":110,"column":28},"end":{"line":110,"column":66}},{"start":{"line":110,"column":66},"end":{"line":110,"column":null}}],"line":110},"8":{"loc":{"start":{"line":111,"column":8},"end":{"line":113,"column":null}},"type":"if","locations":[{"start":{"line":111,"column":8},"end":{"line":113,"column":null}},{"start":{},"end":{}}],"line":111},"9":{"loc":{"start":{"line":116,"column":8},"end":{"line":118,"column":null}},"type":"if","locations":[{"start":{"line":116,"column":8},"end":{"line":118,"column":null}},{"start":{},"end":{}}],"line":116},"10":{"loc":{"start":{"line":155,"column":12},"end":{"line":159,"column":null}},"type":"if","locations":[{"start":{"line":155,"column":12},"end":{"line":159,"column":null}},{"start":{},"end":{}}],"line":155},"11":{"loc":{"start":{"line":163,"column":16},"end":{"line":166,"column":null}},"type":"if","locations":[{"start":{"line":163,"column":16},"end":{"line":166,"column":null}},{"start":{},"end":{}}],"line":163},"12":{"loc":{"start":{"line":198,"column":8},"end":{"line":201,"column":null}},"type":"if","locations":[{"start":{"line":198,"column":8},"end":{"line":201,"column":null}},{"start":{},"end":{}}],"line":198},"13":{"loc":{"start":{"line":204,"column":8},"end":{"line":207,"column":null}},"type":"if","locations":[{"start":{"line":204,"column":8},"end":{"line":207,"column":null}},{"start":{},"end":{}}],"line":204},"14":{"loc":{"start":{"line":209,"column":8},"end":{"line":212,"column":null}},"type":"if","locations":[{"start":{"line":209,"column":8},"end":{"line":212,"column":null}},{"start":{},"end":{}}],"line":209}},"s":{"0":0,"1":0,"2":0,"3":0,"4":0,"5":0,"6":0,"7":0,"8":0,"9":0,"10":0,"11":0,"12":0,"13":0,"14":0,"15":0,"16":0,"17":0,"18":0,"19":0,"20":0,"21":0,"22":0,"23":0,"24":0,"25":0,"26":0,"27":0,"28":0,"29":0,"30":0,"31":0,"32":0,"33":0,"34":0,"35":0,"36":0,"37":0,"38":0,"39":0,"40":0,"41":0,"42":0,"43":0,"44":0,"45":0,"46":0,"47":0,"48":0,"49":0,"50":0,"51":0,"52":0,"53":0,"54":0,"55":0,"56":0,"57":0,"58":0,"59":0,"60":0,"61":0,"62":0,"63":0,"64":0,"65":0,"66":0,"67":0,"68":0,"69":0,"70":0,"71":0,"72":0,"73":0,"74":0,"75":0,"76":0,"77":0,"78":0,"79":0,"80":0,"81":0,"82":0,"83":0,"84":0,"85":0,"86":0,"87":0,"88":0,"89":0,"90":0},"f":{"0":0,"1":0,"2":0,"3":0,"4":0,"5":0,"6":0,"7":0,"8":0,"9":0,"10":0,"11":0,"12":0,"13":0,"14":0,"15":0,"16":0},"b":{"0":[0,0],"1":[0],"2":[0],"3":[0,0],"4":[0,0],"5":[0,0],"6":[0,0,0],"7":[0,0],"8":[0,0],"9":[0,0],"10":[0,0],"11":[0,0],"12":[0,0],"13":[0,0],"14":[0,0]},"meta":{"lastBranch":15,"lastFunction":17,"lastStatement":91,"seen":{"s:15:21:15:Infinity":0,"s:16:22:16:Infinity":1,"f:30:9:30:21":0,"s:32:20:32:Infinity":2,"s:33:4:33:Infinity":3,"f:39:9:39:33":1,"s:40:4:40:Infinity":4,"b:40:11:40:39:40:39:40:Infinity":0,"s:49:65:49:Infinity":5,"s:50:56:50:Infinity":6,"s:53:62:53:Infinity":7,"s:54:51:54:Infinity":8,"s:55:72:55:Infinity":9,"s:57:43:57:Infinity":10,"s:58:28:58:Infinity":11,"s:59:46:59:Infinity":12,"s:61:35:61:Infinity":13,"s:63:36:63:Infinity":14,"f:65:11:65:Infinity":2,"b:66:35:66:Infinity":1,"b:67:37:67:Infinity":2,"s:70:8:70:Infinity":15,"s:71:8:71:Infinity":16,"s:72:8:72:Infinity":17,"b:72:32:72:61:72:61:72:Infinity":3,"s:73:8:73:Infinity":18,"s:74:8:74:Infinity":19,"f:80:12:80:29":3,"s:81:8:81:Infinity":20,"b:81:40:81:64:81:64:81:72":4,"f:84:11:84:19":4,"s:85:8:85:Infinity":21,"f:88:11:88:20":5,"s:89:8:89:Infinity":22,"f:93:12:93:31":6,"s:94:21:94:Infinity":23,"b:95:8:101:Infinity:undefined:undefined:undefined:undefined":5,"s:95:8:101:Infinity":24,"b:96:12:96:Infinity:97:12:97:Infinity:98:12:98:Infinity":6,"s:100:12:100:Infinity":25,"s:102:8:102:Infinity":26,"s:103:8:105:Infinity":27,"s:104:12:104:Infinity":28,"f:108:11:108:23":7,"s:109:8:109:Infinity":29,"s:110:28:110:Infinity":30,"b:110:28:110:66:110:66:110:Infinity":7,"b:111:8:113:Infinity:undefined:undefined:undefined:undefined":8,"s:111:8:113:Infinity":31,"s:112:12:112:Infinity":32,"s:114:8:114:Infinity":33,"s:115:8:115:Infinity":34,"b:116:8:118:Infinity:undefined:undefined:undefined:undefined":9,"s:116:8:118:Infinity":35,"s:117:12:117:Infinity":36,"s:119:8:119:Infinity":37,"s:120:8:120:Infinity":38,"s:121:8:121:Infinity":39,"s:122:8:122:Infinity":40,"f:125:11:125:27":8,"s:126:8:126:Infinity":41,"f:129:11:129:25":9,"s:131:8:131:Infinity":42,"s:133:8:133:Infinity":43,"s:135:8:135:Infinity":44,"s:138:8:138:Infinity":45,"s:139:8:139:Infinity":46,"s:140:8:140:Infinity":47,"s:143:8:150:Infinity":48,"f:143:29:143:30":10,"s:144:27:144:Infinity":49,"s:145:12:149:Infinity":50,"s:146:16:148:Infinity":51,"s:147:20:147:Infinity":52,"s:151:8:151:Infinity":53,"s:154:8:168:Infinity":54,"f:154:31:154:37":11,"b:155:12:159:Infinity:undefined:undefined:undefined:undefined":10,"s:155:12:159:Infinity":55,"s:157:16:157:Infinity":56,"s:158:16:158:Infinity":57,"s:160:12:160:Infinity":58,"s:161:12:167:Infinity":59,"f:161:50:161:56":12,"s:162:16:162:Infinity":60,"b:163:16:166:Infinity:undefined:undefined:undefined:undefined":11,"s:163:16:166:Infinity":61,"s:164:20:164:Infinity":62,"s:165:20:165:Infinity":63,"s:169:8:169:Infinity":64,"s:172:23:174:Infinity":65,"f:172:23:172:29":13,"s:173:12:173:Infinity":66,"s:175:25:178:Infinity":67,"f:175:25:175:31":14,"s:176:12:176:Infinity":68,"s:177:12:177:Infinity":69,"s:180:8:180:Infinity":70,"s:181:8:181:Infinity":71,"s:183:8:186:Infinity":72,"f:183:34:183:40":15,"s:184:12:184:Infinity":73,"s:185:12:185:Infinity":74,"f:189:11:189:28":16,"s:191:8:191:Infinity":75,"s:193:8:193:Infinity":76,"s:195:8:195:Infinity":77,"b:198:8:201:Infinity:undefined:undefined:undefined:undefined":12,"s:198:8:201:Infinity":78,"s:199:12:199:Infinity":79,"s:200:12:200:Infinity":80,"b:204:8:207:Infinity:undefined:undefined:undefined:undefined":13,"s:204:8:207:Infinity":81,"s:205:12:205:Infinity":82,"s:206:12:206:Infinity":83,"s:208:8:208:Infinity":84,"b:209:8:212:Infinity:undefined:undefined:undefined:undefined":14,"s:209:8:212:Infinity":85,"s:210:12:210:Infinity":86,"s:211:12:211:Infinity":87,"s:215:8:217:Infinity":88,"s:216:12:216:Infinity":89,"s:218:8:218:Infinity":90}}}
,"/home/tihonove/workspace/vexx/src/Common/DiContainer.ts": {"path":"/home/tihonove/workspace/vexx/src/Common/DiContainer.ts","statementMap":{"0":{"start":{"line":6,"column":8},"end":{"line":6,"column":null}},"1":{"start":{"line":11,"column":4},"end":{"line":11,"column":null}},"2":{"start":{"line":24,"column":24},"end":{"line":24,"column":null}},"3":{"start":{"line":25,"column":20},"end":{"line":25,"column":null}},"4":{"start":{"line":26,"column":24},"end":{"line":26,"column":null}},"5":{"start":{"line":31,"column":8},"end":{"line":36,"column":null}},"6":{"start":{"line":32,"column":25},"end":{"line":32,"column":null}},"7":{"start":{"line":33,"column":12},"end":{"line":33,"column":null}},"8":{"start":{"line":33,"column":42},"end":{"line":33,"column":108}},"9":{"start":{"line":33,"column":95},"end":{"line":33,"column":106}},"10":{"start":{"line":35,"column":12},"end":{"line":35,"column":null}},"11":{"start":{"line":37,"column":8},"end":{"line":37,"column":null}},"12":{"start":{"line":41,"column":8},"end":{"line":41,"column":null}},"13":{"start":{"line":41,"column":33},"end":{"line":41,"column":null}},"14":{"start":{"line":42,"column":8},"end":{"line":45,"column":null}},"15":{"start":{"line":43,"column":26},"end":{"line":43,"column":null}},"16":{"start":{"line":43,"column":57},"end":{"line":43,"column":61}},"17":{"start":{"line":44,"column":12},"end":{"line":44,"column":null}},"18":{"start":{"line":46,"column":24},"end":{"line":46,"column":null}},"19":{"start":{"line":47,"column":8},"end":{"line":47,"column":null}},"20":{"start":{"line":47,"column":22},"end":{"line":47,"column":null}},"21":{"start":{"line":48,"column":8},"end":{"line":48,"column":null}},"22":{"start":{"line":49,"column":8},"end":{"line":55,"column":null}},"23":{"start":{"line":50,"column":26},"end":{"line":50,"column":null}},"24":{"start":{"line":51,"column":12},"end":{"line":51,"column":null}},"25":{"start":{"line":52,"column":12},"end":{"line":52,"column":null}},"26":{"start":{"line":54,"column":12},"end":{"line":54,"column":null}}},"fnMap":{"0":{"name":"(anonymous_0)","decl":{"start":{"line":5,"column":11},"end":{"line":5,"column":23}},"loc":{"start":{"line":5,"column":35},"end":{"line":7,"column":null}},"line":5},"1":{"name":"token","decl":{"start":{"line":10,"column":16},"end":{"line":10,"column":25}},"loc":{"start":{"line":10,"column":47},"end":{"line":12,"column":null}},"line":10},"2":{"name":"(anonymous_2)","decl":{"start":{"line":30,"column":11},"end":{"line":30,"column":16}},"loc":{"start":{"line":30,"column":59},"end":{"line":38,"column":null}},"line":30},"3":{"name":"(anonymous_3)","decl":{"start":{"line":33,"column":36},"end":{"line":33,"column":42}},"loc":{"start":{"line":33,"column":42},"end":{"line":33,"column":108}},"line":33},"4":{"name":"(anonymous_4)","decl":{"start":{"line":33,"column":76},"end":{"line":33,"column":77}},"loc":{"start":{"line":33,"column":95},"end":{"line":33,"column":106}},"line":33},"5":{"name":"(anonymous_5)","decl":{"start":{"line":40,"column":11},"end":{"line":40,"column":18}},"loc":{"start":{"line":40,"column":36},"end":{"line":56,"column":null}},"line":40},"6":{"name":"(anonymous_6)","decl":{"start":{"line":43,"column":50},"end":{"line":43,"column":51}},"loc":{"start":{"line":43,"column":57},"end":{"line":43,"column":61}},"line":43}},"branchMap":{"0":{"loc":{"start":{"line":31,"column":8},"end":{"line":36,"column":null}},"type":"if","locations":[{"start":{"line":31,"column":8},"end":{"line":36,"column":null}},{"start":{"line":34,"column":15},"end":{"line":36,"column":null}}],"line":31},"1":{"loc":{"start":{"line":41,"column":8},"end":{"line":41,"column":null}},"type":"if","locations":[{"start":{"line":41,"column":8},"end":{"line":41,"column":null}},{"start":{},"end":{}}],"line":41},"2":{"loc":{"start":{"line":42,"column":8},"end":{"line":45,"column":null}},"type":"if","locations":[{"start":{"line":42,"column":8},"end":{"line":45,"column":null}},{"start":{},"end":{}}],"line":42},"3":{"loc":{"start":{"line":47,"column":8},"end":{"line":47,"column":null}},"type":"if","locations":[{"start":{"line":47,"column":8},"end":{"line":47,"column":null}},{"start":{},"end":{}}],"line":47}},"s":{"0":10,"1":10,"2":9,"3":9,"4":9,"5":17,"6":14,"7":14,"8":14,"9":8,"10":3,"11":17,"12":21,"13":2,"14":19,"15":1,"16":2,"17":1,"18":18,"19":18,"20":1,"21":17,"22":17,"23":17,"24":17,"25":17,"26":17},"f":{"0":10,"1":10,"2":17,"3":14,"4":8,"5":21,"6":2},"b":{"0":[14,3],"1":[2,19],"2":[1,18],"3":[1,17]},"meta":{"lastBranch":4,"lastFunction":7,"lastStatement":27,"seen":{"f:5:11:5:23":0,"s:6:8:6:Infinity":0,"f:10:16:10:25":1,"s:11:4:11:Infinity":1,"s:24:24:24:Infinity":2,"s:25:20:25:Infinity":3,"s:26:24:26:Infinity":4,"f:30:11:30:16":2,"b:31:8:36:Infinity:34:15:36:Infinity":0,"s:31:8:36:Infinity":5,"s:32:25:32:Infinity":6,"s:33:12:33:Infinity":7,"f:33:36:33:42":3,"s:33:42:33:108":8,"f:33:76:33:77":4,"s:33:95:33:106":9,"s:35:12:35:Infinity":10,"s:37:8:37:Infinity":11,"f:40:11:40:18":5,"b:41:8:41:Infinity:undefined:undefined:undefined:undefined":1,"s:41:8:41:Infinity":12,"s:41:33:41:Infinity":13,"b:42:8:45:Infinity:undefined:undefined:undefined:undefined":2,"s:42:8:45:Infinity":14,"s:43:26:43:Infinity":15,"f:43:50:43:51":6,"s:43:57:43:61":16,"s:44:12:44:Infinity":17,"s:46:24:46:Infinity":18,"b:47:8:47:Infinity:undefined:undefined:undefined:undefined":3,"s:47:8:47:Infinity":19,"s:47:22:47:Infinity":20,"s:48:8:48:Infinity":21,"s:49:8:55:Infinity":22,"s:50:26:50:Infinity":23,"s:51:12:51:Infinity":24,"s:52:12:52:Infinity":25,"s:54:12:54:Infinity":26}}}
,"/home/tihonove/workspace/vexx/src/Common/Disposable.ts": {"path":"/home/tihonove/workspace/vexx/src/Common/Disposable.ts","statementMap":{"0":{"start":{"line":6,"column":41},"end":{"line":6,"column":null}},"1":{"start":{"line":7,"column":23},"end":{"line":7,"column":null}},"2":{"start":{"line":10,"column":8},"end":{"line":10,"column":null}},"3":{"start":{"line":11,"column":8},"end":{"line":11,"column":null}},"4":{"start":{"line":15,"column":8},"end":{"line":15,"column":null}},"5":{"start":{"line":15,"column":27},"end":{"line":15,"column":null}},"6":{"start":{"line":16,"column":8},"end":{"line":16,"column":null}},"7":{"start":{"line":19,"column":8},"end":{"line":21,"column":null}},"8":{"start":{"line":19,"column":21},"end":{"line":19,"column":50}},"9":{"start":{"line":20,"column":12},"end":{"line":20,"column":null}},"10":{"start":{"line":22,"column":8},"end":{"line":22,"column":null}}},"fnMap":{"0":{"name":"(anonymous_0)","decl":{"start":{"line":9,"column":14},"end":{"line":9,"column":46}},"loc":{"start":{"line":9,"column":64},"end":{"line":12,"column":null}},"line":9},"1":{"name":"(anonymous_1)","decl":{"start":{"line":14,"column":11},"end":{"line":14,"column":27}},"loc":{"start":{"line":14,"column":27},"end":{"line":23,"column":null}},"line":14}},"branchMap":{"0":{"loc":{"start":{"line":15,"column":8},"end":{"line":15,"column":null}},"type":"if","locations":[{"start":{"line":15,"column":8},"end":{"line":15,"column":null}},{"start":{},"end":{}}],"line":15}},"s":{"0":0,"1":0,"2":0,"3":0,"4":0,"5":0,"6":0,"7":0,"8":0,"9":0,"10":0},"f":{"0":0,"1":0},"b":{"0":[0,0]},"meta":{"lastBranch":1,"lastFunction":2,"lastStatement":11,"seen":{"s:6:41:6:Infinity":0,"s:7:23:7:Infinity":1,"f:9:14:9:46":0,"s:10:8:10:Infinity":2,"s:11:8:11:Infinity":3,"f:14:11:14:27":1,"b:15:8:15:Infinity:undefined:undefined:undefined:undefined":0,"s:15:8:15:Infinity":4,"s:15:27:15:Infinity":5,"s:16:8:16:Infinity":6,"s:19:8:21:Infinity":7,"s:19:21:19:50":8,"s:20:12:20:Infinity":9,"s:22:8:22:Infinity":10}}}
,"/home/tihonove/workspace/vexx/src/Common/GeometryPromitives.ts": {"path":"/home/tihonove/workspace/vexx/src/Common/GeometryPromitives.ts","statementMap":{"0":{"start":{"line":6,"column":8},"end":{"line":6,"column":null}},"1":{"start":{"line":7,"column":8},"end":{"line":7,"column":null}},"2":{"start":{"line":16,"column":8},"end":{"line":16,"column":null}},"3":{"start":{"line":17,"column":8},"end":{"line":17,"column":null}},"4":{"start":{"line":26,"column":8},"end":{"line":26,"column":null}},"5":{"start":{"line":27,"column":8},"end":{"line":27,"column":null}},"6":{"start":{"line":38,"column":8},"end":{"line":38,"column":null}},"7":{"start":{"line":39,"column":8},"end":{"line":39,"column":null}},"8":{"start":{"line":40,"column":8},"end":{"line":40,"column":null}},"9":{"start":{"line":41,"column":8},"end":{"line":41,"column":null}},"10":{"start":{"line":45,"column":8},"end":{"line":45,"column":null}},"11":{"start":{"line":49,"column":8},"end":{"line":49,"column":null}},"12":{"start":{"line":53,"column":8},"end":{"line":56,"column":null}},"13":{"start":{"line":65,"column":8},"end":{"line":65,"column":null}},"14":{"start":{"line":66,"column":8},"end":{"line":66,"column":null}},"15":{"start":{"line":70,"column":8},"end":{"line":70,"column":null}},"16":{"start":{"line":74,"column":8},"end":{"line":74,"column":null}},"17":{"start":{"line":78,"column":8},"end":{"line":78,"column":null}},"18":{"start":{"line":82,"column":8},"end":{"line":82,"column":null}}},"fnMap":{"0":{"name":"(anonymous_0)","decl":{"start":{"line":5,"column":11},"end":{"line":5,"column":23}},"loc":{"start":{"line":5,"column":45},"end":{"line":8,"column":null}},"line":5},"1":{"name":"(anonymous_1)","decl":{"start":{"line":15,"column":11},"end":{"line":15,"column":23}},"loc":{"start":{"line":15,"column":47},"end":{"line":18,"column":null}},"line":15},"2":{"name":"(anonymous_2)","decl":{"start":{"line":25,"column":11},"end":{"line":25,"column":23}},"loc":{"start":{"line":25,"column":54},"end":{"line":28,"column":null}},"line":25},"3":{"name":"(anonymous_3)","decl":{"start":{"line":37,"column":11},"end":{"line":37,"column":23}},"loc":{"start":{"line":37,"column":97},"end":{"line":42,"column":null}},"line":37},"4":{"name":"(anonymous_4)","decl":{"start":{"line":44,"column":18},"end":{"line":44,"column":24}},"loc":{"start":{"line":44,"column":52},"end":{"line":46,"column":null}},"line":44},"5":{"name":"(anonymous_5)","decl":{"start":{"line":48,"column":18},"end":{"line":48,"column":24}},"loc":{"start":{"line":48,"column":52},"end":{"line":50,"column":null}},"line":48},"6":{"name":"(anonymous_6)","decl":{"start":{"line":52,"column":11},"end":{"line":52,"column":21}},"loc":{"start":{"line":52,"column":39},"end":{"line":57,"column":null}},"line":52},"7":{"name":"(anonymous_7)","decl":{"start":{"line":64,"column":11},"end":{"line":64,"column":23}},"loc":{"start":{"line":64,"column":50},"end":{"line":67,"column":null}},"line":64},"8":{"name":"(anonymous_8)","decl":{"start":{"line":69,"column":15},"end":{"line":69,"column":27}},"loc":{"start":{"line":69,"column":27},"end":{"line":71,"column":null}},"line":69},"9":{"name":"(anonymous_9)","decl":{"start":{"line":73,"column":15},"end":{"line":73,"column":27}},"loc":{"start":{"line":73,"column":27},"end":{"line":75,"column":null}},"line":73},"10":{"name":"(anonymous_10)","decl":{"start":{"line":77,"column":15},"end":{"line":77,"column":31}},"loc":{"start":{"line":77,"column":31},"end":{"line":79,"column":null}},"line":77},"11":{"name":"(anonymous_11)","decl":{"start":{"line":81,"column":15},"end":{"line":81,"column":32}},"loc":{"start":{"line":81,"column":32},"end":{"line":83,"column":null}},"line":81}},"branchMap":{},"s":{"0":0,"1":0,"2":0,"3":0,"4":0,"5":0,"6":0,"7":0,"8":0,"9":0,"10":0,"11":0,"12":0,"13":0,"14":0,"15":0,"16":0,"17":0,"18":0},"f":{"0":0,"1":0,"2":0,"3":0,"4":0,"5":0,"6":0,"7":0,"8":0,"9":0,"10":0,"11":0},"b":{},"meta":{"lastBranch":0,"lastFunction":12,"lastStatement":19,"seen":{"f:5:11:5:23":0,"s:6:8:6:Infinity":0,"s:7:8:7:Infinity":1,"f:15:11:15:23":1,"s:16:8:16:Infinity":2,"s:17:8:17:Infinity":3,"f:25:11:25:23":2,"s:26:8:26:Infinity":4,"s:27:8:27:Infinity":5,"f:37:11:37:23":3,"s:38:8:38:Infinity":6,"s:39:8:39:Infinity":7,"s:40:8:40:Infinity":8,"s:41:8:41:Infinity":9,"f:44:18:44:24":4,"s:45:8:45:Infinity":10,"f:48:18:48:24":5,"s:49:8:49:Infinity":11,"f:52:11:52:21":6,"s:53:8:56:Infinity":12,"f:64:11:64:23":7,"s:65:8:65:Infinity":13,"s:66:8:66:Infinity":14,"f:69:15:69:27":8,"s:70:8:70:Infinity":15,"f:73:15:73:27":9,"s:74:8:74:Infinity":16,"f:77:15:77:31":10,"s:78:8:78:Infinity":17,"f:81:15:81:32":11,"s:82:8:82:Infinity":18}}}
,"/home/tihonove/workspace/vexx/src/Common/TypingUtils.ts": {"path":"/home/tihonove/workspace/vexx/src/Common/TypingUtils.ts","statementMap":{"0":{"start":{"line":2,"column":4},"end":{"line":2,"column":null}}},"fnMap":{"0":{"name":"reject","decl":{"start":{"line":1,"column":16},"end":{"line":1,"column":32}},"loc":{"start":{"line":1,"column":32},"end":{"line":3,"column":null}},"line":1}},"branchMap":{},"s":{"0":0},"f":{"0":0},"b":{},"meta":{"lastBranch":0,"lastFunction":1,"lastStatement":1,"seen":{"f:1:16:1:32":0,"s:2:4:2:Infinity":0}}}
,"/home/tihonove/workspace/vexx/src/Controllers/AppController.ts": {"path":"/home/tihonove/workspace/vexx/src/Controllers/AppController.ts","statementMap":{"0":{"start":{"line":46,"column":28},"end":{"line":57,"column":null}},"1":{"start":{"line":18,"column":8},"end":{"line":18,"column":null}},"2":{"start":{"line":19,"column":8},"end":{"line":19,"column":null}},"3":{"start":{"line":21,"column":8},"end":{"line":21,"column":null}},"4":{"start":{"line":23,"column":8},"end":{"line":23,"column":null}},"5":{"start":{"line":24,"column":8},"end":{"line":24,"column":null}},"6":{"start":{"line":26,"column":8},"end":{"line":26,"column":null}},"7":{"start":{"line":30,"column":8},"end":{"line":30,"column":null}},"8":{"start":{"line":31,"column":8},"end":{"line":31,"column":null}},"9":{"start":{"line":35,"column":8},"end":{"line":35,"column":null}},"10":{"start":{"line":39,"column":8},"end":{"line":39,"column":null}},"11":{"start":{"line":43,"column":8},"end":{"line":43,"column":null}},"12":{"start":{"line":47,"column":8},"end":{"line":51,"column":null}},"13":{"start":{"line":48,"column":12},"end":{"line":48,"column":null}},"14":{"start":{"line":49,"column":12},"end":{"line":49,"column":null}},"15":{"start":{"line":50,"column":12},"end":{"line":50,"column":null}},"16":{"start":{"line":52,"column":8},"end":{"line":56,"column":null}},"17":{"start":{"line":53,"column":12},"end":{"line":53,"column":null}},"18":{"start":{"line":54,"column":12},"end":{"line":54,"column":null}},"19":{"start":{"line":55,"column":12},"end":{"line":55,"column":null}},"20":{"start":{"line":60,"column":41},"end":{"line":82,"column":null}},"21":{"start":{"line":69,"column":28},"end":{"line":69,"column":null}},"22":{"start":{"line":77,"column":28},"end":{"line":77,"column":null}},"23":{"start":{"line":84,"column":24},"end":{"line":84,"column":null}},"24":{"start":{"line":85,"column":8},"end":{"line":85,"column":null}},"25":{"start":{"line":89,"column":8},"end":{"line":89,"column":null}},"26":{"start":{"line":93,"column":8},"end":{"line":93,"column":null}},"27":{"start":{"line":94,"column":8},"end":{"line":94,"column":null}}},"fnMap":{"0":{"name":"(anonymous_0)","decl":{"start":{"line":17,"column":11},"end":{"line":17,"column":23}},"loc":{"start":{"line":17,"column":44},"end":{"line":27,"column":null}},"line":17},"1":{"name":"(anonymous_1)","decl":{"start":{"line":29,"column":11},"end":{"line":29,"column":25}},"loc":{"start":{"line":29,"column":25},"end":{"line":32,"column":null}},"line":29},"2":{"name":"(anonymous_2)","decl":{"start":{"line":34,"column":17},"end":{"line":34,"column":43}},"loc":{"start":{"line":34,"column":43},"end":{"line":36,"column":null}},"line":34},"3":{"name":"(anonymous_3)","decl":{"start":{"line":38,"column":11},"end":{"line":38,"column":20}},"loc":{"start":{"line":38,"column":44},"end":{"line":40,"column":null}},"line":38},"4":{"name":"(anonymous_4)","decl":{"start":{"line":42,"column":11},"end":{"line":42,"column":31}},"loc":{"start":{"line":42,"column":31},"end":{"line":44,"column":null}},"line":42},"5":{"name":"(anonymous_5)","decl":{"start":{"line":46,"column":28},"end":{"line":46,"column":29}},"loc":{"start":{"line":46,"column":63},"end":{"line":57,"column":null}},"line":46},"6":{"name":"(anonymous_6)","decl":{"start":{"line":59,"column":12},"end":{"line":59,"column":30}},"loc":{"start":{"line":59,"column":30},"end":{"line":86,"column":null}},"line":59},"7":{"name":"(anonymous_7)","decl":{"start":{"line":68,"column":34},"end":{"line":68,"column":40}},"loc":{"start":{"line":68,"column":40},"end":{"line":70,"column":null}},"line":68},"8":{"name":"(anonymous_8)","decl":{"start":{"line":76,"column":34},"end":{"line":76,"column":40}},"loc":{"start":{"line":76,"column":40},"end":{"line":78,"column":null}},"line":76},"9":{"name":"(anonymous_9)","decl":{"start":{"line":88,"column":12},"end":{"line":88,"column":25}},"loc":{"start":{"line":88,"column":25},"end":{"line":90,"column":null}},"line":88},"10":{"name":"(anonymous_10)","decl":{"start":{"line":92,"column":12},"end":{"line":92,"column":25}},"loc":{"start":{"line":92,"column":25},"end":{"line":95,"column":null}},"line":92}},"branchMap":{"0":{"loc":{"start":{"line":47,"column":8},"end":{"line":51,"column":null}},"type":"if","locations":[{"start":{"line":47,"column":8},"end":{"line":51,"column":null}},{"start":{},"end":{}}],"line":47},"1":{"loc":{"start":{"line":47,"column":12},"end":{"line":47,"column":48}},"type":"binary-expr","locations":[{"start":{"line":47,"column":12},"end":{"line":47,"column":29}},{"start":{"line":47,"column":29},"end":{"line":47,"column":48}}],"line":47},"2":{"loc":{"start":{"line":52,"column":8},"end":{"line":56,"column":null}},"type":"if","locations":[{"start":{"line":52,"column":8},"end":{"line":56,"column":null}},{"start":{},"end":{}}],"line":52},"3":{"loc":{"start":{"line":52,"column":12},"end":{"line":52,"column":48}},"type":"binary-expr","locations":[{"start":{"line":52,"column":12},"end":{"line":52,"column":29}},{"start":{"line":52,"column":29},"end":{"line":52,"column":48}}],"line":52}},"s":{"0":0,"1":0,"2":0,"3":0,"4":0,"5":0,"6":0,"7":0,"8":0,"9":0,"10":0,"11":0,"12":0,"13":0,"14":0,"15":0,"16":0,"17":0,"18":0,"19":0,"20":0,"21":0,"22":0,"23":0,"24":0,"25":0,"26":0,"27":0},"f":{"0":0,"1":0,"2":0,"3":0,"4":0,"5":0,"6":0,"7":0,"8":0,"9":0,"10":0},"b":{"0":[0,0],"1":[0,0],"2":[0,0],"3":[0,0]},"meta":{"lastBranch":4,"lastFunction":11,"lastStatement":28,"seen":{"s:46:28:57:Infinity":0,"f:17:11:17:23":0,"s:18:8:18:Infinity":1,"s:19:8:19:Infinity":2,"s:21:8:21:Infinity":3,"s:23:8:23:Infinity":4,"s:24:8:24:Infinity":5,"s:26:8:26:Infinity":6,"f:29:11:29:25":1,"s:30:8:30:Infinity":7,"s:31:8:31:Infinity":8,"f:34:17:34:43":2,"s:35:8:35:Infinity":9,"f:38:11:38:20":3,"s:39:8:39:Infinity":10,"f:42:11:42:31":4,"s:43:8:43:Infinity":11,"f:46:28:46:29":5,"b:47:8:51:Infinity:undefined:undefined:undefined:undefined":0,"s:47:8:51:Infinity":12,"b:47:12:47:29:47:29:47:48":1,"s:48:12:48:Infinity":13,"s:49:12:49:Infinity":14,"s:50:12:50:Infinity":15,"b:52:8:56:Infinity:undefined:undefined:undefined:undefined":2,"s:52:8:56:Infinity":16,"b:52:12:52:29:52:29:52:48":3,"s:53:12:53:Infinity":17,"s:54:12:54:Infinity":18,"s:55:12:55:Infinity":19,"f:59:12:59:30":6,"s:60:41:82:Infinity":20,"f:68:34:68:40":7,"s:69:28:69:Infinity":21,"f:76:34:76:40":8,"s:77:28:77:Infinity":22,"s:84:24:84:Infinity":23,"s:85:8:85:Infinity":24,"f:88:12:88:25":9,"s:89:8:89:Infinity":25,"f:92:12:92:25":10,"s:93:8:93:Infinity":26,"s:94:8:94:Infinity":27}}}
,"/home/tihonove/workspace/vexx/src/Controllers/EditorController.ts": {"path":"/home/tihonove/workspace/vexx/src/Controllers/EditorController.ts","statementMap":{"0":{"start":{"line":17,"column":38},"end":{"line":17,"column":null}},"1":{"start":{"line":20,"column":8},"end":{"line":20,"column":null}},"2":{"start":{"line":22,"column":8},"end":{"line":22,"column":null}},"3":{"start":{"line":23,"column":8},"end":{"line":23,"column":null}},"4":{"start":{"line":24,"column":8},"end":{"line":24,"column":null}},"5":{"start":{"line":25,"column":8},"end":{"line":25,"column":null}},"6":{"start":{"line":26,"column":8},"end":{"line":26,"column":null}},"7":{"start":{"line":30,"column":8},"end":{"line":30,"column":null}},"8":{"start":{"line":31,"column":24},"end":{"line":31,"column":null}},"9":{"start":{"line":32,"column":8},"end":{"line":32,"column":null}},"10":{"start":{"line":33,"column":8},"end":{"line":33,"column":null}},"11":{"start":{"line":34,"column":8},"end":{"line":34,"column":null}},"12":{"start":{"line":35,"column":8},"end":{"line":35,"column":null}},"13":{"start":{"line":36,"column":8},"end":{"line":36,"column":null}},"14":{"start":{"line":40,"column":8},"end":{"line":40,"column":null}},"15":{"start":{"line":40,"column":36},"end":{"line":40,"column":null}},"16":{"start":{"line":41,"column":8},"end":{"line":41,"column":null}},"17":{"start":{"line":45,"column":8},"end":{"line":45,"column":null}},"18":{"start":{"line":57,"column":8},"end":{"line":57,"column":null}}},"fnMap":{"0":{"name":"(anonymous_0)","decl":{"start":{"line":19,"column":11},"end":{"line":19,"column":25}},"loc":{"start":{"line":19,"column":25},"end":{"line":27,"column":null}},"line":19},"1":{"name":"(anonymous_1)","decl":{"start":{"line":29,"column":11},"end":{"line":29,"column":20}},"loc":{"start":{"line":29,"column":44},"end":{"line":37,"column":null}},"line":29},"2":{"name":"(anonymous_2)","decl":{"start":{"line":39,"column":11},"end":{"line":39,"column":24}},"loc":{"start":{"line":39,"column":24},"end":{"line":42,"column":null}},"line":39},"3":{"name":"(anonymous_3)","decl":{"start":{"line":44,"column":11},"end":{"line":44,"column":29}},"loc":{"start":{"line":44,"column":29},"end":{"line":46,"column":null}},"line":44},"4":{"name":"(anonymous_4)","decl":{"start":{"line":48,"column":11},"end":{"line":48,"column":25}},"loc":{"start":{"line":48,"column":25},"end":{"line":50,"column":null}},"line":48},"5":{"name":"(anonymous_5)","decl":{"start":{"line":52,"column":17},"end":{"line":52,"column":43}},"loc":{"start":{"line":52,"column":43},"end":{"line":54,"column":null}},"line":52},"6":{"name":"(anonymous_6)","decl":{"start":{"line":56,"column":11},"end":{"line":56,"column":31}},"loc":{"start":{"line":56,"column":31},"end":{"line":58,"column":null}},"line":56}},"branchMap":{"0":{"loc":{"start":{"line":31,"column":24},"end":{"line":31,"column":null}},"type":"cond-expr","locations":[{"start":{"line":31,"column":50},"end":{"line":31,"column":87}},{"start":{"line":31,"column":87},"end":{"line":31,"column":null}}],"line":31},"1":{"loc":{"start":{"line":40,"column":8},"end":{"line":40,"column":null}},"type":"if","locations":[{"start":{"line":40,"column":8},"end":{"line":40,"column":null}},{"start":{},"end":{}}],"line":40}},"s":{"0":0,"1":0,"2":0,"3":0,"4":0,"5":0,"6":0,"7":0,"8":0,"9":0,"10":0,"11":0,"12":0,"13":0,"14":0,"15":0,"16":0,"17":0,"18":0},"f":{"0":0,"1":0,"2":0,"3":0,"4":0,"5":0,"6":0},"b":{"0":[0,0],"1":[0,0]},"meta":{"lastBranch":2,"lastFunction":7,"lastStatement":19,"seen":{"s:17:38:17:Infinity":0,"f:19:11:19:25":0,"s:20:8:20:Infinity":1,"s:22:8:22:Infinity":2,"s:23:8:23:Infinity":3,"s:24:8:24:Infinity":4,"s:25:8:25:Infinity":5,"s:26:8:26:Infinity":6,"f:29:11:29:20":1,"s:30:8:30:Infinity":7,"s:31:24:31:Infinity":8,"b:31:50:31:87:31:87:31:Infinity":0,"s:32:8:32:Infinity":9,"s:33:8:33:Infinity":10,"s:34:8:34:Infinity":11,"s:35:8:35:Infinity":12,"s:36:8:36:Infinity":13,"f:39:11:39:24":2,"b:40:8:40:Infinity:undefined:undefined:undefined:undefined":1,"s:40:8:40:Infinity":14,"s:40:36:40:Infinity":15,"s:41:8:41:Infinity":16,"f:44:11:44:29":3,"s:45:8:45:Infinity":17,"f:48:11:48:25":4,"f:52:17:52:43":5,"f:56:11:56:31":6,"s:57:8:57:Infinity":18}}}
,"/home/tihonove/workspace/vexx/src/Controllers/IController.ts": {"path":"/home/tihonove/workspace/vexx/src/Controllers/IController.ts","statementMap":{},"fnMap":{},"branchMap":{},"s":{},"f":{},"b":{},"meta":{"lastBranch":0,"lastFunction":0,"lastStatement":0,"seen":{}}}
,"/home/tihonove/workspace/vexx/src/Editor/EditorElement.ts": {"path":"/home/tihonove/workspace/vexx/src/Editor/EditorElement.ts","statementMap":{"0":{"start":{"line":12,"column":6},"end":{"line":12,"column":null}},"1":{"start":{"line":24,"column":8},"end":{"line":24,"column":null}},"2":{"start":{"line":28,"column":8},"end":{"line":28,"column":null}},"3":{"start":{"line":32,"column":8},"end":{"line":32,"column":null}},"4":{"start":{"line":33,"column":8},"end":{"line":33,"column":null}},"5":{"start":{"line":34,"column":8},"end":{"line":34,"column":null}},"6":{"start":{"line":36,"column":8},"end":{"line":38,"column":null}},"7":{"start":{"line":37,"column":12},"end":{"line":37,"column":null}},"8":{"start":{"line":42,"column":35},"end":{"line":42,"column":null}},"9":{"start":{"line":43,"column":35},"end":{"line":43,"column":null}},"10":{"start":{"line":44,"column":8},"end":{"line":44,"column":null}},"11":{"start":{"line":45,"column":8},"end":{"line":45,"column":null}},"12":{"start":{"line":46,"column":26},"end":{"line":46,"column":null}},"13":{"start":{"line":47,"column":27},"end":{"line":47,"column":null}},"14":{"start":{"line":48,"column":29},"end":{"line":48,"column":null}},"15":{"start":{"line":49,"column":28},"end":{"line":49,"column":null}},"16":{"start":{"line":50,"column":30},"end":{"line":50,"column":null}},"17":{"start":{"line":53,"column":8},"end":{"line":70,"column":null}},"18":{"start":{"line":53,"column":27},"end":{"line":53,"column":30}},"19":{"start":{"line":54,"column":29},"end":{"line":54,"column":null}},"20":{"start":{"line":55,"column":12},"end":{"line":62,"column":null}},"21":{"start":{"line":57,"column":16},"end":{"line":57,"column":null}},"22":{"start":{"line":58,"column":16},"end":{"line":60,"column":null}},"23":{"start":{"line":58,"column":29},"end":{"line":58,"column":32}},"24":{"start":{"line":59,"column":20},"end":{"line":59,"column":null}},"25":{"start":{"line":61,"column":16},"end":{"line":61,"column":null}},"26":{"start":{"line":64,"column":32},"end":{"line":64,"column":null}},"27":{"start":{"line":65,"column":12},"end":{"line":69,"column":null}},"28":{"start":{"line":65,"column":31},"end":{"line":65,"column":34}},"29":{"start":{"line":66,"column":32},"end":{"line":66,"column":null}},"30":{"start":{"line":67,"column":29},"end":{"line":67,"column":null}},"31":{"start":{"line":68,"column":16},"end":{"line":68,"column":null}},"32":{"start":{"line":73,"column":8},"end":{"line":96,"column":null}},"33":{"start":{"line":74,"column":12},"end":{"line":74,"column":null}},"34":{"start":{"line":74,"column":43},"end":{"line":74,"column":null}},"35":{"start":{"line":75,"column":18},"end":{"line":75,"column":null}},"36":{"start":{"line":77,"column":12},"end":{"line":95,"column":null}},"37":{"start":{"line":77,"column":31},"end":{"line":77,"column":34}},"38":{"start":{"line":78,"column":33},"end":{"line":78,"column":null}},"39":{"start":{"line":79,"column":16},"end":{"line":79,"column":null}},"40":{"start":{"line":79,"column":47},"end":{"line":79,"column":null}},"41":{"start":{"line":81,"column":32},"end":{"line":81,"column":null}},"42":{"start":{"line":82,"column":16},"end":{"line":82,"column":null}},"43":{"start":{"line":82,"column":76},"end":{"line":82,"column":null}},"44":{"start":{"line":84,"column":36},"end":{"line":84,"column":null}},"45":{"start":{"line":85,"column":37},"end":{"line":85,"column":null}},"46":{"start":{"line":87,"column":35},"end":{"line":87,"column":null}},"47":{"start":{"line":89,"column":37},"end":{"line":89,"column":null}},"48":{"start":{"line":90,"column":35},"end":{"line":90,"column":null}},"49":{"start":{"line":92,"column":16},"end":{"line":94,"column":null}},"50":{"start":{"line":92,"column":35},"end":{"line":92,"column":49}},"51":{"start":{"line":93,"column":20},"end":{"line":93,"column":null}},"52":{"start":{"line":99,"column":24},"end":{"line":99,"column":null}},"53":{"start":{"line":100,"column":33},"end":{"line":100,"column":null}},"54":{"start":{"line":101,"column":30},"end":{"line":101,"column":null}},"55":{"start":{"line":102,"column":30},"end":{"line":102,"column":null}},"56":{"start":{"line":104,"column":8},"end":{"line":106,"column":null}},"57":{"start":{"line":105,"column":12},"end":{"line":105,"column":null}},"58":{"start":{"line":110,"column":8},"end":{"line":113,"column":null}},"59":{"start":{"line":111,"column":12},"end":{"line":111,"column":null}},"60":{"start":{"line":112,"column":12},"end":{"line":112,"column":null}},"61":{"start":{"line":115,"column":8},"end":{"line":118,"column":null}},"62":{"start":{"line":116,"column":12},"end":{"line":116,"column":null}},"63":{"start":{"line":117,"column":12},"end":{"line":117,"column":null}},"64":{"start":{"line":120,"column":8},"end":{"line":123,"column":null}},"65":{"start":{"line":121,"column":12},"end":{"line":121,"column":null}},"66":{"start":{"line":122,"column":12},"end":{"line":122,"column":null}},"67":{"start":{"line":125,"column":8},"end":{"line":128,"column":null}},"68":{"start":{"line":126,"column":12},"end":{"line":126,"column":null}},"69":{"start":{"line":127,"column":12},"end":{"line":127,"column":null}},"70":{"start":{"line":130,"column":8},"end":{"line":133,"column":null}},"71":{"start":{"line":131,"column":12},"end":{"line":131,"column":null}},"72":{"start":{"line":132,"column":12},"end":{"line":132,"column":null}},"73":{"start":{"line":135,"column":8},"end":{"line":142,"column":null}},"74":{"start":{"line":136,"column":12},"end":{"line":140,"column":null}},"75":{"start":{"line":137,"column":16},"end":{"line":137,"column":null}},"76":{"start":{"line":139,"column":16},"end":{"line":139,"column":null}},"77":{"start":{"line":141,"column":12},"end":{"line":141,"column":null}},"78":{"start":{"line":144,"column":8},"end":{"line":151,"column":null}},"79":{"start":{"line":145,"column":12},"end":{"line":149,"column":null}},"80":{"start":{"line":146,"column":16},"end":{"line":146,"column":null}},"81":{"start":{"line":148,"column":16},"end":{"line":148,"column":null}},"82":{"start":{"line":150,"column":12},"end":{"line":150,"column":null}},"83":{"start":{"line":153,"column":8},"end":{"line":156,"column":null}},"84":{"start":{"line":154,"column":12},"end":{"line":154,"column":null}},"85":{"start":{"line":155,"column":12},"end":{"line":155,"column":null}},"86":{"start":{"line":158,"column":8},"end":{"line":161,"column":null}},"87":{"start":{"line":159,"column":12},"end":{"line":159,"column":null}},"88":{"start":{"line":160,"column":12},"end":{"line":160,"column":null}},"89":{"start":{"line":163,"column":8},"end":{"line":166,"column":null}},"90":{"start":{"line":164,"column":12},"end":{"line":164,"column":null}},"91":{"start":{"line":165,"column":12},"end":{"line":165,"column":null}},"92":{"start":{"line":168,"column":8},"end":{"line":171,"column":null}},"93":{"start":{"line":169,"column":12},"end":{"line":169,"column":null}},"94":{"start":{"line":170,"column":12},"end":{"line":170,"column":null}},"95":{"start":{"line":174,"column":8},"end":{"line":177,"column":null}},"96":{"start":{"line":175,"column":12},"end":{"line":175,"column":null}},"97":{"start":{"line":176,"column":12},"end":{"line":176,"column":null}},"98":{"start":{"line":181,"column":8},"end":{"line":183,"column":null}},"99":{"start":{"line":182,"column":12},"end":{"line":182,"column":null}}},"fnMap":{"0":{"name":"(anonymous_0)","decl":{"start":{"line":23,"column":15},"end":{"line":23,"column":39}},"loc":{"start":{"line":23,"column":39},"end":{"line":25,"column":null}},"line":23},"1":{"name":"(anonymous_1)","decl":{"start":{"line":27,"column":15},"end":{"line":27,"column":35}},"loc":{"start":{"line":27,"column":35},"end":{"line":29,"column":null}},"line":27},"2":{"name":"(anonymous_2)","decl":{"start":{"line":31,"column":11},"end":{"line":31,"column":23}},"loc":{"start":{"line":31,"column":51},"end":{"line":39,"column":null}},"line":31},"3":{"name":"(anonymous_3)","decl":{"start":{"line":36,"column":42},"end":{"line":36,"column":43}},"loc":{"start":{"line":36,"column":53},"end":{"line":38,"column":9}},"line":36},"4":{"name":"(anonymous_4)","decl":{"start":{"line":41,"column":11},"end":{"line":41,"column":18}},"loc":{"start":{"line":41,"column":48},"end":{"line":107,"column":null}},"line":41},"5":{"name":"(anonymous_5)","decl":{"start":{"line":109,"column":12},"end":{"line":109,"column":27}},"loc":{"start":{"line":109,"column":58},"end":{"line":178,"column":null}},"line":109},"6":{"name":"(anonymous_6)","decl":{"start":{"line":180,"column":12},"end":{"line":180,"column":21}},"loc":{"start":{"line":180,"column":62},"end":{"line":184,"column":null}},"line":180}},"branchMap":{"0":{"loc":{"start":{"line":55,"column":12},"end":{"line":62,"column":null}},"type":"if","locations":[{"start":{"line":55,"column":12},"end":{"line":62,"column":null}},{"start":{},"end":{}}],"line":55},"1":{"loc":{"start":{"line":67,"column":29},"end":{"line":67,"column":null}},"type":"cond-expr","locations":[{"start":{"line":67,"column":60},"end":{"line":67,"column":83}},{"start":{"line":67,"column":83},"end":{"line":67,"column":null}}],"line":67},"2":{"loc":{"start":{"line":74,"column":12},"end":{"line":74,"column":null}},"type":"if","locations":[{"start":{"line":74,"column":12},"end":{"line":74,"column":null}},{"start":{},"end":{}}],"line":74},"3":{"loc":{"start":{"line":79,"column":16},"end":{"line":79,"column":null}},"type":"if","locations":[{"start":{"line":79,"column":16},"end":{"line":79,"column":null}},{"start":{},"end":{}}],"line":79},"4":{"loc":{"start":{"line":82,"column":16},"end":{"line":82,"column":null}},"type":"if","locations":[{"start":{"line":82,"column":16},"end":{"line":82,"column":null}},{"start":{},"end":{}}],"line":82},"5":{"loc":{"start":{"line":82,"column":20},"end":{"line":82,"column":76}},"type":"binary-expr","locations":[{"start":{"line":82,"column":20},"end":{"line":82,"column":50}},{"start":{"line":82,"column":50},"end":{"line":82,"column":76}}],"line":82},"6":{"loc":{"start":{"line":85,"column":37},"end":{"line":85,"column":null}},"type":"cond-expr","locations":[{"start":{"line":85,"column":68},"end":{"line":85,"column":92}},{"start":{"line":85,"column":92},"end":{"line":85,"column":null}}],"line":85},"7":{"loc":{"start":{"line":87,"column":35},"end":{"line":87,"column":null}},"type":"cond-expr","locations":[{"start":{"line":87,"column":64},"end":{"line":87,"column":86}},{"start":{"line":87,"column":86},"end":{"line":87,"column":null}}],"line":87},"8":{"loc":{"start":{"line":104,"column":8},"end":{"line":106,"column":null}},"type":"if","locations":[{"start":{"line":104,"column":8},"end":{"line":106,"column":null}},{"start":{},"end":{}}],"line":104},"9":{"loc":{"start":{"line":104,"column":12},"end":{"line":104,"column":117}},"type":"binary-expr","locations":[{"start":{"line":104,"column":12},"end":{"line":104,"column":34}},{"start":{"line":104,"column":34},"end":{"line":104,"column":65}},{"start":{"line":104,"column":65},"end":{"line":104,"column":87}},{"start":{"line":104,"column":87},"end":{"line":104,"column":117}}],"line":104},"10":{"loc":{"start":{"line":110,"column":8},"end":{"line":113,"column":null}},"type":"if","locations":[{"start":{"line":110,"column":8},"end":{"line":113,"column":null}},{"start":{},"end":{}}],"line":110},"11":{"loc":{"start":{"line":110,"column":12},"end":{"line":110,"column":101}},"type":"binary-expr","locations":[{"start":{"line":110,"column":12},"end":{"line":110,"column":33}},{"start":{"line":110,"column":33},"end":{"line":110,"column":50}},{"start":{"line":110,"column":50},"end":{"line":110,"column":68}},{"start":{"line":110,"column":68},"end":{"line":110,"column":85}},{"start":{"line":110,"column":85},"end":{"line":110,"column":101}}],"line":110},"12":{"loc":{"start":{"line":115,"column":8},"end":{"line":118,"column":null}},"type":"if","locations":[{"start":{"line":115,"column":8},"end":{"line":118,"column":null}},{"start":{},"end":{}}],"line":115},"13":{"loc":{"start":{"line":115,"column":12},"end":{"line":115,"column":102}},"type":"binary-expr","locations":[{"start":{"line":115,"column":12},"end":{"line":115,"column":33}},{"start":{"line":115,"column":33},"end":{"line":115,"column":50}},{"start":{"line":115,"column":50},"end":{"line":115,"column":69}},{"start":{"line":115,"column":69},"end":{"line":115,"column":86}},{"start":{"line":115,"column":86},"end":{"line":115,"column":102}}],"line":115},"14":{"loc":{"start":{"line":120,"column":8},"end":{"line":123,"column":null}},"type":"if","locations":[{"start":{"line":120,"column":8},"end":{"line":123,"column":null}},{"start":{},"end":{}}],"line":120},"15":{"loc":{"start":{"line":125,"column":8},"end":{"line":128,"column":null}},"type":"if","locations":[{"start":{"line":125,"column":8},"end":{"line":128,"column":null}},{"start":{},"end":{}}],"line":125},"16":{"loc":{"start":{"line":130,"column":8},"end":{"line":133,"column":null}},"type":"if","locations":[{"start":{"line":130,"column":8},"end":{"line":133,"column":null}},{"start":{},"end":{}}],"line":130},"17":{"loc":{"start":{"line":135,"column":8},"end":{"line":142,"column":null}},"type":"if","locations":[{"start":{"line":135,"column":8},"end":{"line":142,"column":null}},{"start":{},"end":{}}],"line":135},"18":{"loc":{"start":{"line":136,"column":12},"end":{"line":140,"column":null}},"type":"if","locations":[{"start":{"line":136,"column":12},"end":{"line":140,"column":null}},{"start":{"line":138,"column":19},"end":{"line":140,"column":null}}],"line":136},"19":{"loc":{"start":{"line":144,"column":8},"end":{"line":151,"column":null}},"type":"if","locations":[{"start":{"line":144,"column":8},"end":{"line":151,"column":null}},{"start":{},"end":{}}],"line":144},"20":{"loc":{"start":{"line":145,"column":12},"end":{"line":149,"column":null}},"type":"if","locations":[{"start":{"line":145,"column":12},"end":{"line":149,"column":null}},{"start":{"line":147,"column":19},"end":{"line":149,"column":null}}],"line":145},"21":{"loc":{"start":{"line":153,"column":8},"end":{"line":156,"column":null}},"type":"if","locations":[{"start":{"line":153,"column":8},"end":{"line":156,"column":null}},{"start":{},"end":{}}],"line":153},"22":{"loc":{"start":{"line":158,"column":8},"end":{"line":161,"column":null}},"type":"if","locations":[{"start":{"line":158,"column":8},"end":{"line":161,"column":null}},{"start":{},"end":{}}],"line":158},"23":{"loc":{"start":{"line":163,"column":8},"end":{"line":166,"column":null}},"type":"if","locations":[{"start":{"line":163,"column":8},"end":{"line":166,"column":null}},{"start":{},"end":{}}],"line":163},"24":{"loc":{"start":{"line":168,"column":8},"end":{"line":171,"column":null}},"type":"if","locations":[{"start":{"line":168,"column":8},"end":{"line":171,"column":null}},{"start":{},"end":{}}],"line":168},"25":{"loc":{"start":{"line":174,"column":8},"end":{"line":177,"column":null}},"type":"if","locations":[{"start":{"line":174,"column":8},"end":{"line":177,"column":null}},{"start":{},"end":{}}],"line":174},"26":{"loc":{"start":{"line":174,"column":12},"end":{"line":174,"column":89}},"type":"binary-expr","locations":[{"start":{"line":174,"column":12},"end":{"line":174,"column":38}},{"start":{"line":174,"column":38},"end":{"line":174,"column":56}},{"start":{"line":174,"column":56},"end":{"line":174,"column":73}},{"start":{"line":174,"column":73},"end":{"line":174,"column":89}}],"line":174},"27":{"loc":{"start":{"line":181,"column":8},"end":{"line":183,"column":null}},"type":"if","locations":[{"start":{"line":181,"column":8},"end":{"line":183,"column":null}},{"start":{},"end":{}}],"line":181}},"s":{"0":0,"1":0,"2":0,"3":0,"4":0,"5":0,"6":0,"7":0,"8":0,"9":0,"10":0,"11":0,"12":0,"13":0,"14":0,"15":0,"16":0,"17":0,"18":0,"19":0,"20":0,"21":0,"22":0,"23":0,"24":0,"25":0,"26":0,"27":0,"28":0,"29":0,"30":0,"31":0,"32":0,"33":0,"34":0,"35":0,"36":0,"37":0,"38":0,"39":0,"40":0,"41":0,"42":0,"43":0,"44":0,"45":0,"46":0,"47":0,"48":0,"49":0,"50":0,"51":0,"52":0,"53":0,"54":0,"55":0,"56":0,"57":0,"58":0,"59":0,"60":0,"61":0,"62":0,"63":0,"64":0,"65":0,"66":0,"67":0,"68":0,"69":0,"70":0,"71":0,"72":0,"73":0,"74":0,"75":0,"76":0,"77":0,"78":0,"79":0,"80":0,"81":0,"82":0,"83":0,"84":0,"85":0,"86":0,"87":0,"88":0,"89":0,"90":0,"91":0,"92":0,"93":0,"94":0,"95":0,"96":0,"97":0,"98":0,"99":0},"f":{"0":0,"1":0,"2":0,"3":0,"4":0,"5":0,"6":0},"b":{"0":[0,0],"1":[0,0],"2":[0,0],"3":[0,0],"4":[0,0],"5":[0,0],"6":[0,0],"7":[0,0],"8":[0,0],"9":[0,0,0,0],"10":[0,0],"11":[0,0,0,0,0],"12":[0,0],"13":[0,0,0,0,0],"14":[0,0],"15":[0,0],"16":[0,0],"17":[0,0],"18":[0,0],"19":[0,0],"20":[0,0],"21":[0,0],"22":[0,0],"23":[0,0],"24":[0,0],"25":[0,0],"26":[0,0,0,0],"27":[0,0]},"meta":{"lastBranch":28,"lastFunction":7,"lastStatement":100,"seen":{"s:12:6:12:Infinity":0,"f:23:15:23:39":0,"s:24:8:24:Infinity":1,"f:27:15:27:35":1,"s:28:8:28:Infinity":2,"f:31:11:31:23":2,"s:32:8:32:Infinity":3,"s:33:8:33:Infinity":4,"s:34:8:34:Infinity":5,"s:36:8:38:Infinity":6,"f:36:42:36:43":3,"s:37:12:37:Infinity":7,"f:41:11:41:18":4,"s:42:35:42:Infinity":8,"s:43:35:43:Infinity":9,"s:44:8:44:Infinity":10,"s:45:8:45:Infinity":11,"s:46:26:46:Infinity":12,"s:47:27:47:Infinity":13,"s:48:29:48:Infinity":14,"s:49:28:49:Infinity":15,"s:50:30:50:Infinity":16,"s:53:8:70:Infinity":17,"s:53:27:53:30":18,"s:54:29:54:Infinity":19,"b:55:12:62:Infinity:undefined:undefined:undefined:undefined":0,"s:55:12:62:Infinity":20,"s:57:16:57:Infinity":21,"s:58:16:60:Infinity":22,"s:58:29:58:32":23,"s:59:20:59:Infinity":24,"s:61:16:61:Infinity":25,"s:64:32:64:Infinity":26,"s:65:12:69:Infinity":27,"s:65:31:65:34":28,"s:66:32:66:Infinity":29,"s:67:29:67:Infinity":30,"b:67:60:67:83:67:83:67:Infinity":1,"s:68:16:68:Infinity":31,"s:73:8:96:Infinity":32,"b:74:12:74:Infinity:undefined:undefined:undefined:undefined":2,"s:74:12:74:Infinity":33,"s:74:43:74:Infinity":34,"s:75:18:75:Infinity":35,"s:77:12:95:Infinity":36,"s:77:31:77:34":37,"s:78:33:78:Infinity":38,"b:79:16:79:Infinity:undefined:undefined:undefined:undefined":3,"s:79:16:79:Infinity":39,"s:79:47:79:Infinity":40,"s:81:32:81:Infinity":41,"b:82:16:82:Infinity:undefined:undefined:undefined:undefined":4,"s:82:16:82:Infinity":42,"b:82:20:82:50:82:50:82:76":5,"s:82:76:82:Infinity":43,"s:84:36:84:Infinity":44,"s:85:37:85:Infinity":45,"b:85:68:85:92:85:92:85:Infinity":6,"s:87:35:87:Infinity":46,"b:87:64:87:86:87:86:87:Infinity":7,"s:89:37:89:Infinity":47,"s:90:35:90:Infinity":48,"s:92:16:94:Infinity":49,"s:92:35:92:49":50,"s:93:20:93:Infinity":51,"s:99:24:99:Infinity":52,"s:100:33:100:Infinity":53,"s:101:30:101:Infinity":54,"s:102:30:102:Infinity":55,"b:104:8:106:Infinity:undefined:undefined:undefined:undefined":8,"s:104:8:106:Infinity":56,"b:104:12:104:34:104:34:104:65:104:65:104:87:104:87:104:117":9,"s:105:12:105:Infinity":57,"f:109:12:109:27":5,"b:110:8:113:Infinity:undefined:undefined:undefined:undefined":10,"s:110:8:113:Infinity":58,"b:110:12:110:33:110:33:110:50:110:50:110:68:110:68:110:85:110:85:110:101":11,"s:111:12:111:Infinity":59,"s:112:12:112:Infinity":60,"b:115:8:118:Infinity:undefined:undefined:undefined:undefined":12,"s:115:8:118:Infinity":61,"b:115:12:115:33:115:33:115:50:115:50:115:69:115:69:115:86:115:86:115:102":13,"s:116:12:116:Infinity":62,"s:117:12:117:Infinity":63,"b:120:8:123:Infinity:undefined:undefined:undefined:undefined":14,"s:120:8:123:Infinity":64,"s:121:12:121:Infinity":65,"s:122:12:122:Infinity":66,"b:125:8:128:Infinity:undefined:undefined:undefined:undefined":15,"s:125:8:128:Infinity":67,"s:126:12:126:Infinity":68,"s:127:12:127:Infinity":69,"b:130:8:133:Infinity:undefined:undefined:undefined:undefined":16,"s:130:8:133:Infinity":70,"s:131:12:131:Infinity":71,"s:132:12:132:Infinity":72,"b:135:8:142:Infinity:undefined:undefined:undefined:undefined":17,"s:135:8:142:Infinity":73,"b:136:12:140:Infinity:138:19:140:Infinity":18,"s:136:12:140:Infinity":74,"s:137:16:137:Infinity":75,"s:139:16:139:Infinity":76,"s:141:12:141:Infinity":77,"b:144:8:151:Infinity:undefined:undefined:undefined:undefined":19,"s:144:8:151:Infinity":78,"b:145:12:149:Infinity:147:19:149:Infinity":20,"s:145:12:149:Infinity":79,"s:146:16:146:Infinity":80,"s:148:16:148:Infinity":81,"s:150:12:150:Infinity":82,"b:153:8:156:Infinity:undefined:undefined:undefined:undefined":21,"s:153:8:156:Infinity":83,"s:154:12:154:Infinity":84,"s:155:12:155:Infinity":85,"b:158:8:161:Infinity:undefined:undefined:undefined:undefined":22,"s:158:8:161:Infinity":86,"s:159:12:159:Infinity":87,"s:160:12:160:Infinity":88,"b:163:8:166:Infinity:undefined:undefined:undefined:undefined":23,"s:163:8:166:Infinity":89,"s:164:12:164:Infinity":90,"s:165:12:165:Infinity":91,"b:168:8:171:Infinity:undefined:undefined:undefined:undefined":24,"s:168:8:171:Infinity":92,"s:169:12:169:Infinity":93,"s:170:12:170:Infinity":94,"b:174:8:177:Infinity:undefined:undefined:undefined:undefined":25,"s:174:8:177:Infinity":95,"b:174:12:174:38:174:38:174:56:174:56:174:73:174:73:174:89":26,"s:175:12:175:Infinity":96,"s:176:12:176:Infinity":97,"f:180:12:180:21":6,"b:181:8:183:Infinity:undefined:undefined:undefined:undefined":27,"s:181:8:183:Infinity":98,"s:182:12:182:Infinity":99}}}
[...]
:{"line":60,"column":8},"end":{"line":64,"column":null}}],"line":58},"6":{"loc":{"start":{"line":60,"column":8},"end":{"line":64,"column":null}},"type":"if","locations":[{"start":{"line":60,"column":8},"end":{"line":64,"column":null}},{"start":{"line":62,"column":15},"end":{"line":64,"column":null}}],"line":60},"7":{"loc":{"start":{"line":86,"column":19},"end":{"line":86,"column":null}},"type":"cond-expr","locations":[{"start":{"line":86,"column":34},"end":{"line":86,"column":48}},{"start":{"line":86,"column":48},"end":{"line":86,"column":null}}],"line":86}},"s":{"0":0,"1":0,"2":0,"3":0,"4":0,"5":0,"6":0,"7":0,"8":0,"9":0,"10":0,"11":0,"12":0,"13":0,"14":0,"15":0,"16":0,"17":0,"18":0,"19":0,"20":0,"21":0,"22":0,"23":0,"24":0,"25":0,"26":0,"27":0,"28":0,"29":0,"30":0,"31":0,"32":0,"33":0,"34":0},"f":{"0":0,"1":0,"2":0},"b":{"0":[0,0],"1":[0,0],"2":[0,0],"3":[0,0],"4":[0,0],"5":[0,0],"6":[0,0],"7":[0,0]},"meta":{"lastBranch":8,"lastFunction":3,"lastStatement":35,"seen":{"s:5:6:5:Infinity":0,"s:6:6:6:Infinity":1,"f:15:16:15:Infinity":0,"s:21:24:21:Infinity":2,"b:23:4:25:Infinity:undefined:undefined:undefined:undefined":0,"s:23:4:25:Infinity":3,"s:24:8:24:Infinity":4,"s:27:28:27:Infinity":5,"s:28:22:28:Infinity":6,"s:29:27:29:Infinity":7,"s:30:29:30:Infinity":8,"s:32:4:32:Infinity":9,"f:44:16:44:38":1,"s:45:50:45:Infinity":10,"s:46:27:46:Infinity":11,"s:47:29:47:Infinity":12,"s:49:4:65:Infinity":13,"s:49:19:49:22":14,"s:50:24:50:Infinity":15,"s:51:27:51:Infinity":16,"s:53:27:53:Infinity":17,"b:53:27:53:58:53:58:53:Infinity":1,"s:54:30:54:Infinity":18,"b:54:30:54:64:54:64:54:Infinity":2,"b:56:8:64:Infinity:58:8:64:Infinity":3,"s:56:8:64:Infinity":19,"b:56:12:56:26:56:26:56:41":4,"s:57:12:57:Infinity":20,"b:58:8:64:Infinity:60:8:64:Infinity":5,"s:58:8:64:Infinity":21,"s:59:12:59:Infinity":22,"b:60:8:64:Infinity:62:15:64:Infinity":6,"s:60:8:64:Infinity":23,"s:61:12:61:Infinity":24,"s:63:12:63:Infinity":25,"s:67:4:67:Infinity":26,"f:70:16:70:Infinity":2,"s:78:20:78:Infinity":27,"s:79:18:79:Infinity":28,"s:80:31:80:Infinity":29,"s:82:4:88:Infinity":30,"s:82:19:82:22":31,"s:83:21:83:Infinity":32,"s:86:19:86:Infinity":33,"b:86:34:86:48:86:48:86:Infinity":7,"s:87:8:87:Infinity":34}}}
,"/home/tihonove/workspace/vexx/src/TUIDom/Widgets/ScrollContainerElement.ts": {"path":"/home/tihonove/workspace/vexx/src/TUIDom/Widgets/ScrollContainerElement.ts","statementMap":{"0":{"start":{"line":11,"column":8},"end":{"line":11,"column":null}},"1":{"start":{"line":12,"column":8},"end":{"line":12,"column":null}},"2":{"start":{"line":13,"column":8},"end":{"line":13,"column":null}},"3":{"start":{"line":17,"column":8},"end":{"line":17,"column":null}},"4":{"start":{"line":21,"column":8},"end":{"line":21,"column":null}},"5":{"start":{"line":22,"column":8},"end":{"line":22,"column":null}},"6":{"start":{"line":23,"column":8},"end":{"line":23,"column":null}},"7":{"start":{"line":27,"column":8},"end":{"line":27,"column":null}},"8":{"start":{"line":32,"column":30},"end":{"line":32,"column":null}},"9":{"start":{"line":35,"column":8},"end":{"line":35,"column":null}},"10":{"start":{"line":37,"column":8},"end":{"line":40,"column":null}},"11":{"start":{"line":43,"column":8},"end":{"line":43,"column":null}},"12":{"start":{"line":45,"column":8},"end":{"line":45,"column":null}},"13":{"start":{"line":50,"column":28},"end":{"line":50,"column":null}},"14":{"start":{"line":51,"column":8},"end":{"line":51,"column":null}},"15":{"start":{"line":53,"column":8},"end":{"line":60,"column":null}}},"fnMap":{"0":{"name":"(anonymous_0)","decl":{"start":{"line":10,"column":11},"end":{"line":10,"column":23}},"loc":{"start":{"line":10,"column":56},"end":{"line":14,"column":null}},"line":10},"1":{"name":"(anonymous_1)","decl":{"start":{"line":16,"column":11},"end":{"line":16,"column":48}},"loc":{"start":{"line":16,"column":48},"end":{"line":18,"column":null}},"line":16},"2":{"name":"(anonymous_2)","decl":{"start":{"line":20,"column":11},"end":{"line":20,"column":20}},"loc":{"start":{"line":20,"column":59},"end":{"line":24,"column":null}},"line":20},"3":{"name":"(anonymous_3)","decl":{"start":{"line":26,"column":20},"end":{"line":26,"column":57}},"loc":{"start":{"line":26,"column":57},"end":{"line":28,"column":null}},"line":26},"4":{"name":"(anonymous_4)","decl":{"start":{"line":30,"column":11},"end":{"line":30,"column":25}},"loc":{"start":{"line":30,"column":60},"end":{"line":46,"column":null}},"line":30},"5":{"name":"(anonymous_5)","decl":{"start":{"line":48,"column":11},"end":{"line":48,"column":18}},"loc":{"start":{"line":48,"column":48},"end":{"line":61,"column":null}},"line":48}},"branchMap":{},"s":{"0":0,"1":0,"2":0,"3":0,"4":0,"5":0,"6":0,"7":0,"8":0,"9":0,"10":0,"11":0,"12":0,"13":0,"14":0,"15":0},"f":{"0":0,"1":0,"2":0,"3":0,"4":0,"5":0},"b":{},"meta":{"lastBranch":0,"lastFunction":6,"lastStatement":16,"seen":{"f:10:11:10:23":0,"s:11:8:11:Infinity":0,"s:12:8:12:Infinity":1,"s:13:8:13:Infinity":2,"f:16:11:16:48":1,"s:17:8:17:Infinity":3,"f:20:11:20:20":2,"s:21:8:21:Infinity":4,"s:22:8:22:Infinity":5,"s:23:8:23:Infinity":6,"f:26:20:26:57":3,"s:27:8:27:Infinity":7,"f:30:11:30:25":4,"s:32:30:32:Infinity":8,"s:35:8:35:Infinity":9,"s:37:8:40:Infinity":10,"s:43:8:43:Infinity":11,"s:45:8:45:Infinity":12,"f:48:11:48:18":5,"s:50:28:50:Infinity":13,"s:51:8:51:Infinity":14,"s:53:8:60:Infinity":15}}}
,"/home/tihonove/workspace/vexx/src/TUIDom/Widgets/TextBlockElement.ts": {"path":"/home/tihonove/workspace/vexx/src/TUIDom/Widgets/TextBlockElement.ts","statementMap":{"0":{"start":{"line":8,"column":23},"end":{"line":8,"column":null}},"1":{"start":{"line":12,"column":8},"end":{"line":12,"column":null}},"2":{"start":{"line":13,"column":8},"end":{"line":13,"column":null}},"3":{"start":{"line":14,"column":8},"end":{"line":14,"column":null}},"4":{"start":{"line":15,"column":8},"end":{"line":17,"column":null}},"5":{"start":{"line":15,"column":21},"end":{"line":15,"column":24}},"6":{"start":{"line":16,"column":12},"end":{"line":16,"column":null}},"7":{"start":{"line":19,"column":8},"end":{"line":25,"column":null}},"8":{"start":{"line":20,"column":12},"end":{"line":24,"column":null}},"9":{"start":{"line":21,"column":16},"end":{"line":21,"column":null}},"10":{"start":{"line":22,"column":12},"end":{"line":24,"column":null}},"11":{"start":{"line":23,"column":16},"end":{"line":23,"column":null}},"12":{"start":{"line":29,"column":26},"end":{"line":29,"column":null}},"13":{"start":{"line":30,"column":8},"end":{"line":30,"column":null}},"14":{"start":{"line":34,"column":8},"end":{"line":34,"column":null}},"15":{"start":{"line":38,"column":35},"end":{"line":38,"column":null}},"16":{"start":{"line":39,"column":29},"end":{"line":39,"column":null}},"17":{"start":{"line":40,"column":28},"end":{"line":40,"column":null}},"18":{"start":{"line":42,"column":8},"end":{"line":50,"column":null}},"19":{"start":{"line":42,"column":27},"end":{"line":42,"column":30}},"20":{"start":{"line":43,"column":30},"end":{"line":43,"column":null}},"21":{"start":{"line":44,"column":32},"end":{"line":44,"column":null}},"22":{"start":{"line":46,"column":12},"end":{"line":49,"column":null}},"23":{"start":{"line":46,"column":31},"end":{"line":46,"column":34}},"24":{"start":{"line":47,"column":29},"end":{"line":47,"column":null}},"25":{"start":{"line":48,"column":16},"end":{"line":48,"column":null}}},"fnMap":{"0":{"name":"(anonymous_0)","decl":{"start":{"line":11,"column":11},"end":{"line":11,"column":23}},"loc":{"start":{"line":11,"column":42},"end":{"line":26,"column":null}},"line":11},"1":{"name":"(anonymous_1)","decl":{"start":{"line":19,"column":42},"end":{"line":19,"column":43}},"loc":{"start":{"line":19,"column":53},"end":{"line":25,"column":9}},"line":19},"2":{"name":"(anonymous_2)","decl":{"start":{"line":28,"column":11},"end":{"line":28,"column":30}},"loc":{"start":{"line":28,"column":30},"end":{"line":31,"column":null}},"line":28},"3":{"name":"(anonymous_3)","decl":{"start":{"line":33,"column":11},"end":{"line":33,"column":28}},"loc":{"start":{"line":33,"column":28},"end":{"line":35,"column":null}},"line":33},"4":{"name":"(anonymous_4)","decl":{"start":{"line":37,"column":11},"end":{"line":37,"column":18}},"loc":{"start":{"line":37,"column":48},"end":{"line":51,"column":null}},"line":37}},"branchMap":{"0":{"loc":{"start":{"line":20,"column":12},"end":{"line":24,"column":null}},"type":"if","locations":[{"start":{"line":20,"column":12},"end":{"line":24,"column":null}},{"start":{"line":22,"column":12},"end":{"line":24,"column":null}}],"line":20},"1":{"loc":{"start":{"line":22,"column":12},"end":{"line":24,"column":null}},"type":"if","locations":[{"start":{"line":22,"column":12},"end":{"line":24,"column":null}},{"start":{},"end":{}}],"line":22},"2":{"loc":{"start":{"line":44,"column":32},"end":{"line":44,"column":null}},"type":"cond-expr","locations":[{"start":{"line":44,"column":64},"end":{"line":44,"column":88}},{"start":{"line":44,"column":88},"end":{"line":44,"column":null}}],"line":44},"3":{"loc":{"start":{"line":47,"column":29},"end":{"line":47,"column":null}},"type":"cond-expr","locations":[{"start":{"line":47,"column":60},"end":{"line":47,"column":83}},{"start":{"line":47,"column":83},"end":{"line":47,"column":null}}],"line":47}},"s":{"0":0,"1":0,"2":0,"3":0,"4":0,"5":0,"6":0,"7":0,"8":0,"9":0,"10":0,"11":0,"12":0,"13":0,"14":0,"15":0,"16":0,"17":0,"18":0,"19":0,"20":0,"21":0,"22":0,"23":0,"24":0,"25":0},"f":{"0":0,"1":0,"2":0,"3":0,"4":0},"b":{"0":[0,0],"1":[0,0],"2":[0,0],"3":[0,0]},"meta":{"lastBranch":4,"lastFunction":5,"lastStatement":26,"seen":{"s:8:23:8:Infinity":0,"f:11:11:11:23":0,"s:12:8:12:Infinity":1,"s:13:8:13:Infinity":2,"s:14:8:14:Infinity":3,"s:15:8:17:Infinity":4,"s:15:21:15:24":5,"s:16:12:16:Infinity":6,"s:19:8:25:Infinity":7,"f:19:42:19:43":1,"b:20:12:24:Infinity:22:12:24:Infinity":0,"s:20:12:24:Infinity":8,"s:21:16:21:Infinity":9,"b:22:12:24:Infinity:undefined:undefined:undefined:undefined":1,"s:22:12:24:Infinity":10,"s:23:16:23:Infinity":11,"f:28:11:28:30":2,"s:29:26:29:Infinity":12,"s:30:8:30:Infinity":13,"f:33:11:33:28":3,"s:34:8:34:Infinity":14,"f:37:11:37:18":4,"s:38:35:38:Infinity":15,"s:39:29:39:Infinity":16,"s:40:28:40:Infinity":17,"s:42:8:50:Infinity":18,"s:42:27:42:30":19,"s:43:30:43:Infinity":20,"s:44:32:44:Infinity":21,"b:44:64:44:88:44:88:44:Infinity":2,"s:46:12:49:Infinity":22,"s:46:31:46:34":23,"s:47:29:47:Infinity":24,"b:47:60:47:83:47:83:47:Infinity":3,"s:48:16:48:Infinity":25}}}
,"/home/tihonove/workspace/vexx/src/TUIDom/Widgets/VStackElement.ts": {"path":"/home/tihonove/workspace/vexx/src/TUIDom/Widgets/VStackElement.ts","statementMap":{"0":{"start":{"line":14,"column":37},"end":{"line":14,"column":null}},"1":{"start":{"line":17,"column":8},"end":{"line":17,"column":null}},"2":{"start":{"line":18,"column":8},"end":{"line":18,"column":null}},"3":{"start":{"line":19,"column":8},"end":{"line":19,"column":null}},"4":{"start":{"line":23,"column":8},"end":{"line":23,"column":null}},"5":{"start":{"line":28,"column":30},"end":{"line":28,"column":null}},"6":{"start":{"line":29,"column":31},"end":{"line":29,"column":null}},"7":{"start":{"line":30,"column":23},"end":{"line":30,"column":null}},"8":{"start":{"line":32,"column":8},"end":{"line":55,"column":null}},"9":{"start":{"line":33,"column":26},"end":{"line":33,"column":null}},"10":{"start":{"line":34,"column":31},"end":{"line":34,"column":null}},"11":{"start":{"line":35,"column":32},"end":{"line":35,"column":null}},"12":{"start":{"line":36,"column":30},"end":{"line":36,"column":null}},"13":{"start":{"line":39,"column":12},"end":{"line":39,"column":null}},"14":{"start":{"line":41,"column":12},"end":{"line":44,"column":null}},"15":{"start":{"line":47,"column":12},"end":{"line":49,"column":null}},"16":{"start":{"line":52,"column":12},"end":{"line":52,"column":null}},"17":{"start":{"line":54,"column":12},"end":{"line":54,"column":null}},"18":{"start":{"line":57,"column":8},"end":{"line":57,"column":null}},"19":{"start":{"line":61,"column":8},"end":{"line":65,"column":null}},"20":{"start":{"line":63,"column":32},"end":{"line":63,"column":null}},"21":{"start":{"line":64,"column":12},"end":{"line":64,"column":null}}},"fnMap":{"0":{"name":"(anonymous_0)","decl":{"start":{"line":16,"column":11},"end":{"line":16,"column":20}},"loc":{"start":{"line":16,"column":71},"end":{"line":20,"column":null}},"line":16},"1":{"name":"(anonymous_1)","decl":{"start":{"line":22,"column":11},"end":{"line":22,"column":48}},"loc":{"start":{"line":22,"column":48},"end":{"line":24,"column":null}},"line":22},"2":{"name":"(anonymous_2)","decl":{"start":{"line":26,"column":11},"end":{"line":26,"column":25}},"loc":{"start":{"line":26,"column":60},"end":{"line":58,"column":null}},"line":26},"3":{"name":"(anonymous_3)","decl":{"start":{"line":60,"column":11},"end":{"line":60,"column":18}},"loc":{"start":{"line":60,"column":48},"end":{"line":66,"column":null}},"line":60}},"branchMap":{"0":{"loc":{"start":{"line":34,"column":31},"end":{"line":34,"column":null}},"type":"cond-expr","locations":[{"start":{"line":34,"column":56},"end":{"line":34,"column":73}},{"start":{"line":34,"column":73},"end":{"line":34,"column":null}}],"line":34}},"s":{"0":0,"1":0,"2":0,"3":0,"4":0,"5":0,"6":0,"7":0,"8":0,"9":0,"10":0,"11":0,"12":0,"13":0,"14":0,"15":0,"16":0,"17":0,"18":0,"19":0,"20":0,"21":0},"f":{"0":0,"1":0,"2":0,"3":0},"b":{"0":[0,0]},"meta":{"lastBranch":1,"lastFunction":4,"lastStatement":22,"seen":{"s:14:37:14:Infinity":0,"f:16:11:16:20":0,"s:17:8:17:Infinity":1,"s:18:8:18:Infinity":2,"s:19:8:19:Infinity":3,"f:22:11:22:48":1,"s:23:8:23:Infinity":4,"f:26:11:26:25":2,"s:28:30:28:Infinity":5,"s:29:31:29:Infinity":6,"s:30:23:30:Infinity":7,"s:32:8:55:Infinity":8,"s:33:26:33:Infinity":9,"s:34:31:34:Infinity":10,"b:34:56:34:73:34:73:34:Infinity":0,"s:35:32:35:Infinity":11,"s:36:30:36:Infinity":12,"s:39:12:39:Infinity":13,"s:41:12:44:Infinity":14,"s:47:12:49:Infinity":15,"s:52:12:52:Infinity":16,"s:54:12:54:Infinity":17,"s:57:8:57:Infinity":18,"f:60:11:60:18":3,"s:61:8:65:Infinity":19,"s:63:32:63:Infinity":20,"s:64:12:64:Infinity":21}}}
,"/home/tihonove/workspace/vexx/src/TestUtils/expectScreen.ts": {"path":"/home/tihonove/workspace/vexx/src/TestUtils/expectScreen.ts","statementMap":{"0":{"start":{"line":19,"column":14},"end":{"line":19,"column":null}},"1":{"start":{"line":20,"column":4},"end":{"line":22,"column":null}},"2":{"start":{"line":20,"column":17},"end":{"line":20,"column":20}},"3":{"start":{"line":21,"column":8},"end":{"line":21,"column":null}},"4":{"start":{"line":25,"column":16},"end":{"line":25,"column":null}},"5":{"start":{"line":26,"column":4},"end":{"line":28,"column":null}},"6":{"start":{"line":27,"column":8},"end":{"line":27,"column":null}},"7":{"start":{"line":29,"column":4},"end":{"line":31,"column":null}},"8":{"start":{"line":30,"column":8},"end":{"line":30,"column":null}},"9":{"start":{"line":34,"column":26},"end":{"line":34,"column":null}},"10":{"start":{"line":34,"column":46},"end":{"line":34,"column":65}},"11":{"start":{"line":36,"column":8},"end":{"line":36,"column":null}},"12":{"start":{"line":36,"column":72},"end":{"line":36,"column":105}},"13":{"start":{"line":39,"column":4},"end":{"line":39,"column":null}},"14":{"start":{"line":39,"column":29},"end":{"line":39,"column":57}},"15":{"start":{"line":41,"column":4},"end":{"line":41,"column":null}},"16":{"start":{"line":50,"column":18},"end":{"line":50,"column":null}},"17":{"start":{"line":50,"column":45},"end":{"line":50,"column":56}},"18":{"start":{"line":52,"column":4},"end":{"line":54,"column":null}},"19":{"start":{"line":53,"column":8},"end":{"line":53,"column":null}},"20":{"start":{"line":55,"column":4},"end":{"line":55,"column":null}},"21":{"start":{"line":69,"column":19},"end":{"line":69,"column":null}},"22":{"start":{"line":70,"column":4},"end":{"line":70,"column":null}}},"fnMap":{"0":{"name":"screen","decl":{"start":{"line":17,"column":16},"end":{"line":17,"column":23}},"loc":{"start":{"line":17,"column":84},"end":{"line":42,"column":null}},"line":17},"1":{"name":"(anonymous_1)","decl":{"start":{"line":34,"column":39},"end":{"line":34,"column":40}},"loc":{"start":{"line":34,"column":46},"end":{"line":34,"column":65}},"line":34},"2":{"name":"(anonymous_2)","decl":{"start":{"line":36,"column":65},"end":{"line":36,"column":66}},"loc":{"start":{"line":36,"column":72},"end":{"line":36,"column":105}},"line":36},"3":{"name":"(anonymous_3)","decl":{"start":{"line":39,"column":22},"end":{"line":39,"column":23}},"loc":{"start":{"line":39,"column":29},"end":{"line":39,"column":57}},"line":39},"4":{"name":"normalizeScreen","decl":{"start":{"line":49,"column":9},"end":{"line":49,"column":25}},"loc":{"start":{"line":49,"column":46},"end":{"line":56,"column":null}},"line":49},"5":{"name":"(anonymous_5)","decl":{"start":{"line":50,"column":38},"end":{"line":50,"column":39}},"loc":{"start":{"line":50,"column":45},"end":{"line":50,"column":56}},"line":50},"6":{"name":"expectScreen","decl":{"start":{"line":68,"column":16},"end":{"line":68,"column":29}},"loc":{"start":{"line":68,"column":83},"end":{"line":71,"column":null}},"line":68}},"branchMap":{"0":{"loc":{"start":{"line":26,"column":4},"end":{"line":28,"column":null}},"type":"if","locations":[{"start":{"line":26,"column":4},"end":{"line":28,"column":null}},{"start":{},"end":{}}],"line":26},"1":{"loc":{"start":{"line":26,"column":8},"end":{"line":26,"column":52}},"type":"binary-expr","locations":[{"start":{"line":26,"column":8},"end":{"line":26,"column":28}},{"start":{"line":26,"column":28},"end":{"line":26,"column":52}}],"line":26},"2":{"loc":{"start":{"line":29,"column":4},"end":{"line":31,"column":null}},"type":"if","locations":[{"start":{"line":29,"column":4},"end":{"line":31,"column":null}},{"start":{},"end":{}}],"line":29},"3":{"loc":{"start":{"line":29,"column":8},"end":{"line":29,"column":67}},"type":"binary-expr","locations":[{"start":{"line":29,"column":8},"end":{"line":29,"column":28}},{"start":{"line":29,"column":28},"end":{"line":29,"column":67}}],"line":29},"4":{"loc":{"start":{"line":36,"column":8},"end":{"line":36,"column":null}},"type":"cond-expr","locations":[{"start":{"line":36,"column":35},"end":{"line":36,"column":110}},{"start":{"line":36,"column":110},"end":{"line":36,"column":null}}],"line":36},"5":{"loc":{"start":{"line":36,"column":72},"end":{"line":36,"column":105}},"type":"binary-expr","locations":[{"start":{"line":36,"column":72},"end":{"line":36,"column":104}},{"start":{"line":36,"column":104},"end":{"line":36,"column":105}}],"line":36},"6":{"loc":{"start":{"line":52,"column":11},"end":{"line":52,"column":63}},"type":"binary-expr","locations":[{"start":{"line":52,"column":11},"end":{"line":52,"column":31}},{"start":{"line":52,"column":31},"end":{"line":52,"column":63}}],"line":52}},"s":{"0":0,"1":0,"2":0,"3":0,"4":0,"5":0,"6":0,"7":0,"8":0,"9":0,"10":0,"11":0,"12":0,"13":0,"14":0,"15":0,"16":0,"17":0,"18":0,"19":0,"20":0,"21":0,"22":0},"f":{"0":0,"1":0,"2":0,"3":0,"4":0,"5":0,"6":0},"b":{"0":[0,0],"1":[0,0],"2":[0,0],"3":[0,0],"4":[0,0],"5":[0,0],"6":[0,0]},"meta":{"lastBranch":7,"lastFunction":7,"lastStatement":23,"seen":{"f:17:16:17:23":0,"s:19:14:19:Infinity":0,"s:20:4:22:Infinity":1,"s:20:17:20:20":2,"s:21:8:21:Infinity":3,"s:25:16:25:Infinity":4,"b:26:4:28:Infinity:undefined:undefined:undefined:undefined":0,"s:26:4:28:Infinity":5,"b:26:8:26:28:26:28:26:52":1,"s:27:8:27:Infinity":6,"b:29:4:31:Infinity:undefined:undefined:undefined:undefined":2,"s:29:4:31:Infinity":7,"b:29:8:29:28:29:28:29:67":3,"s:30:8:30:Infinity":8,"s:34:26:34:Infinity":9,"f:34:39:34:40":1,"s:34:46:34:65":10,"s:36:8:36:Infinity":11,"b:36:35:36:110:36:110:36:Infinity":4,"f:36:65:36:66":2,"s:36:72:36:105":12,"b:36:72:36:104:36:104:36:105":5,"s:39:4:39:Infinity":13,"f:39:22:39:23":3,"s:39:29:39:57":14,"s:41:4:41:Infinity":15,"f:49:9:49:25":4,"s:50:18:50:Infinity":16,"f:50:38:50:39":5,"s:50:45:50:56":17,"s:52:4:54:Infinity":18,"b:52:11:52:31:52:31:52:63":6,"s:53:8:53:Infinity":19,"s:55:4:55:Infinity":20,"f:68:16:68:29":6,"s:69:19:69:Infinity":21,"s:70:4:70:Infinity":22}}}
}
